#
# There is insufficient memory for the Java Runtime Environment to continue.
# Native memory allocation (mmap) failed to map 29884416 bytes for committing reserved memory.
# Possible reasons:
#   The system is out of physical RAM or swap space
#   In 32 bit mode, the process size limit was hit
# Possible solutions:
#   Reduce memory load on the system
#   Increase physical memory or swap space
#   Check if swap backing store is full
#   Use 64 bit Java on a 64 bit OS
#   Decrease Java heap size (-Xmx/-Xms)
#   Decrease number of Java threads
#   Decrease Java thread stack sizes (-Xss)
#   Set larger code cache with -XX:ReservedCodeCacheSize=
# This output file may be truncated or incomplete.
#
#  Out of Memory Error (os_linux.cpp:2643), pid=11171, tid=0x00007f76216a0700
#
# JRE version: OpenJDK Runtime Environment (8.0_131-b11) (build 1.8.0_131-8u131-b11-0ubuntu1.17.04.1-b11)
# Java VM: OpenJDK 64-Bit Server VM (25.131-b11 mixed mode linux-amd64 compressed oops)
# Failed to write core dump. Core dumps have been disabled. To enable core dumping, try "ulimit -c unlimited" before starting Java again
#

---------------  T H R E A D  ---------------

Current thread (0x00007f7638073000):  VMThread [stack: 0x00007f76215a0000,0x00007f76216a1000] [id=11185]

Stack: [0x00007f76215a0000,0x00007f76216a1000],  sp=0x00007f762169f470,  free space=1021k
Native frames: (J=compiled Java code, j=interpreted, Vv=VM code, C=native code)
V  [libjvm.so+0xa6cba0]  VMError::report_and_die()+0x160
V  [libjvm.so+0x4c5d0c]  report_vm_out_of_memory(char const*, int, unsigned long, VMErrorType, char const*)+0xac
V  [libjvm.so+0x8bba10]  os::pd_commit_memory(char*, unsigned long, unsigned long, bool)+0xf0
V  [libjvm.so+0x8b609e]  os::commit_memory(char*, unsigned long, unsigned long, bool)+0x2e
V  [libjvm.so+0x930bce]  PSVirtualSpace::expand_by(unsigned long)+0x4e
V  [libjvm.so+0x9201da]  PSOldGen::expand_by(unsigned long) [clone .part.28]+0x2a
V  [libjvm.so+0x9203bb]  PSOldGen::expand(unsigned long) [clone .part.29]+0xbb
V  [libjvm.so+0x920d65]  PSOldGen::resize(unsigned long)+0xf5
V  [libjvm.so+0x926f4e]  PSParallelCompact::invoke_no_policy(bool) [clone .part.119]+0xa5e
V  [libjvm.so+0x9272de]  PSParallelCompact::invoke(bool)+0x7e
V  [libjvm.so+0x447b53]  CollectedHeap::collect_as_vm_thread(GCCause::Cause)+0x163
V  [libjvm.so+0xa6e079]  VM_CollectForMetadataAllocation::doit()+0x169
V  [libjvm.so+0xa73987]  VM_Operation::evaluate()+0x47
V  [libjvm.so+0xa71117]  VMThread::evaluate_operation(VM_Operation*) [clone .constprop.30]+0xe7
V  [libjvm.so+0xa72596]  VMThread::loop()+0x246
V  [libjvm.so+0xa72a91]  VMThread::run()+0x81
V  [libjvm.so+0x8b8fa2]  java_start(Thread*)+0xf2

VM_Operation (0x00007f763f9b7f20): CollectForMetadataAllocation, mode: safepoint, requested by thread 0x00007f763800a000


---------------  P R O C E S S  ---------------

Java Threads: ( => current thread )
  0x00007f763958b000 JavaThread "File lock request listener" [_thread_in_native, id=11238, stack(0x00007f75fa331000,0x00007f75fa432000)]
  0x00007f76394f0000 JavaThread "process reaper" daemon [_thread_blocked, id=11237, stack(0x00007f75fa432000,0x00007f75fa46b000)]
  0x00007f7638e6f000 JavaThread "pool-1-thread-1" [_thread_blocked, id=11221, stack(0x00007f75fa86c000,0x00007f75fa96d000)]
  0x00007f76380bb800 JavaThread "Service Thread" daemon [_thread_blocked, id=11200, stack(0x00007f76204d3000,0x00007f76205d4000)]
  0x00007f76380ad000 JavaThread "C1 CompilerThread1" daemon [_thread_blocked, id=11198, stack(0x00007f76205d4000,0x00007f76206d5000)]
  0x00007f76380aa000 JavaThread "C2 CompilerThread0" daemon [_thread_in_native, id=11197, stack(0x00007f76206d5000,0x00007f76207d6000)]
  0x00007f76380a8000 JavaThread "Signal Dispatcher" daemon [_thread_blocked, id=11196, stack(0x00007f76207d6000,0x00007f76208d7000)]
  0x00007f763807f800 JavaThread "Finalizer" daemon [_thread_blocked, id=11188, stack(0x00007f762139e000,0x00007f762149f000)]
  0x00007f763807a800 JavaThread "Reference Handler" daemon [_thread_blocked, id=11187, stack(0x00007f762149f000,0x00007f76215a0000)]
  0x00007f763800a000 JavaThread "main" [_thread_blocked, id=11182, stack(0x00007f763f8be000,0x00007f763f9bf000)]

Other Threads:
=>0x00007f7638073000 VMThread [stack: 0x00007f76215a0000,0x00007f76216a1000] [id=11185]
  0x00007f76380be000 WatcherThread [stack: 0x00007f76203d2000,0x00007f76204d3000] [id=11201]

VM state:at safepoint (normal execution)

VM Mutex/Monitor currently owned by a thread:  ([mutex/lock_event])
[0x00007f7638005b70] ExpandHeap_lock - owner thread: 0x00007f7638073000
[0x00007f76380061f0] Threads_lock - owner thread: 0x00007f7638073000
[0x00007f76380066f0] Heap_lock - owner thread: 0x00007f763800a000

Heap:
 PSYoungGen      total 107520K, used 0K [0x00000000ec100000, 0x00000000f3d00000, 0x0000000100000000)
  eden space 99840K, 0% used [0x00000000ec100000,0x00000000ec100000,0x00000000f2280000)
  from space 7680K, 0% used [0x00000000f2b00000,0x00000000f2b00000,0x00000000f3280000)
  to   space 10752K, 0% used [0x00000000f3280000,0x00000000f3280000,0x00000000f3d00000)
 ParOldGen       total 45568K, used 21579K [0x00000000c4200000, 0x00000000c6e80000, 0x00000000ec100000)
  object space 45568K, 47% used [0x00000000c4200000,0x00000000c5712d10,0x00000000c6e80000)
 Metaspace       used 34766K, capacity 35292K, committed 35496K, reserved 1079296K
  class space    used 4631K, capacity 4843K, committed 4864K, reserved 1048576K

Card table byte_map: [0x00007f763c14c000,0x00007f763c32c000] byte_map_base: 0x00007f763bb2b000

Marking Bits: (ParMarkBitMap*) 0x00007f763eb8a260
 Begin Bits: [0x00007f7622210000, 0x00007f7623108000)
 End Bits:   [0x00007f7623108000, 0x00007f7624000000)

Polling page: 0x00007f763f9dc000

CodeCache: size=245760Kb used=9748Kb max_used=9748Kb free=236011Kb
 bounds [0x00007f7629000000, 0x00007f7629990000, 0x00007f7638000000]
 total_blobs=3908 nmethods=3246 adapters=577
 compilation: enabled

Compilation events (10 events):
Event: 28.709 Thread 0x00007f76380ad000 3326       2       sun.reflect.annotation.AnnotationParser$1::run (40 bytes)
Event: 28.718 Thread 0x00007f76380ad000 nmethod 3326 0x00007f7629985d10 code [0x00007f7629985ec0, 0x00007f76299863d8]
Event: 28.718 Thread 0x00007f76380ad000 3327       2       sun.reflect.annotation.AnnotationInvocationHandler::<init> (56 bytes)
Event: 28.723 Thread 0x00007f76380ad000 nmethod 3327 0x00007f7629986790 code [0x00007f7629986920, 0x00007f7629986c08]
Event: 28.723 Thread 0x00007f76380ad000 3328       2       java.lang.Class::privateGetDeclaredFields (67 bytes)
Event: 28.727 Thread 0x00007f76380ad000 nmethod 3328 0x00007f7629986dd0 code [0x00007f7629986f80, 0x00007f7629987348]
Event: 28.804 Thread 0x00007f76380ad000 3329       2       java.util.regex.Pattern$SliceNode::study (37 bytes)
Event: 28.805 Thread 0x00007f76380ad000 nmethod 3329 0x00007f76299875d0 code [0x00007f7629987740, 0x00007f76299878e8]
Event: 28.990 Thread 0x00007f76380ad000 3332       2       org.gradle.api.internal.DefaultDomainObjectCollection$IteratorImpl::hasNext (10 bytes)
Event: 29.098 Thread 0x00007f76380ad000 nmethod 3332 0x00007f76299879d0 code [0x00007f7629987b40, 0x00007f7629987cc8]

GC Heap History (10 events):
Event: 8.209 GC heap after
Heap after GC invocations=8 (full 1):
 PSYoungGen      total 69120K, used 0K [0x00000000ec100000, 0x00000000f4900000, 0x0000000100000000)
  eden space 60928K, 0% used [0x00000000ec100000,0x00000000ec100000,0x00000000efc80000)
  from space 8192K, 0% used [0x00000000efc80000,0x00000000efc80000,0x00000000f0480000)
  to   space 8704K, 0% used [0x00000000f4080000,0x00000000f4080000,0x00000000f4900000)
 ParOldGen       total 45568K, used 12519K [0x00000000c4200000, 0x00000000c6e80000, 0x00000000ec100000)
  object space 45568K, 27% used [0x00000000c4200000,0x00000000c4e39eb0,0x00000000c6e80000)
 Metaspace       used 20898K, capacity 21144K, committed 21296K, reserved 1067008K
  class space    used 2803K, capacity 2905K, committed 2944K, reserved 1048576K
}
Event: 11.960 GC heap before
{Heap before GC invocations=9 (full 1):
 PSYoungGen      total 69120K, used 60928K [0x00000000ec100000, 0x00000000f4900000, 0x0000000100000000)
  eden space 60928K, 100% used [0x00000000ec100000,0x00000000efc80000,0x00000000efc80000)
  from space 8192K, 0% used [0x00000000efc80000,0x00000000efc80000,0x00000000f0480000)
  to   space 8704K, 0% used [0x00000000f4080000,0x00000000f4080000,0x00000000f4900000)
 ParOldGen       total 45568K, used 12519K [0x00000000c4200000, 0x00000000c6e80000, 0x00000000ec100000)
  object space 45568K, 27% used [0x00000000c4200000,0x00000000c4e39eb0,0x00000000c6e80000)
 Metaspace       used 26108K, capacity 26554K, committed 26752K, reserved 1073152K
  class space    used 3573K, capacity 3707K, committed 3712K, reserved 1048576K
Event: 12.004 GC heap after
Heap after GC invocations=9 (full 1):
 PSYoungGen      total 75264K, used 5571K [0x00000000ec100000, 0x00000000f4600000, 0x0000000100000000)
  eden space 69632K, 0% used [0x00000000ec100000,0x00000000ec100000,0x00000000f0500000)
  from space 5632K, 98% used [0x00000000f4080000,0x00000000f45f0ef0,0x00000000f4600000)
  to   space 8704K, 0% used [0x00000000f3500000,0x00000000f3500000,0x00000000f3d80000)
 ParOldGen       total 45568K, used 12527K [0x00000000c4200000, 0x00000000c6e80000, 0x00000000ec100000)
  object space 45568K, 27% used [0x00000000c4200000,0x00000000c4e3beb0,0x00000000c6e80000)
 Metaspace       used 26108K, capacity 26554K, committed 26752K, reserved 1073152K
  class space    used 3573K, capacity 3707K, committed 3712K, reserved 1048576K
}
Event: 20.083 GC heap before
{Heap before GC invocations=10 (full 1):
 PSYoungGen      total 75264K, used 75203K [0x00000000ec100000, 0x00000000f4600000, 0x0000000100000000)
  eden space 69632K, 100% used [0x00000000ec100000,0x00000000f0500000,0x00000000f0500000)
  from space 5632K, 98% used [0x00000000f4080000,0x00000000f45f0ef0,0x00000000f4600000)
  to   space 8704K, 0% used [0x00000000f3500000,0x00000000f3500000,0x00000000f3d80000)
 ParOldGen       total 45568K, used 12527K [0x00000000c4200000, 0x00000000c6e80000, 0x00000000ec100000)
  object space 45568K, 27% used [0x00000000c4200000,0x00000000c4e3beb0,0x00000000c6e80000)
 Metaspace       used 30474K, capacity 30974K, committed 31232K, reserved 1077248K
  class space    used 4088K, capacity 4264K, committed 4352K, reserved 1048576K
Event: 20.142 GC heap after
Heap after GC invocations=10 (full 1):
 PSYoungGen      total 82432K, used 7500K [0x00000000ec100000, 0x00000000f4100000, 0x0000000100000000)
  eden space 74752K, 0% used [0x00000000ec100000,0x00000000ec100000,0x00000000f0a00000)
  from space 7680K, 97% used [0x00000000f3500000,0x00000000f3c53218,0x00000000f3c80000)
  to   space 4608K, 0% used [0x00000000f3c80000,0x00000000f3c80000,0x00000000f4100000)
 ParOldGen       total 45568K, used 12527K [0x00000000c4200000, 0x00000000c6e80000, 0x00000000ec100000)
  object space 45568K, 27% used [0x00000000c4200000,0x00000000c4e3beb0,0x00000000c6e80000)
 Metaspace       used 30474K, capacity 30974K, committed 31232K, reserved 1077248K
  class space    used 4088K, capacity 4264K, committed 4352K, reserved 1048576K
}
Event: 27.037 GC heap before
{Heap before GC invocations=11 (full 1):
 PSYoungGen      total 82432K, used 82252K [0x00000000ec100000, 0x00000000f4100000, 0x0000000100000000)
  eden space 74752K, 100% used [0x00000000ec100000,0x00000000f0a00000,0x00000000f0a00000)
  from space 7680K, 97% used [0x00000000f3500000,0x00000000f3c53218,0x00000000f3c80000)
  to   space 4608K, 0% used [0x00000000f3c80000,0x00000000f3c80000,0x00000000f4100000)
 ParOldGen       total 45568K, used 12527K [0x00000000c4200000, 0x00000000c6e80000, 0x00000000ec100000)
  object space 45568K, 27% used [0x00000000c4200000,0x00000000c4e3beb0,0x00000000c6e80000)
 Metaspace       used 34256K, capacity 34798K, committed 35328K, reserved 1079296K
  class space    used 4563K, capacity 4741K, committed 4864K, reserved 1048576K
Event: 27.148 GC heap after
Heap after GC invocations=11 (full 1):
 PSYoungGen      total 84992K, used 4607K [0x00000000ec100000, 0x00000000f4100000, 0x0000000100000000)
  eden space 80384K, 0% used [0x00000000ec100000,0x00000000ec100000,0x00000000f0f80000)
  from space 4608K, 99% used [0x00000000f3c80000,0x00000000f40ffe08,0x00000000f4100000)
  to   space 11264K, 0% used [0x00000000f2b00000,0x00000000f2b00000,0x00000000f3600000)
 ParOldGen       total 45568K, used 19576K [0x00000000c4200000, 0x00000000c6e80000, 0x00000000ec100000)
  object space 45568K, 42% used [0x00000000c4200000,0x00000000c551e350,0x00000000c6e80000)
 Metaspace       used 34256K, capacity 34798K, committed 35328K, reserved 1079296K
  class space    used 4563K, capacity 4741K, committed 4864K, reserved 1048576K
}
Event: 29.268 GC heap before
{Heap before GC invocations=12 (full 1):
 PSYoungGen      total 84992K, used 31945K [0x00000000ec100000, 0x00000000f4100000, 0x0000000100000000)
  eden space 80384K, 34% used [0x00000000ec100000,0x00000000edbb2708,0x00000000f0f80000)
  from space 4608K, 99% used [0x00000000f3c80000,0x00000000f40ffe08,0x00000000f4100000)
  to   space 11264K, 0% used [0x00000000f2b00000,0x00000000f2b00000,0x00000000f3600000)
 ParOldGen       total 45568K, used 19576K [0x00000000c4200000, 0x00000000c6e80000, 0x00000000ec100000)
  object space 45568K, 42% used [0x00000000c4200000,0x00000000c551e350,0x00000000c6e80000)
 Metaspace       used 34766K, capacity 35292K, committed 35496K, reserved 1079296K
  class space    used 4631K, capacity 4843K, committed 4864K, reserved 1048576K
Event: 30.249 GC heap after
Heap after GC invocations=12 (full 1):
 PSYoungGen      total 107520K, used 7450K [0x00000000ec100000, 0x00000000f3d00000, 0x0000000100000000)
  eden space 99840K, 0% used [0x00000000ec100000,0x00000000ec100000,0x00000000f2280000)
  from space 7680K, 97% used [0x00000000f2b00000,0x00000000f3246a88,0x00000000f3280000)
  to   space 10752K, 0% used [0x00000000f3280000,0x00000000f3280000,0x00000000f3d00000)
 ParOldGen       total 45568K, used 19584K [0x00000000c4200000, 0x00000000c6e80000, 0x00000000ec100000)
  object space 45568K, 42% used [0x00000000c4200000,0x00000000c5520350,0x00000000c6e80000)
 Metaspace       used 34766K, capacity 35292K, committed 35496K, reserved 1079296K
  class space    used 4631K, capacity 4843K, committed 4864K, reserved 1048576K
}
Event: 30.254 GC heap before
{Heap before GC invocations=13 (full 2):
 PSYoungGen      total 107520K, used 7450K [0x00000000ec100000, 0x00000000f3d00000, 0x0000000100000000)
  eden space 99840K, 0% used [0x00000000ec100000,0x00000000ec100000,0x00000000f2280000)
  from space 7680K, 97% used [0x00000000f2b00000,0x00000000f3246a88,0x00000000f3280000)
  to   space 10752K, 0% used [0x00000000f3280000,0x00000000f3280000,0x00000000f3d00000)
 ParOldGen       total 45568K, used 19584K [0x00000000c4200000, 0x00000000c6e80000, 0x00000000ec100000)
  object space 45568K, 42% used [0x00000000c4200000,0x00000000c5520350,0x00000000c6e80000)
 Metaspace       used 34766K, capacity 35292K, committed 35496K, reserved 1079296K
  class space    used 4631K, capacity 4843K, committed 4864K, reserved 1048576K

Deoptimization events (10 events):
Event: 22.800 Thread 0x00007f763800a000 Uncommon trap: reason=bimorphic action=maybe_recompile pc=0x00007f76297990a0 method=java.lang.ClassLoader.getPackage(Ljava/lang/String;)Ljava/lang/Package; @ 47
Event: 24.168 Thread 0x00007f763800a000 Uncommon trap: reason=bimorphic action=maybe_recompile pc=0x00007f76297fb7cc method=java.util.regex.Pattern$Start.match(Ljava/util/regex/Matcher;ILjava/lang/CharSequence;)Z @ 44
Event: 24.314 Thread 0x00007f763800a000 Uncommon trap: reason=bimorphic action=maybe_recompile pc=0x00007f76297fb7cc method=java.util.regex.Pattern$Start.match(Ljava/util/regex/Matcher;ILjava/lang/CharSequence;)Z @ 44
Event: 24.314 Thread 0x00007f763800a000 Uncommon trap: reason=bimorphic action=maybe_recompile pc=0x00007f76297fb7cc method=java.util.regex.Pattern$Start.match(Ljava/util/regex/Matcher;ILjava/lang/CharSequence;)Z @ 44
Event: 24.351 Thread 0x00007f763800a000 Uncommon trap: reason=bimorphic action=maybe_recompile pc=0x00007f76297fb7cc method=java.util.regex.Pattern$Start.match(Ljava/util/regex/Matcher;ILjava/lang/CharSequence;)Z @ 44
Event: 25.135 Thread 0x00007f763800a000 Uncommon trap: reason=unstable_if action=reinterpret pc=0x00007f7629381638 method=java.lang.StringCoding.decode(Ljava/lang/String;[BII)[C @ 51
Event: 25.210 Thread 0x00007f763800a000 Uncommon trap: reason=unstable_if action=reinterpret pc=0x00007f7629118464 method=java.lang.CharacterDataLatin1.isWhitespace(I)Z @ 14
Event: 25.873 Thread 0x00007f763800a000 Uncommon trap: reason=class_check action=maybe_recompile pc=0x00007f762915b240 method=sun.security.provider.DigestBase.implCompressMultiBlock([BII)I @ 8
Event: 25.875 Thread 0x00007f763800a000 Uncommon trap: reason=class_check action=maybe_recompile pc=0x00007f762915b240 method=sun.security.provider.DigestBase.implCompressMultiBlock([BII)I @ 8
Event: 25.879 Thread 0x00007f763800a000 Uncommon trap: reason=class_check action=maybe_recompile pc=0x00007f762915b240 method=sun.security.provider.DigestBase.implCompressMultiBlock([BII)I @ 8

Internal exceptions (10 events):
Event: 28.599 Thread 0x00007f763800a000 Exception <a 'java/lang/ClassNotFoundException': org/gradle/api/internal/AbstractTaskCustomizer> (0x00000000ed63f8a0) thrown at [/build/openjdk-8-XBM715/openjdk-8-8u131-b11/src/hotspot/src/share/vm/classfile/systemDictionary.cpp, line 210]
Event: 28.615 Thread 0x00007f763800a000 Exception <a 'java/lang/ClassNotFoundException': org/gradle/api/DefaultTaskCustomizer> (0x00000000ed6bbf10) thrown at [/build/openjdk-8-XBM715/openjdk-8-8u131-b11/src/hotspot/src/share/vm/classfile/systemDictionary.cpp, line 210]
Event: 28.625 Thread 0x00007f763800a000 Exception <a 'java/lang/ClassNotFoundException': org/gradle/api/internal/ConventionTaskCustomizer> (0x00000000ed6f0928) thrown at [/build/openjdk-8-XBM715/openjdk-8-8u131-b11/src/hotspot/src/share/vm/classfile/systemDictionary.cpp, line 210]
Event: 28.643 Thread 0x00007f763800a000 Exception <a 'java/lang/ClassNotFoundException': org/gradle/api/tasks/AbstractCopyTaskCustomizer> (0x00000000ed727aa0) thrown at [/build/openjdk-8-XBM715/openjdk-8-8u131-b11/src/hotspot/src/share/vm/classfile/systemDictionary.cpp, line 210]
Event: 28.687 Thread 0x00007f763800a000 Exception <a 'java/lang/ClassNotFoundException': org/gradle/api/tasks/CopyCustomizer> (0x00000000ed7bb990) thrown at [/build/openjdk-8-XBM715/openjdk-8-8u131-b11/src/hotspot/src/share/vm/classfile/systemDictionary.cpp, line 210]
Event: 28.693 Thread 0x00007f763800a000 Exception <a 'java/lang/ClassNotFoundException': org/gradle/api/tasks/Copy_DecoratedCustomizer> (0x00000000ed7fb1c0) thrown at [/build/openjdk-8-XBM715/openjdk-8-8u131-b11/src/hotspot/src/share/vm/classfile/systemDictionary.cpp, line 210]
Event: 28.787 Thread 0x00007f763800a000 Exception <a 'java/lang/ClassNotFoundException': org/gradle/api/internal/artifacts/configurations/DefaultConfigurationContainer_DecoratedBeanInfo> (0x00000000ed8f4440) thrown at [/build/openjdk-8-XBM715/openjdk-8-8u131-b11/src/hotspot/src/share/vm/classfi
Event: 28.789 Thread 0x00007f763800a000 Exception <a 'java/lang/ClassNotFoundException': org/gradle/api/internal/artifacts/configurations/DefaultConfigurationContainerBeanInfo> (0x00000000ed940650) thrown at [/build/openjdk-8-XBM715/openjdk-8-8u131-b11/src/hotspot/src/share/vm/classfile/systemD
Event: 28.792 Thread 0x00007f763800a000 Exception <a 'java/lang/ClassNotFoundException': org/gradle/api/internal/artifacts/configurations/DefaultConfigurationContainerCustomizer> (0x00000000ed98e5e8) thrown at [/build/openjdk-8-XBM715/openjdk-8-8u131-b11/src/hotspot/src/share/vm/classfile/syste
Event: 28.811 Thread 0x00007f763800a000 Exception <a 'java/lang/ClassNotFoundException': org/gradle/api/internal/artifacts/configurations/DefaultConfigurationContainer_DecoratedCustomizer> (0x00000000ed9fb260) thrown at [/build/openjdk-8-XBM715/openjdk-8-8u131-b11/src/hotspot/src/share/vm/class

Events (10 events):
Event: 28.997 loading class com/android/builder/sdk/SdkLoader done
Event: 29.003 loading class com/android/repository/api/RepoPackage
Event: 29.003 loading class com/android/repository/api/RepoPackage done
Event: 29.012 loading class com/android/sdklib/repository/AndroidSdkHandler
Event: 29.013 loading class com/android/sdklib/repository/AndroidSdkHandler done
Event: 29.127 loading class com/android/repository/api/RepoManager$RepoLoadedCallback
Event: 29.127 loading class com/android/repository/api/RepoManager$RepoLoadedCallback done
Event: 29.129 loading class com/android/repository/api/SchemaModule
Event: 29.129 loading class com/android/repository/api/SchemaModule done
Event: 29.242 Executing VM operation: CollectForMetadataAllocation


Dynamic libraries:
c4200000-c6e80000 rw-p 00000000 00:00 0 
c8b00000-ec100000 ---p 00000000 00:00 0 
ec100000-f3d00000 rw-p 00000000 00:00 0 
f3d00000-100000000 ---p 00000000 00:00 0 
100000000-1004c0000 rw-p 00000000 00:00 0 
1004c0000-140000000 ---p 00000000 00:00 0 
5614c2915000-5614c2916000 r-xp 00000000 08:04 1060955                    /usr/lib/jvm/java-8-openjdk-amd64/jre/bin/java
5614c2b15000-5614c2b16000 r--p 00000000 08:04 1060955                    /usr/lib/jvm/java-8-openjdk-amd64/jre/bin/java
5614c2b16000-5614c2b17000 rw-p 00001000 08:04 1060955                    /usr/lib/jvm/java-8-openjdk-amd64/jre/bin/java
5614c40fd000-5614c411e000 rw-p 00000000 00:00 0                          [heap]
7f75ec000000-7f75ec021000 rw-p 00000000 00:00 0 
7f75ec021000-7f75f0000000 ---p 00000000 00:00 0 
7f75f0000000-7f75f0021000 rw-p 00000000 00:00 0 
7f75f0021000-7f75f4000000 ---p 00000000 00:00 0 
7f75f4000000-7f75f4021000 rw-p 00000000 00:00 0 
7f75f4021000-7f75f8000000 ---p 00000000 00:00 0 
7f75f94b1000-7f75f96b1000 rw-p 00000000 00:00 0 
7f75f9787000-7f75f9971000 rw-p 00000000 00:00 0 
7f75f9971000-7f75f9987000 ---p 00000000 00:00 0 
7f75f9987000-7f75f9b87000 rw-p 00000000 00:00 0 
7f75f9b87000-7f75f9bb2000 r--s 001fc000 08:04 788055                     /home/yuki/.local/share/gradle/caches/modules-2/files-2.1/com.google.guava/guava/18.0/cce0823396aa693798f8882e64213b1772032b09/guava-18.0.jar
7f75f9bb2000-7f75f9bc5000 r--s 000b2000 08:04 788053                     /home/yuki/.local/share/gradle/caches/modules-2/files-2.1/com.android.tools.external.com-intellij/uast/145.597.4/6b430796bdb6563146affb34fb840c64e8d1d3b1/uast-145.597.4.jar
7f75f9bc5000-7f75f9bcd000 r--s 000a8000 08:04 788052                     /home/yuki/.local/share/gradle/caches/modules-2/files-2.1/com.android.tools.external.lombok/lombok-ast/0.2.3/528b6f8bde3157f17530aa366631f2aad2a6cf9/lombok-ast-0.2.3.jar
7f75f9bcd000-7f75f9bcf000 r--s 0000d000 08:04 788051                     /home/yuki/.local/share/gradle/caches/modules-2/files-2.1/commons-codec/commons-codec/1.4/4216af16d38465bbab0f3dff8efa14204f7a399a/commons-codec-1.4.jar
7f75f9bcf000-7f75f9bd1000 r--s 0000d000 08:04 788050                     /home/yuki/.local/share/gradle/caches/modules-2/files-2.1/commons-logging/commons-logging/1.1.1/5043bfebc3db072ed80fbd362e7caf00e885d8ae/commons-logging-1.1.1.jar
7f75f9bd1000-7f75f9bd6000 r--s 00028000 08:04 788049                     /home/yuki/.local/share/gradle/caches/modules-2/files-2.1/org.apache.httpcomponents/httpcore/4.1/33fc26c02f8043ab0ede19eadc8c9885386b255c/httpcore-4.1.jar
7f75f9bd6000-7f75f9bda000 r--s 0002f000 08:04 788048                     /home/yuki/.local/share/gradle/caches/modules-2/files-2.1/com.google.jimfs/jimfs/1.1/8fbd0579dc68aba6186935cc1bee21d2f3e7ec1c/jimfs-1.1.jar
7f75f9bda000-7f75f9dda000 rw-p 00000000 00:00 0 
7f75f9dda000-7f75f9fda000 rw-p 00000000 00:00 0 
7f75f9fda000-7f75fa1da000 rw-p 00000000 00:00 0 
7f75fa1da000-7f75fa1db000 r--s 00001000 08:04 788054                     /home/yuki/.local/share/gradle/caches/modules-2/files-2.1/com.android.tools/annotations/25.2.3/a9970f79003cbf4aaaf26a5590aca7066f209347/annotations-25.2.3.jar
7f75fa1db000-7f75fa1dc000 r--s 00004000 08:04 788047                     /home/yuki/.local/share/gradle/caches/modules-2/files-2.1/com.intellij/annotations/12.0/bbcf6448f6d40abe506e2c83b70a3e8bfd2b4539/annotations-12.0.jar
7f75fa1dc000-7f75fa1dd000 r--s 00004000 08:04 788046                     /home/yuki/.local/share/gradle/caches/modules-2/files-2.1/org.ow2.asm/asm-analysis/5.0.4/51f5031331a56c462a3cc5126e21ab65958759a9/asm-analysis-5.0.4.jar
7f75fa1dd000-7f75fa1e1000 r--s 0003b000 08:04 788045                     /home/yuki/.local/share/gradle/caches/modules-2/files-2.1/com.android.tools.lint/lint-api/25.2.3/fb7afa11dcda11d5bf0fcd3dcfec3e13ee921057/lint-api-25.2.3.jar
7f75fa1e1000-7f75fa1e2000 r--s 0000a000 08:04 788044                     /home/yuki/.local/share/gradle/caches/modules-2/files-2.1/net.sf.kxml/kxml2/2.3.0/ccbc77a5fd907ef863c29f3596c6f54ffa4e9442/kxml2-2.3.0.jar
7f75fa1e2000-7f75fa1e4000 r--s 00005000 08:04 788043                     /home/yuki/.local/share/gradle/caches/modules-2/files-2.1/org.apache.httpcomponents/httpmime/4.1/9ba2dcdf94ce35c8a8e9bff242db0618ca932e92/httpmime-4.1.jar
7f75fa1e4000-7f75fa1ec000 r--s 0004e000 08:04 788042                     /home/yuki/.local/share/gradle/caches/modules-2/files-2.1/org.apache.httpcomponents/httpclient/4.1.1/3d1d918f32709e33ba7ddb2c4e8d1c543ebe713e/httpclient-4.1.1.jar
7f75fa1ec000-7f75fa1f3000 r--s 00053000 08:04 788041                     /home/yuki/.local/share/gradle/caches/modules-2/files-2.1/org.apache.commons/commons-compress/1.8.1/a698750c16740fd5b3871425f4cb3bbaa87f529d/commons-compress-1.8.1.jar
7f75fa1f3000-7f75fa1f8000 r--s 0002a000 08:04 788040                     /home/yuki/.local/share/gradle/caches/modules-2/files-2.1/com.google.code.gson/gson/2.2.4/a60a5e993c98c864010053cb901b7eab25306568/gson-2.2.4.jar
7f75fa1f8000-7f75fa1fd000 r--s 0002d000 08:04 788039                     /home/yuki/.local/share/gradle/caches/modules-2/files-2.1/com.android.tools/repository/25.2.3/179dee8115834f40bd9b39675da3a0273174c3ca/repository-25.2.3.jar
7f75fa1fd000-7f75fa1fe000 r--s 00005000 08:04 788038                     /home/yuki/.local/share/gradle/caches/modules-2/files-2.1/com.android.tools/dvlib/25.2.3/5afd79f645811a98c0519141cc13900c659091a8/dvlib-25.2.3.jar
7f75fa1fe000-7f75fa201000 r--s 00014000 08:04 788037                     /home/yuki/.local/share/gradle/caches/modules-2/files-2.1/com.android.tools.layoutlib/layoutlib-api/25.2.3/ead9944caa7cba814184148efe69faf8896f4478/layoutlib-api-25.2.3.jar
7f75fa201000-7f75fa205000 r--s 00037000 08:04 788036                     /home/yuki/.local/share/gradle/caches/modules-2/files-2.1/org.antlr/ST4/4.0.8/a1c55e974f8a94d78e2348fa6ff63f4fa1fae64/ST4-4.0.8.jar
7f75fa205000-7f75fa208000 r--s 00026000 08:04 788035                     /home/yuki/.local/share/gradle/caches/modules-2/files-2.1/org.antlr/antlr-runtime/3.5.2/cd9cd41361c155f3af0f653009dcecb08d8b4afd/antlr-runtime-3.5.2.jar
7f75fa208000-7f75fa20d000 r--s 00058000 08:04 788034                     /home/yuki/.local/share/gradle/caches/modules-2/files-2.1/org.ow2.asm/asm-debug-all/5.0.1/f69b5f7d96cec0d448acf1c1a266584170c9643b/asm-debug-all-5.0.1.jar
7f75fa20d000-7f75fa21d000 r--s 000d6000 08:04 788033                     /home/yuki/.local/share/gradle/caches/modules-2/files-2.1/net.sf.proguard/proguard-base/5.2.1/4f61348b4e7c943b85679dcb697f3a5fc3101921/proguard-base-5.2.1.jar
7f75fa21d000-7f75fa220000 r--s 00033000 08:04 788032                     /home/yuki/.local/share/gradle/caches/modules-2/files-2.1/com.googlecode.juniversalchardet/juniversalchardet/1.0.3/cd49678784c46aa8789c060538e0154013bb421b/juniversalchardet-1.0.3.jar
7f75fa220000-7f75fa224000 r--s 0002a000 08:04 788031                     /home/yuki/.local/share/gradle/caches/modules-2/files-2.1/commons-io/commons-io/2.4/b1b6ea3b7e4aa4f492509a4952029cd8e48019ad/commons-io-2.4.jar
7f75fa224000-7f75fa23b000 r--s 00154000 08:04 788030                     /home/yuki/.local/share/gradle/caches/modules-2/files-2.1/org.antlr/antlr4/4.5.3/f35db7e4b2446e4174ba6a73db7bd6b3e6bb5da1/antlr4-4.5.3.jar
7f75fa23b000-7f75fa23c000 r--s 00002000 08:04 788029                     /home/yuki/.local/share/gradle/caches/modules-2/files-2.1/com.android.databinding/baseLibrary/2.2.3/b4b51d1925cdfda98fd861230c1ecb5855500129/baseLibrary-2.2.3.jar
7f75fa23c000-7f75fa24f000 r--s 00236000 08:04 788028                     /home/yuki/.local/share/gradle/caches/modules-2/files-2.1/org.eclipse.jdt.core.compiler/ecj/4.5.1/bee1367ac12fb6a20b422ff8711ebeb4f0a42316/ecj-4.5.1.jar
7f75fa24f000-7f75fa256000 r--s 000c3000 08:04 788027                     /home/yuki/.local/share/gradle/caches/modules-2/files-2.1/com.android.tools.lint/lint-checks/25.2.3/eae71c1f5ce54195dc821133e3a5df8145de8ff5/lint-checks-25.2.3.jar
7f75fa256000-7f75fa258000 r--s 00006000 08:04 788026                     /home/yuki/.local/share/gradle/caches/modules-2/files-2.1/org.ow2.asm/asm-tree/5.0.4/396ce0c07ba2b481f25a70195c7c94922f0d1b0b/asm-tree-5.0.4.jar
7f75fa258000-7f75fa28b000 r--s 00203000 08:04 788025                     /home/yuki/.local/share/gradle/caches/modules-2/files-2.1/org.bouncycastle/bcprov-jdk15on/1.48/960dea7c9181ba0b17e8bab0c06a43f0a5f04e65/bcprov-jdk15on-1.48.jar
7f75fa28b000-7f75fa299000 r--s 00081000 08:04 788024                     /home/yuki/.local/share/gradle/caches/modules-2/files-2.1/org.bouncycastle/bcpkix-jdk15on/1.48/28b7614b908a47844bb27e3c94b45b6893656265/bcpkix-jdk15on-1.48.jar
7f75fa299000-7f75fa29b000 r--s 00002000 08:04 788023                     /home/yuki/.local/share/gradle/caches/modules-2/files-2.1/com.squareup/javawriter/2.5.0/81241ff7078ef14f42ea2a8995fa09c096256e6b/javawriter-2.5.0.jar
7f75fa29b000-7f75fa29c000 r--s 00002000 08:04 788022                     /home/yuki/.local/share/gradle/caches/modules-2/files-2.1/com.android.tools.analytics-library/tracker/25.2.3/c807f7b3d9aa3cee795ecac620d22c5ca7dd92e1/tracker-25.2.3.jar
7f75fa29c000-7f75fa29e000 r--s 00003000 08:04 788020                     /home/yuki/.local/share/gradle/caches/modules-2/files-2.1/com.android.tools.analytics-library/shared/25.2.3/785426dac20cfe596e4cf36d01aad930ffdcb05c/shared-25.2.3.jar
7f75fa29e000-7f75fa2ab000 r--s 000ed000 08:04 788019                     /home/yuki/.local/share/gradle/caches/modules-2/files-2.1/com.android.tools.analytics-library/protos/25.2.3/821098054f9667d0f2536d7f2d0200d8bdd9c898/protos-25.2.3.jar
7f75fa2ab000-7f75fa2ac000 r--s 00001000 08:04 788018                     /home/yuki/.local/share/gradle/caches/modules-2/files-2.1/com.android.tools.jill/jill-api/0.10.0/7dfd6360ae4af1e171ec67b92e0cf065d59eef19/jill-api-0.10.0.jar
7f75fa2ac000-7f75fa2ae000 r--s 00003000 08:04 788017                     /home/yuki/.local/share/gradle/caches/modules-2/files-2.1/com.android.tools.jack/jack-api/0.11.0/ccda6afebd2b9cf60886c601ea561bba62c35c70/jack-api-0.11.0.jar
7f75fa2ae000-7f75fa2b3000 r--s 0004a000 08:04 788016                     /home/yuki/.local/share/gradle/caches/modules-2/files-2.1/com.android.tools.ddms/ddmlib/25.2.3/2b66df9156f476b0ccee44b378cd09073118ff59/ddmlib-25.2.3.jar
7f75fa2b3000-7f75fa2b6000 r--s 00021000 08:04 788015                     /home/yuki/.local/share/gradle/caches/modules-2/files-2.1/com.android.tools.build/manifest-merger/25.2.3/d0212c507be4c38c39f4ee06a7df5a44f500ed3b/manifest-merger-25.2.3.jar
7f75fa2b6000-7f75fa2b8000 r--s 0001c000 08:04 788014                     /home/yuki/.local/share/gradle/caches/modules-2/files-2.1/com.android.tools/common/25.2.3/255aa01048bebb511d828c6a5fc668df13b8f39d/common-25.2.3.jar
7f75fa2b8000-7f75fa2c0000 r--s 00084000 08:04 788013                     /home/yuki/.local/share/gradle/caches/modules-2/files-2.1/com.android.tools/sdk-common/25.2.3/2c49ca3df5bb961473b096bab2a615a7cda50dc/sdk-common-25.2.3.jar
7f75fa2c0000-7f75fa2cb000 r--s 0008e000 08:04 788011                     /home/yuki/.local/share/gradle/caches/modules-2/files-2.1/com.android.tools/sdklib/25.2.3/9f12cfc56b1df4e42fa2b73f9936b586b9a56a2/sdklib-25.2.3.jar
7f75fa2cb000-7f75fa2cc000 r--s 00002000 08:04 788010                     /home/yuki/.local/share/gradle/caches/modules-2/files-2.1/com.android.tools.build/builder-test-api/2.2.3/700079fc243c217dbd6250ac01d2d6210ca8a0d6/builder-test-api-2.2.3.jar
7f75fa2cc000-7f75fa2cf000 r--s 00005000 08:04 788009                     /home/yuki/.local/share/gradle/caches/modules-2/files-2.1/com.android.tools.build/builder-model/2.2.3/eddf6035ce0a31651527b4c3cc239428e877c43a/builder-model-2.2.3.jar
7f75fa2cf000-7f75fa2d9000 r--s 00110000 08:04 788008                     /home/yuki/.local/share/gradle/caches/modules-2/files-2.1/org.antlr/antlr/3.5.2/c4a65c950bfc3e7d04309c515b2177c00baf7764/antlr-3.5.2.jar
7f75fa2d9000-7f75fa2e1000 r--s 0007b000 08:04 788007                     /home/yuki/.local/share/gradle/caches/modules-2/files-2.1/com.google.protobuf/protobuf-java/2.5.0/a10732c76bfacdbd633a7eb0f7968b1059a65dfa/protobuf-java-2.5.0.jar
7f75fa2e1000-7f75fa2e3000 r--s 0000f000 08:04 788006                     /home/yuki/.local/share/gradle/caches/modules-2/files-2.1/net.sf.jopt-simple/jopt-simple/4.9/ee9e9eaa0a35360dcfeac129ff4923215fd65904/jopt-simple-4.9.jar
7f75fa2e3000-7f75fa2e7000 r--s 0001f000 08:04 788005                     /home/yuki/.local/share/gradle/caches/modules-2/files-2.1/org.jacoco/org.jacoco.report/0.7.5.201505241946/cb1ac5562a45c98cd7b774452f3e8b867b71cd65/org.jacoco.report-0.7.5.201505241946.jar
7f75fa2e7000-7f75fa2eb000 r--s 0001d000 08:04 788004                     /home/yuki/.local/share/gradle/caches/modules-2/files-2.1/org.jacoco/org.jacoco.core/0.7.5.201505241946/1ea906dc5201d2a1bc0604f8650534d4bcaf4c95/org.jacoco.core-0.7.5.201505241946.jar
7f75fa2eb000-7f75fa2ec000 r--s 00002000 08:04 788003                     /home/yuki/.local/share/gradle/caches/modules-2/files-2.1/net.sf.proguard/proguard-gradle/5.2.1/5e9956c050fd84fa043517e77c4c0ff175a6b002/proguard-gradle-5.2.1.jar
7f75fa2ec000-7f75fa2ee000 r--s 00009000 08:04 788002                     /home/yuki/.local/share/gradle/caches/modules-2/files-2.1/org.ow2.asm/asm-commons/5.0.4/5a556786086c23cd689a0328f8519db93821c04c/asm-commons-5.0.4.jar
7f75fa2ee000-7f75fa2f0000 r--s 0000c000 08:04 788000                     /home/yuki/.local/share/gradle/caches/modules-2/files-2.1/org.ow2.asm/asm/5.0.4/da08b8cce7bbf903602a25a3a163ae252435795/asm-5.0.4.jar
7f75fa2f0000-7f75fa2f4000 r--s 0002b000 08:04 787999                     /home/yuki/.local/share/gradle/caches/modules-2/files-2.1/com.android.databinding/compilerCommon/2.2.3/8c3829022a54acd042b5382a4a873ee2d64c29ee/compilerCommon-2.2.3.jar
7f75fa2f4000-7f75fa2f5000 r--s 00002000 08:04 787998                     /home/yuki/.local/share/gradle/caches/modules-2/files-2.1/com.android.tools.build/gradle-api/2.2.3/9a45614f789d4aab624d2a61983263885f42b615/gradle-api-2.2.3.jar
7f75fa2f5000-7f75fa2f6000 r--s 00000000 08:04 787997                     /home/yuki/.local/share/gradle/caches/modules-2/files-2.1/com.android.tools.build/transform-api/2.0.0-deprecated-use-gradle-api/85bee1acea9e27152b920746c68133b30b11431/transform-api-2.0.0-deprecated-use-gradle-api.jar
7f75fa2f6000-7f75fa2fb000 r--s 00053000 08:04 787996                     /home/yuki/.local/share/gradle/caches/modules-2/files-2.1/com.android.tools.lint/lint/25.2.3/aa03a3669f2913b9bc6f5f4fba4418f974e48cb7/lint-25.2.3.jar
7f75fa2fb000-7f75fa312000 r--s 0015e000 08:04 787995                     /home/yuki/.local/share/gradle/caches/modules-2/files-2.1/com.android.tools.build/builder/2.2.3/13e7339544e824a3a5f8ecff42173c013791578b/builder-2.2.3.jar
7f75fa312000-7f75fa32f000 r--s 0019d000 08:04 787994                     /home/yuki/.local/share/gradle/caches/modules-2/files-2.1/com.android.tools.build/gradle-core/2.2.3/3a777b0626810e0ccdced7d750ac4b60c279616c/gradle-core-2.2.3.jar
7f75fa32f000-7f75fa331000 r--s 0000d000 08:04 787993                     /home/yuki/.local/share/gradle/caches/modules-2/files-2.1/com.android.tools.build/gradle/2.2.3/7b8f79621d95e3ce1e95c0852db14d9d7e1d1951/gradle-2.2.3.jar
7f75fa331000-7f75fa334000 ---p 00000000 00:00 0 
7f75fa334000-7f75fa432000 rw-p 00000000 00:00 0 
7f75fa432000-7f75fa435000 ---p 00000000 00:00 0 
7f75fa435000-7f75fa46b000 rw-p 00000000 00:00 0 
7f75fa46b000-7f75fa46c000 r--p 00000000 00:00 0 
7f75fa46c000-7f75fa66c000 rw-p 00000000 00:00 0 
7f75fa66c000-7f75fa86c000 rw-p 00000000 00:00 0 
7f75fa86c000-7f75fa86f000 ---p 00000000 00:00 0 
7f75fa86f000-7f75fab6d000 rw-p 00000000 00:00 0 
7f75fab6d000-7f75fad6d000 rw-p 00000000 00:00 0 
7f75fad6d000-7f75fade6000 r--s 010fd000 08:04 1063844                    /usr/lib/jvm/java-8-openjdk-amd64/lib/tools.jar
7f75fade6000-7f75fafe6000 rw-p 00000000 00:00 0 
7f75fafe6000-7f75fafe8000 r--s 00007000 08:04 3943867                    /home/yuki/.local/share/gradle/wrapper/dists/gradle-2.14.1-all/8bnwg5hd3w55iofp58khbp6yv/gradle-2.14.1/lib/plugins/gradle-tooling-api-builders-2.14.1.jar
7f75fafe8000-7f75fafeb000 r--s 00008000 08:04 3943860                    /home/yuki/.local/share/gradle/wrapper/dists/gradle-2.14.1-all/8bnwg5hd3w55iofp58khbp6yv/gradle-2.14.1/lib/plugins/gradle-testing-native-2.14.1.jar
7f75fafeb000-7f75fafed000 r--s 00009000 08:04 3943939                    /home/yuki/.local/share/gradle/wrapper/dists/gradle-2.14.1-all/8bnwg5hd3w55iofp58khbp6yv/gradle-2.14.1/lib/plugins/hamcrest-core-1.3.jar
7f75fafed000-7f75faff3000 r--s 00033000 08:04 3943933                    /home/yuki/.local/share/gradle/wrapper/dists/gradle-2.14.1-all/8bnwg5hd3w55iofp58khbp6yv/gradle-2.14.1/lib/plugins/snakeyaml-1.6.jar
7f75faff3000-7f75faff5000 r--s 00006000 08:04 3943932                    /home/yuki/.local/share/gradle/wrapper/dists/gradle-2.14.1-all/8bnwg5hd3w55iofp58khbp6yv/gradle-2.14.1/lib/plugins/jcommander-1.12.jar
7f75faff5000-7f75faffa000 r--s 00040000 08:04 3943931                    /home/yuki/.local/share/gradle/wrapper/dists/gradle-2.14.1-all/8bnwg5hd3w55iofp58khbp6yv/gradle-2.14.1/lib/plugins/bsh-2.0b4.jar
7f75faffa000-7f75fb003000 r--s 00089000 08:04 3943890                    /home/yuki/.local/share/gradle/wrapper/dists/gradle-2.14.1-all/8bnwg5hd3w55iofp58khbp6yv/gradle-2.14.1/lib/plugins/testng-6.3.1.jar
7f75fb003000-7f75fb00b000 r--s 00045000 08:04 3943889                    /home/yuki/.local/share/gradle/wrapper/dists/gradle-2.14.1-all/8bnwg5hd3w55iofp58khbp6yv/gradle-2.14.1/lib/plugins/junit-4.12.jar
7f75fb00b000-7f75fb011000 r--s 0002e000 08:04 3943861                    /home/yuki/.local/share/gradle/wrapper/dists/gradle-2.14.1-all/8bnwg5hd3w55iofp58khbp6yv/gradle-2.14.1/lib/plugins/gradle-testing-jvm-2.14.1.jar
7f75fb011000-7f75fb016000 r--s 00015000 08:04 3943859                    /home/yuki/.local/share/gradle/wrapper/dists/gradle-2.14.1-all/8bnwg5hd3w55iofp58khbp6yv/gradle-2.14.1/lib/plugins/gradle-testing-base-2.14.1.jar
7f75fb016000-7f75fb017000 r--s 00002000 08:04 3943883                    /home/yuki/.local/share/gradle/wrapper/dists/gradle-2.14.1-all/8bnwg5hd3w55iofp58khbp6yv/gradle-2.14.1/lib/plugins/sonar-batch-bootstrapper-2.9.jar
7f75fb017000-7f75fb01a000 r--s 00015000 08:04 3943837                    /home/yuki/.local/share/gradle/wrapper/dists/gradle-2.14.1-all/8bnwg5hd3w55iofp58khbp6yv/gradle-2.14.1/lib/plugins/gradle-sonar-2.14.1.jar
7f75fb01a000-7f75fb021000 r--s 00038000 08:04 3943884                    /home/yuki/.local/share/gradle/wrapper/dists/gradle-2.14.1-all/8bnwg5hd3w55iofp58khbp6yv/gradle-2.14.1/lib/plugins/bcpg-jdk15on-1.51.jar
7f75fb021000-7f75fb023000 r--s 0000d000 08:04 3943838                    /home/yuki/.local/share/gradle/wrapper/dists/gradle-2.14.1-all/8bnwg5hd3w55iofp58khbp6yv/gradle-2.14.1/lib/plugins/gradle-signing-2.14.1.jar
7f75fb023000-7f75fb026000 r--s 00009000 08:04 3943836                    /home/yuki/.local/share/gradle/wrapper/dists/gradle-2.14.1-all/8bnwg5hd3w55iofp58khbp6yv/gradle-2.14.1/lib/plugins/gradle-scala-2.14.1.jar
7f75fb026000-7f75fb027000 r--s 00004000 08:04 3943865                    /home/yuki/.local/share/gradle/wrapper/dists/gradle-2.14.1-all/8bnwg5hd3w55iofp58khbp6yv/gradle-2.14.1/lib/plugins/gradle-resources-sftp-2.14.1.jar
7f75fb027000-7f75fb037000 r--s 00088000 08:04 3943900                    /home/yuki/.local/share/gradle/wrapper/dists/gradle-2.14.1-all/8bnwg5hd3w55iofp58khbp6yv/gradle-2.14.1/lib/plugins/joda-time-2.8.2.jar
7f75fb037000-7f75fb048000 r--s 000cf000 08:04 3943899                    /home/yuki/.local/share/gradle/wrapper/dists/gradle-2.14.1-all/8bnwg5hd3w55iofp58khbp6yv/gradle-2.14.1/lib/plugins/jackson-databind-2.3.2.jar
7f75fb048000-7f75fb04a000 r--s 00007000 08:04 3943898                    /home/yuki/.local/share/gradle/wrapper/dists/gradle-2.14.1-all/8bnwg5hd3w55iofp58khbp6yv/gradle-2.14.1/lib/plugins/jackson-annotations-2.3.2.jar
7f75fb04a000-7f75fb04d000 r--s 0002e000 08:04 3943897                    /home/yuki/.local/share/gradle/wrapper/dists/gradle-2.14.1-all/8bnwg5hd3w55iofp58khbp6yv/gradle-2.14.1/lib/plugins/jackson-core-2.3.2.jar
7f75fb04d000-7f75fb058000 r--s 0006b000 08:04 3943896                    /home/yuki/.local/share/gradle/wrapper/dists/gradle-2.14.1-all/8bnwg5hd3w55iofp58khbp6yv/gradle-2.14.1/lib/plugins/aws-java-sdk-core-1.9.19.jar
7f75fb058000-7f75fb05e000 r--s 00036000 08:04 3943895                    /home/yuki/.local/share/gradle/wrapper/dists/gradle-2.14.1-all/8bnwg5hd3w55iofp58khbp6yv/gradle-2.14.1/lib/plugins/aws-java-sdk-kms-1.9.19.jar
7f75fb05e000-7f75fb069000 r--s 00079000 08:04 3943894                    /home/yuki/.local/share/gradle/wrapper/dists/gradle-2.14.1-all/8bnwg5hd3w55iofp58khbp6yv/gradle-2.14.1/lib/plugins/aws-java-sdk-s3-1.9.19.jar
7f75fb069000-7f75fb06a000 r--s 00003000 08:04 3943866                    /home/yuki/.local/share/gradle/wrapper/dists/gradle-2.14.1-all/8bnwg5hd3w55iofp58khbp6yv/gradle-2.14.1/lib/plugins/gradle-resources-s3-2.14.1.jar
7f75fb06a000-7f75fb06c000 r--s 00005000 08:04 3943888                    /home/yuki/.local/share/gradle/wrapper/dists/gradle-2.14.1-all/8bnwg5hd3w55iofp58khbp6yv/gradle-2.14.1/lib/plugins/jatl-0.2.2.jar
7f75fb06c000-7f75fb06e000 r--s 0000f000 08:04 3943843                    /home/yuki/.local/share/gradle/wrapper/dists/gradle-2.14.1-all/8bnwg5hd3w55iofp58khbp6yv/gradle-2.14.1/lib/plugins/gradle-reporting-2.14.1.jar
7f75fb06e000-7f75fb070000 r--s 00002000 08:04 3943844                    /home/yuki/.local/share/gradle/wrapper/dists/gradle-2.14.1-all/8bnwg5hd3w55iofp58khbp6yv/gradle-2.14.1/lib/plugins/gradle-publish-2.14.1.jar
7f75fb070000-7f75fb072000 r--s 00009000 08:04 3943870                    /home/yuki/.local/share/gradle/wrapper/dists/gradle-2.14.1-all/8bnwg5hd3w55iofp58khbp6yv/gradle-2.14.1/lib/plugins/commons-cli-1.2.jar
7f75fb072000-7f75fb078000 r--s 00033000 08:04 3943828                    /home/yuki/.local/share/gradle/wrapper/dists/gradle-2.14.1-all/8bnwg5hd3w55iofp58khbp6yv/gradle-2.14.1/lib/plugins/gradle-plugins-2.14.1.jar
7f75fb078000-7f75fb07a000 r--s 00007000 08:04 3943862                    /home/yuki/.local/share/gradle/wrapper/dists/gradle-2.14.1-all/8bnwg5hd3w55iofp58khbp6yv/gradle-2.14.1/lib/plugins/gradle-plugin-development-2.14.1.jar
7f75fb07a000-7f75fb080000 r--s 0002a000 08:04 3943855                    /home/yuki/.local/share/gradle/wrapper/dists/gradle-2.14.1-all/8bnwg5hd3w55iofp58khbp6yv/gradle-2.14.1/lib/plugins/gradle-platform-play-2.14.1.jar
7f75fb080000-7f75fb08d000 r--s 0004d000 08:04 3943854                    /home/yuki/.local/share/gradle/wrapper/dists/gradle-2.14.1-all/8bnwg5hd3w55iofp58khbp6yv/gradle-2.14.1/lib/plugins/gradle-platform-native-2.14.1.jar
7f75fb08d000-7f75fb091000 r--s 0001a000 08:04 3943849                    /home/yuki/.local/share/gradle/wrapper/dists/gradle-2.14.1-all/8bnwg5hd3w55iofp58khbp6yv/gradle-2.14.1/lib/plugins/gradle-platform-jvm-2.14.1.jar
7f75fb091000-7f75fb098000 r--s 00029000 08:04 3943848                    /home/yuki/.local/share/gradle/wrapper/dists/gradle-2.14.1-all/8bnwg5hd3w55iofp58khbp6yv/gradle-2.14.1/lib/plugins/gradle-platform-base-2.14.1.jar
7f75fb098000-7f75fb0b9000 r--s 001c3000 08:04 3943878                    /home/yuki/.local/share/gradle/wrapper/dists/gradle-2.14.1-all/8bnwg5hd3w55iofp58khbp6yv/gradle-2.14.1/lib/plugins/bndlib-2.4.0.jar
7f75fb0b9000-7f75fb0bb000 r--s 00003000 08:04 3943832                    /home/yuki/.local/share/gradle/wrapper/dists/gradle-2.14.1-all/8bnwg5hd3w55iofp58khbp6yv/gradle-2.14.1/lib/plugins/gradle-osgi-2.14.1.jar
7f75fb0bb000-7f75fb0be000 r--s 0000c000 08:04 3943881                    /home/yuki/.local/share/gradle/wrapper/dists/gradle-2.14.1-all/8bnwg5hd3w55iofp58khbp6yv/gradle-2.14.1/lib/plugins/pmaven-groovy-0.8-20100325.jar
7f75fb0be000-7f75fb0bf000 r--s 00004000 08:04 3943880                    /home/yuki/.local/share/gradle/wrapper/dists/gradle-2.14.1-all/8bnwg5hd3w55iofp58khbp6yv/gradle-2.14.1/lib/plugins/pmaven-common-0.8-20100325.jar
7f75fb0bf000-7f75fb0c5000 r--s 00022000 08:04 3943833                    /home/yuki/.local/share/gradle/wrapper/dists/gradle-2.14.1-all/8bnwg5hd3w55iofp58khbp6yv/gradle-2.14.1/lib/plugins/gradle-maven-2.14.1.jar
7f75fb0c5000-7f75fb0c7000 r--s 0000a000 08:04 3943853                    /home/yuki/.local/share/gradle/wrapper/dists/gradle-2.14.1-all/8bnwg5hd3w55iofp58khbp6yv/gradle-2.14.1/lib/plugins/gradle-language-scala-2.14.1.jar
7f75fb0c7000-7f75fb0cd000 r--s 0001a000 08:04 3943857                    /home/yuki/.local/share/gradle/wrapper/dists/gradle-2.14.1-all/8bnwg5hd3w55iofp58khbp6yv/gradle-2.14.1/lib/plugins/gradle-language-native-2.14.1.jar
7f75fb0cd000-7f75fb0cf000 r--s 00008000 08:04 3943850                    /home/yuki/.local/share/gradle/wrapper/dists/gradle-2.14.1-all/8bnwg5hd3w55iofp58khbp6yv/gradle-2.14.1/lib/plugins/gradle-language-jvm-2.14.1.jar
7f75fb0cf000-7f75fb0d5000 r--s 00024000 08:04 3943851                    /home/yuki/.local/share/gradle/wrapper/dists/gradle-2.14.1-all/8bnwg5hd3w55iofp58khbp6yv/gradle-2.14.1/lib/plugins/gradle-language-java-2.14.1.jar
7f75fb0d5000-7f75fb0d7000 r--s 0000a000 08:04 3943852                    /home/yuki/.local/share/gradle/wrapper/dists/gradle-2.14.1-all/8bnwg5hd3w55iofp58khbp6yv/gradle-2.14.1/lib/plugins/gradle-language-groovy-2.14.1.jar
7f75fb0d7000-7f75fb0da000 r--s 0001e000 08:04 3943906                    /home/yuki/.local/share/gradle/wrapper/dists/gradle-2.14.1-all/8bnwg5hd3w55iofp58khbp6yv/gradle-2.14.1/lib/plugins/jsp-api-2.1-6.1.14.jar
7f75fb0da000-7f75fb0fd000 r--s 00344000 08:04 3943905                    /home/yuki/.local/share/gradle/wrapper/dists/gradle-2.14.1-all/8bnwg5hd3w55iofp58khbp6yv/gradle-2.14.1/lib/plugins/core-3.1.1.jar
7f75fb0fd000-7f75fb0fe000 r--s 00006000 08:04 3943904                    /home/yuki/.local/share/gradle/wrapper/dists/gradle-2.14.1-all/8bnwg5hd3w55iofp58khbp6yv/gradle-2.14.1/lib/plugins/jetty-naming-6.1.25.jar
7f75fb0fe000-7f75fb0ff000 r--s 00002000 08:04 3943877                    /home/yuki/.local/share/gradle/wrapper/dists/gradle-2.14.1-all/8bnwg5hd3w55iofp58khbp6yv/gradle-2.14.1/lib/plugins/geronimo-annotation_1.0_spec-1.0.jar
7f75fb0ff000-7f75fb101000 r--s 00002000 08:04 3943876                    /home/yuki/.local/share/gradle/wrapper/dists/gradle-2.14.1-all/8bnwg5hd3w55iofp58khbp6yv/gradle-2.14.1/lib/plugins/jetty-annotations-6.1.25.jar
7f75fb101000-7f75fb112000 r--s 000ea000 08:04 3943875                    /home/yuki/.local/share/gradle/wrapper/dists/gradle-2.14.1-all/8bnwg5hd3w55iofp58khbp6yv/gradle-2.14.1/lib/plugins/jsp-2.1-6.1.14.jar
7f75fb112000-7f75fb114000 r--s 0000d000 08:04 3943874                    /home/yuki/.local/share/gradle/wrapper/dists/gradle-2.14.1-all/8bnwg5hd3w55iofp58khbp6yv/gradle-2.14.1/lib/plugins/jetty-plus-6.1.25.jar
7f75fb114000-7f75fb116000 r--s 0001f000 08:04 3943873                    /home/yuki/.local/share/gradle/wrapper/dists/gradle-2.14.1-all/8bnwg5hd3w55iofp58khbp6yv/gradle-2.14.1/lib/plugins/servlet-api-2.5-20081211.jar
7f75fb116000-7f75fb11a000 r--s 00028000 08:04 3943872                    /home/yuki/.local/share/gradle/wrapper/dists/gradle-2.14.1-all/8bnwg5hd3w55iofp58khbp6yv/gradle-2.14.1/lib/plugins/jetty-util-6.1.25.jar
7f75fb11a000-7f75fb121000 r--s 0007d000 08:04 3943871                    /home/yuki/.local/share/gradle/wrapper/dists/gradle-2.14.1-all/8bnwg5hd3w55iofp58khbp6yv/gradle-2.14.1/lib/plugins/jetty-6.1.25.jar
7f75fb121000-7f75fb123000 r--s 00009000 08:04 3943830                    /home/yuki/.local/share/gradle/wrapper/dists/gradle-2.14.1-all/8bnwg5hd3w55iofp58khbp6yv/gradle-2.14.1/lib/plugins/gradle-jetty-2.14.1.jar
7f75fb123000-7f75fb12a000 r--s 00035000 08:04 3943887                    /home/yuki/.local/share/gradle/wrapper/dists/gradle-2.14.1-all/8bnwg5hd3w55iofp58khbp6yv/gradle-2.14.1/lib/plugins/simple-4.1.21.jar
7f75fb12a000-7f75fb136000 r--s 00100000 08:04 3943885                    /home/yuki/.local/share/gradle/wrapper/dists/gradle-2.14.1-all/8bnwg5hd3w55iofp58khbp6yv/gradle-2.14.1/lib/plugins/rhino-1.7R3.jar
7f75fb136000-7f75fb13a000 r--s 00011000 08:04 3943840                    /home/yuki/.local/share/gradle/wrapper/dists/gradle-2.14.1-all/8bnwg5hd3w55iofp58khbp6yv/gradle-2.14.1/lib/plugins/gradle-javascript-2.14.1.jar
7f75fb13a000-7f75fb13c000 r--s 0000c000 08:04 3943846                    /home/yuki/.local/share/gradle/wrapper/dists/gradle-2.14.1-all/8bnwg5hd3w55iofp58khbp6yv/gradle-2.14.1/lib/plugins/gradle-jacoco-2.14.1.jar
7f75fb13c000-7f75fb13f000 r--s 0000e000 08:04 3943845                    /home/yuki/.local/share/gradle/wrapper/dists/gradle-2.14.1-all/8bnwg5hd3w55iofp58khbp6yv/gradle-2.14.1/lib/plugins/gradle-ivy-2.14.1.jar
7f75fb13f000-7f75fb140000 r--s 00002000 08:04 3943856                    /home/yuki/.local/share/gradle/wrapper/dists/gradle-2.14.1-all/8bnwg5hd3w55iofp58khbp6yv/gradle-2.14.1/lib/plugins/gradle-ide-play-2.14.1.jar
7f75fb140000-7f75fb145000 r--s 0002b000 08:04 3943858                    /home/yuki/.local/share/gradle/wrapper/dists/gradle-2.14.1-all/8bnwg5hd3w55iofp58khbp6yv/gradle-2.14.1/lib/plugins/gradle-ide-native-2.14.1.jar
7f75fb145000-7f75fb150000 r--s 00066000 08:04 3943834                    /home/yuki/.local/share/gradle/wrapper/dists/gradle-2.14.1-all/8bnwg5hd3w55iofp58khbp6yv/gradle-2.14.1/lib/plugins/gradle-ide-2.14.1.jar
7f75fb150000-7f75fb151000 r--s 00008000 08:04 3943839                    /home/yuki/.local/share/gradle/wrapper/dists/gradle-2.14.1-all/8bnwg5hd3w55iofp58khbp6yv/gradle-2.14.1/lib/plugins/gradle-ear-2.14.1.jar
7f75fb151000-7f75fb157000 r--s 00032000 08:04 3943842                    /home/yuki/.local/share/gradle/wrapper/dists/gradle-2.14.1-all/8bnwg5hd3w55iofp58khbp6yv/gradle-2.14.1/lib/plugins/gradle-diagnostics-2.14.1.jar
7f75fb157000-7f75fb15b000 r--s 00021000 08:04 3943829                    /home/yuki/.local/share/gradle/wrapper/dists/gradle-2.14.1-all/8bnwg5hd3w55iofp58khbp6yv/gradle-2.14.1/lib/plugins/gradle-code-quality-2.14.1.jar
7f75fb15b000-7f75fb15f000 r--s 0001f000 08:04 3943847                    /home/yuki/.local/share/gradle/wrapper/dists/gradle-2.14.1-all/8bnwg5hd3w55iofp58khbp6yv/gradle-2.14.1/lib/plugins/gradle-build-init-2.14.1.jar
7f75fb15f000-7f75fb166000 r--s 0008e000 08:04 3943841                    /home/yuki/.local/share/gradle/wrapper/dists/gradle-2.14.1-all/8bnwg5hd3w55iofp58khbp6yv/gradle-2.14.1/lib/plugins/gradle-build-comparison-2.14.1.jar
7f75fb166000-7f75fb168000 r--s 00008000 08:04 3943831                    /home/yuki/.local/share/gradle/wrapper/dists/gradle-2.14.1-all/8bnwg5hd3w55iofp58khbp6yv/gradle-2.14.1/lib/plugins/gradle-antlr-2.14.1.jar
7f75fb168000-7f75fb16a000 r--s 00004000 08:04 3943835                    /home/yuki/.local/share/gradle/wrapper/dists/gradle-2.14.1-all/8bnwg5hd3w55iofp58khbp6yv/gradle-2.14.1/lib/plugins/gradle-announce-2.14.1.jar
7f75fb16a000-7f75fb182000 r--s 00115000 08:04 3943936                    /home/yuki/.local/share/gradle/wrapper/dists/gradle-2.14.1-all/8bnwg5hd3w55iofp58khbp6yv/gradle-2.14.1/lib/plugins/xercesImpl-2.9.1.jar
7f75fb182000-7f75fb18a000 r--s 00028000 08:04 3943937                    /home/yuki/.local/share/gradle/wrapper/dists/gradle-2.14.1-all/8bnwg5hd3w55iofp58khbp6yv/gradle-2.14.1/lib/plugins/xml-apis-1.3.04.jar
7f75fb18a000-7f75fb190000 r--s 0005b000 08:04 3943935                    /home/yuki/.local/share/gradle/wrapper/dists/gradle-2.14.1-all/8bnwg5hd3w55iofp58khbp6yv/gradle-2.14.1/lib/plugins/jcifs-1.3.17.jar
7f75fb190000-7f75fb197000 r--s 00049000 08:04 3943934                    /home/yuki/.local/share/gradle/wrapper/dists/gradle-2.14.1-all/8bnwg5hd3w55iofp58khbp6yv/gradle-2.14.1/lib/plugins/httpcore-4.4.4.jar
7f75fb197000-7f75fb19d000 r--s 00033000 08:04 3943882                    /home/yuki/.local/share/gradle/wrapper/dists/gradle-2.14.1-all/8bnwg5hd3w55iofp58khbp6yv/gradle-2.14.1/lib/plugins/commons-codec-1.6.jar
7f75fb19d000-7f75fb1a0000 r--s 0001c000 08:04 3943892                    /home/yuki/.local/share/gradle/wrapper/dists/gradle-2.14.1-all/8bnwg5hd3w55iofp58khbp6yv/gradle-2.14.1/lib/plugins/nekohtml-1.9.14.jar
7f75fb1a0000-7f75fb1ad000 r--s 000a4000 08:04 3943891                    /home/yuki/.local/share/gradle/wrapper/dists/gradle-2.14.1-all/8bnwg5hd3w55iofp58khbp6yv/gradle-2.14.1/lib/plugins/httpclient-4.4.1.jar
7f75fb1ad000-7f75fb1af000 r--s 0000a000 08:04 3943864                    /home/yuki/.local/share/gradle/wrapper/dists/gradle-2.14.1-all/8bnwg5hd3w55iofp58khbp6yv/gradle-2.14.1/lib/plugins/gradle-resources-http-2.14.1.jar
7f75fb1af000-7f75fb1b3000 r--s 00014000 08:04 3943863                    /home/yuki/.local/share/gradle/wrapper/dists/gradle-2.14.1-all/8bnwg5hd3w55iofp58khbp6yv/gradle-2.14.1/lib/plugins/gradle-plugin-use-2.14.1.jar
7f75fb1b3000-7f75fb1b4000 r--s 00000000 08:04 3943779                    /home/yuki/.local/share/gradle/wrapper/dists/gradle-2.14.1-all/8bnwg5hd3w55iofp58khbp6yv/gradle-2.14.1/lib/gradle-installation-beacon-2.14.1.jar
7f75fb1b4000-7f75fb1b5000 r--s 00007000 08:04 3943930                    /home/yuki/.local/share/gradle/wrapper/dists/gradle-2.14.1-all/8bnwg5hd3w55iofp58khbp6yv/gradle-2.14.1/lib/plugins/wagon-http-shared4-2.4.jar
7f75fb1b5000-7f75fb1b9000 r--s 00033000 08:04 3943929                    /home/yuki/.local/share/gradle/wrapper/dists/gradle-2.14.1-all/8bnwg5hd3w55iofp58khbp6yv/gradle-2.14.1/lib/plugins/plexus-utils-2.0.6.jar
7f75fb1b9000-7f75fb1bd000 r--s 00021000 08:04 3943928                    /home/yuki/.local/share/gradle/wrapper/dists/gradle-2.14.1-all/8bnwg5hd3w55iofp58khbp6yv/gradle-2.14.1/lib/plugins/maven-model-builder-3.0.4.jar
7f75fb1bd000-7f75fb1be000 r--s 00002000 08:04 3943927                    /home/yuki/.local/share/gradle/wrapper/dists/gradle-2.14.1-all/8bnwg5hd3w55iofp58khbp6yv/gradle-2.14.1/lib/plugins/wagon-file-2.4.jar
7f75fb1be000-7f75fb1c0000 r--s 00002000 08:04 3943926                    /home/yuki/.local/share/gradle/wrapper/dists/gradle-2.14.1-all/8bnwg5hd3w55iofp58khbp6yv/gradle-2.14.1/lib/plugins/plexus-cipher-1.7.jar
7f75fb1c0000-7f75fb1c3000 r--s 00013000 08:04 3943925                    /home/yuki/.local/share/gradle/wrapper/dists/gradle-2.14.1-all/8bnwg5hd3w55iofp58khbp6yv/gradle-2.14.1/lib/plugins/aether-api-1.13.1.jar
7f75fb1c3000-7f75fb1c5000 r--s 0000a000 08:04 3943924                    /home/yuki/.local/share/gradle/wrapper/dists/gradle-2.14.1-all/8bnwg5hd3w55iofp58khbp6yv/gradle-2.14.1/lib/plugins/maven-settings-3.0.4.jar
7f75fb1c5000-7f75fb1c7000 r--s 0000d000 08:04 3943923                    /home/yuki/.local/share/gradle/wrapper/dists/gradle-2.14.1-all/8bnwg5hd3w55iofp58khbp6yv/gradle-2.14.1/lib/plugins/plexus-interpolation-1.14.jar
7f75fb1c7000-7f75fb1c9000 r--s 0000b000 08:04 3943922                    /home/yuki/.local/share/gradle/wrapper/dists/gradle-2.14.1-all/8bnwg5hd3w55iofp58khbp6yv/gradle-2.14.1/lib/plugins/maven-artifact-3.0.4.jar
7f75fb1c9000-7f75fb1d0000 r--s 0002e000 08:04 3943921                    /home/yuki/.local/share/gradle/wrapper/dists/gradle-2.14.1-all/8bnwg5hd3w55iofp58khbp6yv/gradle-2.14.1/lib/plugins/plexus-container-default-1.5.5.jar
7f75fb1d0000-7f75fb1d2000 r--s 0000b000 08:04 3943920                    /home/yuki/.local/share/gradle/wrapper/dists/gradle-2.14.1-all/8bnwg5hd3w55iofp58khbp6yv/gradle-2.14.1/lib/plugins/maven-plugin-api-3.0.4.jar
7f75fb1d2000-7f75fb1d4000 r--s 00000000 08:04 3943938                    /home/yuki/.local/share/gradle/wrapper/dists/gradle-2.14.1-all/8bnwg5hd3w55iofp58khbp6yv/gradle-2.14.1/lib/plugins/plexus-component-annotations-1.5.5.jar
7f75fb1d4000-7f75fb1da000 r--s 0003f000 08:04 3943919                    /home/yuki/.local/share/gradle/wrapper/dists/gradle-2.14.1-all/8bnwg5hd3w55iofp58khbp6yv/gradle-2.14.1/lib/plugins/maven-compat-3.0.4.jar
7f75fb1da000-7f75fb1dd000 r--s 00008000 08:04 3943918                    /home/yuki/.local/share/gradle/wrapper/dists/gradle-2.14.1-all/8bnwg5hd3w55iofp58khbp6yv/gradle-2.14.1/lib/plugins/maven-settings-builder-3.0.4.jar
7f75fb1dd000-7f75fb1de000 r--s 00002000 08:04 3943917                    /home/yuki/.local/share/gradle/wrapper/dists/gradle-2.14.1-all/8bnwg5hd3w55iofp58khbp6yv/gradle-2.14.1/lib/plugins/wagon-http-2.4.jar
7f75fb1de000-7f75fb1e0000 r--s 00026000 08:04 3943916                    /home/yuki/.local/share/gradle/wrapper/dists/gradle-2.14.1-all/8bnwg5hd3w55iofp58khbp6yv/gradle-2.14.1/lib/plugins/maven-model-3.0.4.jar
7f75fb1e0000-7f75fb1e2000 r--s 00006000 08:04 3943915                    /home/yuki/.local/share/gradle/wrapper/dists/gradle-2.14.1-all/8bnwg5hd3w55iofp58khbp6yv/gradle-2.14.1/lib/plugins/aether-connector-wagon-1.13.1.jar
7f75fb1e2000-7f75fb1e4000 r--s 0000a000 08:04 3943914                    /home/yuki/.local/share/gradle/wrapper/dists/gradle-2.14.1-all/8bnwg5hd3w55iofp58khbp6yv/gradle-2.14.1/lib/plugins/plexus-classworlds-2.4.jar
7f75fb1e4000-7f75fb1e6000 r--s 00006000 08:04 3943913                    /home/yuki/.local/share/gradle/wrapper/dists/gradle-2.14.1-all/8bnwg5hd3w55iofp58khbp6yv/gradle-2.14.1/lib/plugins/maven-repository-metadata-3.0.4.jar
7f75fb1e6000-7f75fb1e8000 r--s 0000c000 08:04 3943912                    /home/yuki/.local/share/gradle/wrapper/dists/gradle-2.14.1-all/8bnwg5hd3w55iofp58khbp6yv/gradle-2.14.1/lib/plugins/maven-aether-provider-3.0.4.jar
7f75fb1e8000-7f75fb1ea000 r--s 0000b000 08:04 3943911                    /home/yuki/.local/share/gradle/wrapper/dists/gradle-2.14.1-all/8bnwg5hd3w55iofp58khbp6yv/gradle-2.14.1/lib/plugins/wagon-provider-api-2.4.jar
7f75fb1ea000-7f75fb1eb000 r--s 00003000 08:04 3943910                    /home/yuki/.local/share/gradle/wrapper/dists/gradle-2.14.1-all/8bnwg5hd3w55iofp58khbp6yv/gradle-2.14.1/lib/plugins/aether-spi-1.13.1.jar
7f75fb1eb000-7f75fb1ef000 r--s 0001c000 08:04 3943909                    /home/yuki/.local/share/gradle/wrapper/dists/gradle-2.14.1-all/8bnwg5hd3w55iofp58khbp6yv/gradle-2.14.1/lib/plugins/aether-util-1.13.1.jar
7f75fb1ef000-7f75fb1f2000 r--s 0001d000 08:04 3943908                    /home/yuki/.local/share/gradle/wrapper/dists/gradle-2.14.1-all/8bnwg5hd3w55iofp58khbp6yv/gradle-2.14.1/lib/plugins/aether-impl-1.13.1.jar
7f75fb1f2000-7f75fb1f3000 r--s 00006000 08:04 3943907                    /home/yuki/.local/share/gradle/wrapper/dists/gradle-2.14.1-all/8bnwg5hd3w55iofp58khbp6yv/gradle-2.14.1/lib/plugins/plexus-sec-dispatcher-1.3.jar
7f75fb1f3000-7f75fb1f8000 r--s 00040000 08:04 3943893                    /home/yuki/.local/share/gradle/wrapper/dists/gradle-2.14.1-all/8bnwg5hd3w55iofp58khbp6yv/gradle-2.14.1/lib/plugins/jsch-0.1.53.jar
7f75fb1f8000-7f75fb238000 r--s 00277000 08:04 3943903                    /home/yuki/.local/share/gradle/wrapper/dists/gradle-2.14.1-all/8bnwg5hd3w55iofp58khbp6yv/gradle-2.14.1/lib/plugins/bcprov-jdk15on-1.51.jar
7f75fb238000-7f75fb244000 r--s 0007d000 08:04 3943879                    /home/yuki/.local/share/gradle/wrapper/dists/gradle-2.14.1-all/8bnwg5hd3w55iofp58khbp6yv/gradle-2.14.1/lib/plugins/maven-core-3.0.4.jar
7f75fb244000-7f75fb260000 r--s 000d3000 08:04 3943868                    /home/yuki/.local/share/gradle/wrapper/dists/gradle-2.14.1-all/8bnwg5hd3w55iofp58khbp6yv/gradle-2.14.1/lib/plugins/gradle-dependency-management-2.14.1.jar
7f75fb260000-7f75fb269000 r-xp 00000000 08:04 1060988                    /usr/lib/jvm/java-8-openjdk-amd64/jre/lib/amd64/libmanagement.so
7f75fb269000-7f75fb468000 ---p 00009000 08:04 1060988                    /usr/lib/jvm/java-8-openjdk-amd64/jre/lib/amd64/libmanagement.so
7f75fb468000-7f75fb469000 r--p 00008000 08:04 1060988                    /usr/lib/jvm/java-8-openjdk-amd64/jre/lib/amd64/libmanagement.so
7f75fb469000-7f75fb46a000 rw-p 00009000 08:04 1060988                    /usr/lib/jvm/java-8-openjdk-amd64/jre/lib/amd64/libmanagement.so
7f75fb46a000-7f75fb47f000 r-xp 00000000 08:04 786936                     /tmp/jna3016795283415144331.tmp
7f75fb47f000-7f75fb57e000 ---p 00015000 08:04 786936                     /tmp/jna3016795283415144331.tmp
7f75fb57e000-7f75fb580000 rw-p 00014000 08:04 786936                     /tmp/jna3016795283415144331.tmp
7f75fb580000-7f75fb5a5000 r-xp 00000000 08:04 267439                     /lib/x86_64-linux-gnu/libtinfo.so.5.9
7f75fb5a5000-7f75fb7a4000 ---p 00025000 08:04 267439                     /lib/x86_64-linux-gnu/libtinfo.so.5.9
7f75fb7a4000-7f75fb7a8000 r--p 00024000 08:04 267439                     /lib/x86_64-linux-gnu/libtinfo.so.5.9
7f75fb7a8000-7f75fb7a9000 rw-p 00028000 08:04 267439                     /lib/x86_64-linux-gnu/libtinfo.so.5.9
7f75fb7a9000-7f75fb7ca000 r-xp 00000000 08:04 267349                     /lib/x86_64-linux-gnu/libncurses.so.5.9
7f75fb7ca000-7f75fb9c9000 ---p 00021000 08:04 267349                     /lib/x86_64-linux-gnu/libncurses.so.5.9
7f75fb9c9000-7f75fb9ca000 r--p 00020000 08:04 267349                     /lib/x86_64-linux-gnu/libncurses.so.5.9
7f75fb9ca000-7f75fb9cb000 rw-p 00021000 08:04 267349                     /lib/x86_64-linux-gnu/libncurses.so.5.9
7f75fb9cb000-7f75fb9cf000 r--s 0001d000 08:04 3943902                    /home/yuki/.local/share/gradle/wrapper/dists/gradle-2.14.1-all/8bnwg5hd3w55iofp58khbp6yv/gradle-2.14.1/lib/plugins/xbean-reflect-3.4.jar
7f75fb9cf000-7f75fb9de000 r--s 000d9000 08:04 3943901                    /home/yuki/.local/share/gradle/wrapper/dists/gradle-2.14.1-all/8bnwg5hd3w55iofp58khbp6yv/gradle-2.14.1/lib/plugins/ivy-2.2.0.jar
7f75fb9de000-7f75fb9e5000 r--s 00000000 08:04 1314568                    /usr/lib/x86_64-linux-gnu/gconv/gconv-modules.cache
7f75fb9e5000-7f75fb9e8000 r-xp 00000000 08:04 3169459                    /home/yuki/.local/share/gradle/native/19/linux-amd64/libnative-platform-curses.so
7f75fb9e8000-7f75fbbe8000 ---p 00003000 08:04 3169459                    /home/yuki/.local/share/gradle/native/19/linux-amd64/libnative-platform-curses.so
7f75fbbe8000-7f75fbbe9000 rw-p 00003000 08:04 3169459                    /home/yuki/.local/share/gradle/native/19/linux-amd64/libnative-platform-curses.so
7f75fbbe9000-7f75fbbed000 r-xp 00000000 08:04 3169457                    /home/yuki/.local/share/gradle/native/19/linux-amd64/libnative-platform.so
7f75fbbed000-7f75fbdec000 ---p 00004000 08:04 3169457                    /home/yuki/.local/share/gradle/native/19/linux-amd64/libnative-platform.so
7f75fbdec000-7f75fbded000 rw-p 00003000 08:04 3169457                    /home/yuki/.local/share/gradle/native/19/linux-amd64/libnative-platform.so
7f75fbded000-7f75fbdfe000 r-xp 00000000 08:04 1060991                    /usr/lib/jvm/java-8-openjdk-amd64/jre/lib/amd64/libnio.so
7f75fbdfe000-7f75fbffe000 ---p 00011000 08:04 1060991                    /usr/lib/jvm/java-8-openjdk-amd64/jre/lib/amd64/libnio.so
7f75fbffe000-7f75fbfff000 r--p 00011000 08:04 1060991                    /usr/lib/jvm/java-8-openjdk-amd64/jre/lib/amd64/libnio.so
7f75fbfff000-7f75fc000000 rw-p 00012000 08:04 1060991                    /usr/lib/jvm/java-8-openjdk-amd64/jre/lib/amd64/libnio.so
7f75fc000000-7f75fc021000 rw-p 00000000 00:00 0 
7f75fc021000-7f7600000000 ---p 00000000 00:00 0 
7f7600000000-7f7600021000 rw-p 00000000 00:00 0 
7f7600021000-7f7604000000 ---p 00000000 00:00 0 
7f7604000000-7f7605f37000 rw-p 00000000 00:00 0 
7f7605f37000-7f7608000000 ---p 00000000 00:00 0 
7f7608000000-7f7608b8b000 rw-p 00000000 00:00 0 
7f7608b8b000-7f760c000000 ---p 00000000 00:00 0 
7f760c000000-7f760c021000 rw-p 00000000 00:00 0 
7f760c021000-7f7610000000 ---p 00000000 00:00 0 
7f7610000000-7f7610021000 rw-p 00000000 00:00 0 
7f7610021000-7f7614000000 ---p 00000000 00:00 0 
7f7614000000-7f76142e8000 rw-p 00000000 00:00 0 
7f76142e8000-7f7618000000 ---p 00000000 00:00 0 
7f7618000000-7f7618021000 rw-p 00000000 00:00 0 
7f7618021000-7f761c000000 ---p 00000000 00:00 0 
7f761c000000-7f761c04a000 rw-p 00000000 00:00 0 
7f761c04a000-7f7620000000 ---p 00000000 00:00 0 
7f7620000000-7f7620005000 r--s 0002a000 08:04 3943886                    /home/yuki/.local/share/gradle/wrapper/dists/gradle-2.14.1-all/8bnwg5hd3w55iofp58khbp6yv/gradle-2.14.1/lib/plugins/gson-2.2.4.jar
7f7620005000-7f7620007000 r--s 00005000 08:04 3943778                    /home/yuki/.local/share/gradle/wrapper/dists/gradle-2.14.1-all/8bnwg5hd3w55iofp58khbp6yv/gradle-2.14.1/lib/gradle-wrapper-2.14.1.jar
7f7620007000-7f7620015000 r--s 0004f000 08:04 3943785                    /home/yuki/.local/share/gradle/wrapper/dists/gradle-2.14.1-all/8bnwg5hd3w55iofp58khbp6yv/gradle-2.14.1/lib/gradle-tooling-api-2.14.1.jar
7f7620015000-7f7620017000 r--s 00002000 08:04 3943805                    /home/yuki/.local/share/gradle/wrapper/dists/gradle-2.14.1-all/8bnwg5hd3w55iofp58khbp6yv/gradle-2.14.1/lib/gradle-open-api-2.14.1.jar
7f7620017000-7f762001d000 r--s 00032000 08:04 3943807                    /home/yuki/.local/share/gradle/wrapper/dists/gradle-2.14.1-all/8bnwg5hd3w55iofp58khbp6yv/gradle-2.14.1/lib/jaxen-1.1.jar
7f762001d000-7f7620022000 r--s 00048000 08:04 3943806                    /home/yuki/.local/share/gradle/wrapper/dists/gradle-2.14.1-all/8bnwg5hd3w55iofp58khbp6yv/gradle-2.14.1/lib/dom4j-1.6.1.jar
7f7620022000-7f762002d000 r--s 00059000 08:04 3943784                    /home/yuki/.local/share/gradle/wrapper/dists/gradle-2.14.1-all/8bnwg5hd3w55iofp58khbp6yv/gradle-2.14.1/lib/gradle-ui-2.14.1.jar
7f762002d000-7f7620030000 r--s 0000b000 08:04 3943803                    /home/yuki/.local/share/gradle/wrapper/dists/gradle-2.14.1-all/8bnwg5hd3w55iofp58khbp6yv/gradle-2.14.1/lib/gradle-resources-2.14.1.jar
7f7620030000-7f7620032000 r--s 00003000 08:04 3943815                    /home/yuki/.local/share/gradle/wrapper/dists/gradle-2.14.1-all/8bnwg5hd3w55iofp58khbp6yv/gradle-2.14.1/lib/jcl-over-slf4j-1.7.10.jar
7f7620032000-7f7620033000 r--s 00005000 08:04 3943814                    /home/yuki/.local/share/gradle/wrapper/dists/gradle-2.14.1-all/8bnwg5hd3w55iofp58khbp6yv/gradle-2.14.1/lib/log4j-over-slf4j-1.7.10.jar
7f7620033000-7f7620035000 r--s 00000000 08:04 3943813                    /home/yuki/.local/share/gradle/wrapper/dists/gradle-2.14.1-all/8bnwg5hd3w55iofp58khbp6yv/gradle-2.14.1/lib/jul-to-slf4j-1.7.10.jar
7f7620035000-7f762003a000 r--s 0001c000 08:04 3943802                    /home/yuki/.local/share/gradle/wrapper/dists/gradle-2.14.1-all/8bnwg5hd3w55iofp58khbp6yv/gradle-2.14.1/lib/gradle-logging-2.14.1.jar
7f762003a000-7f762003c000 r--s 00007000 08:04 3943826                    /home/yuki/.local/share/gradle/wrapper/dists/gradle-2.14.1-all/8bnwg5hd3w55iofp58khbp6yv/gradle-2.14.1/lib/objenesis-1.2.jar
7f762003c000-7f762003e000 r--s 00000000 08:04 3943825                    /home/yuki/.local/share/gradle/wrapper/dists/gradle-2.14.1-all/8bnwg5hd3w55iofp58khbp6yv/gradle-2.14.1/lib/minlog-1.2.jar
7f762003e000-7f7620040000 r--s 0000f000 08:04 3943824                    /home/yuki/.local/share/gradle/wrapper/dists/gradle-2.14.1-all/8bnwg5hd3w55iofp58khbp6yv/gradle-2.14.1/lib/reflectasm-1.07-shaded.jar
7f7620040000-7f7620044000 r--s 00026000 08:04 3943812                    /home/yuki/.local/share/gradle/wrapper/dists/gradle-2.14.1-all/8bnwg5hd3w55iofp58khbp6yv/gradle-2.14.1/lib/kryo-2.20.jar
7f7620044000-7f762004a000 r--s 00025000 08:04 3943801                    /home/yuki/.local/share/gradle/wrapper/dists/gradle-2.14.1-all/8bnwg5hd3w55iofp58khbp6yv/gradle-2.14.1/lib/gradle-messaging-2.14.1.jar
7f762004a000-7f762004b000 r--s 00003000 08:04 3943823                    /home/yuki/.local/share/gradle/wrapper/dists/gradle-2.14.1-all/8bnwg5hd3w55iofp58khbp6yv/gradle-2.14.1/lib/native-platform-freebsd-amd64-0.10.jar
7f762004b000-7f762004c000 r--s 00003000 08:04 3943822                    /home/yuki/.local/share/gradle/wrapper/dists/gradle-2.14.1-all/8bnwg5hd3w55iofp58khbp6yv/gradle-2.14.1/lib/native-platform-freebsd-i386-0.10.jar
7f762004c000-7f762004d000 r--s 00005000 08:04 3943821                    /home/yuki/.local/share/gradle/wrapper/dists/gradle-2.14.1-all/8bnwg5hd3w55iofp58khbp6yv/gradle-2.14.1/lib/native-platform-windows-i386-0.10.jar
7f762004d000-7f762004e000 r--s 00005000 08:04 3943820                    /home/yuki/.local/share/gradle/wrapper/dists/gradle-2.14.1-all/8bnwg5hd3w55iofp58khbp6yv/gradle-2.14.1/lib/native-platform-windows-amd64-0.10.jar
7f762004e000-7f762004f000 r--s 00003000 08:04 3943819                    /home/yuki/.local/share/gradle/wrapper/dists/gradle-2.14.1-all/8bnwg5hd3w55iofp58khbp6yv/gradle-2.14.1/lib/native-platform-linux-i386-0.10.jar
7f762004f000-7f7620050000 r--s 00003000 08:04 3943818                    /home/yuki/.local/share/gradle/wrapper/dists/gradle-2.14.1-all/8bnwg5hd3w55iofp58khbp6yv/gradle-2.14.1/lib/native-platform-linux-amd64-0.10.jar
7f7620050000-7f7620051000 r--s 00002000 08:04 3943817                    /home/yuki/.local/share/gradle/wrapper/dists/gradle-2.14.1-all/8bnwg5hd3w55iofp58khbp6yv/gradle-2.14.1/lib/native-platform-osx-amd64-0.10.jar
7f7620051000-7f7620052000 r--s 00002000 08:04 3943816                    /home/yuki/.local/share/gradle/wrapper/dists/gradle-2.14.1-all/8bnwg5hd3w55iofp58khbp6yv/gradle-2.14.1/lib/native-platform-osx-i386-0.10.jar
7f7620052000-7f7620054000 r--s 00008000 08:04 3943810                    /home/yuki/.local/share/gradle/wrapper/dists/gradle-2.14.1-all/8bnwg5hd3w55iofp58khbp6yv/gradle-2.14.1/lib/jansi-1.2.1.jar
7f7620054000-7f7620057000 r--s 0000d000 08:04 3943809                    /home/yuki/.local/share/gradle/wrapper/dists/gradle-2.14.1-all/8bnwg5hd3w55iofp58khbp6yv/gradle-2.14.1/lib/native-platform-0.10.jar
7f7620057000-7f762005b000 r--s 000e4000 08:04 3943808                    /home/yuki/.local/share/gradle/wrapper/dists/gradle-2.14.1-all/8bnwg5hd3w55iofp58khbp6yv/gradle-2.14.1/lib/jna-3.2.7.jar
7f762005b000-7f762005d000 r--s 00009000 08:04 3943786                    /home/yuki/.local/share/gradle/wrapper/dists/gradle-2.14.1-all/8bnwg5hd3w55iofp58khbp6yv/gradle-2.14.1/lib/gradle-native-2.14.1.jar
7f762005d000-7f762005f000 r--s 00005000 08:04 3943783                    /home/yuki/.local/share/gradle/wrapper/dists/gradle-2.14.1-all/8bnwg5hd3w55iofp58khbp6yv/gradle-2.14.1/lib/gradle-cli-2.14.1.jar
7f762005f000-7f7620061000 r--s 00007000 08:04 3943793                    /home/yuki/.local/share/gradle/wrapper/dists/gradle-2.14.1-all/8bnwg5hd3w55iofp58khbp6yv/gradle-2.14.1/lib/gradle-model-groovy-2.14.1.jar
7f7620061000-7f7620062000 r--s 00006000 08:04 3943800                    /home/yuki/.local/share/gradle/wrapper/dists/gradle-2.14.1-all/8bnwg5hd3w55iofp58khbp6yv/gradle-2.14.1/lib/gradle-base-services-groovy-2.14.1.jar
7f7620062000-7f7620071000 r--s 00080000 08:04 3943792                    /home/yuki/.local/share/gradle/wrapper/dists/gradle-2.14.1-all/8bnwg5hd3w55iofp58khbp6yv/gradle-2.14.1/lib/gradle-model-core-2.14.1.jar
7f7620071000-7f7620072000 r--s 00002000 08:04 3943804                    /home/yuki/.local/share/gradle/wrapper/dists/gradle-2.14.1-all/8bnwg5hd3w55iofp58khbp6yv/gradle-2.14.1/lib/gradle-docs-2.14.1.jar
7f7620072000-7f7620073000 r--s 00000000 08:04 3943799                    /home/yuki/.local/share/gradle/wrapper/dists/gradle-2.14.1-all/8bnwg5hd3w55iofp58khbp6yv/gradle-2.14.1/lib/javax.inject-1.jar
7f7620073000-7f7620074000 r--s 00000000 08:04 3943798                    /home/yuki/.local/share/gradle/wrapper/dists/gradle-2.14.1-all/8bnwg5hd3w55iofp58khbp6yv/gradle-2.14.1/lib/jcip-annotations-1.0.jar
7f7620074000-7f7620078000 r--s 00027000 08:04 3943797                    /home/yuki/.local/share/gradle/wrapper/dists/gradle-2.14.1-all/8bnwg5hd3w55iofp58khbp6yv/gradle-2.14.1/lib/commons-io-2.2.jar
7f7620078000-7f7620085000 r--s 00083000 08:04 3943796                    /home/yuki/.local/share/gradle/wrapper/dists/gradle-2.14.1-all/8bnwg5hd3w55iofp58khbp6yv/gradle-2.14.1/lib/commons-collections-3.2.2.jar
7f7620085000-7f762008a000 r--s 00038000 08:04 3943794                    /home/yuki/.local/share/gradle/wrapper/dists/gradle-2.14.1-all/8bnwg5hd3w55iofp58khbp6yv/gradle-2.14.1/lib/asm-all-5.1.jar
7f762008a000-7f76200f9000 r--s 0063e000 08:04 3943791                    /home/yuki/.local/share/gradle/wrapper/dists/gradle-2.14.1-all/8bnwg5hd3w55iofp58khbp6yv/gradle-2.14.1/lib/groovy-all-2.4.4.jar
7f76200f9000-7f76200fe000 r--s 00041000 08:04 3943789                    /home/yuki/.local/share/gradle/wrapper/dists/gradle-2.14.1-all/8bnwg5hd3w55iofp58khbp6yv/gradle-2.14.1/lib/commons-lang-2.6.jar
7f76200fe000-7f7620126000 r--s 001cf000 08:04 3943788                    /home/yuki/.local/share/gradle/wrapper/dists/gradle-2.14.1-all/8bnwg5hd3w55iofp58khbp6yv/gradle-2.14.1/lib/guava-jdk5-17.0.jar
7f7620126000-7f7620145000 r--s 001d1000 08:04 3943795                    /home/yuki/.local/share/gradle/wrapper/dists/gradle-2.14.1-all/8bnwg5hd3w55iofp58khbp6yv/gradle-2.14.1/lib/ant-1.9.6.jar
7f7620145000-7f762014d000 r--s 0003a000 08:04 3943780                    /home/yuki/.local/share/gradle/wrapper/dists/gradle-2.14.1-all/8bnwg5hd3w55iofp58khbp6yv/gradle-2.14.1/lib/gradle-base-services-2.14.1.jar
7f762014d000-7f7620184000 r--s 001bd000 08:04 3943782                    /home/yuki/.local/share/gradle/wrapper/dists/gradle-2.14.1-all/8bnwg5hd3w55iofp58khbp6yv/gradle-2.14.1/lib/gradle-core-2.14.1.jar
7f7620184000-7f762019b000 r-xp 00000000 08:04 1060990                    /usr/lib/jvm/java-8-openjdk-amd64/jre/lib/amd64/libnet.so
7f762019b000-7f762039a000 ---p 00017000 08:04 1060990                    /usr/lib/jvm/java-8-openjdk-amd64/jre/lib/amd64/libnet.so
7f762039a000-7f762039b000 r--p 00016000 08:04 1060990                    /usr/lib/jvm/java-8-openjdk-amd64/jre/lib/amd64/libnet.so
7f762039b000-7f762039c000 rw-p 00017000 08:04 1060990                    /usr/lib/jvm/java-8-openjdk-amd64/jre/lib/amd64/libnet.so
7f762039c000-7f76203b7000 r--s 001d6000 08:04 1063996                    /usr/lib/jvm/java-8-openjdk-amd64/jre/lib/ext/nashorn.jar
7f76203b7000-7f76203d2000 r--s 00394000 08:04 1061012                    /usr/lib/jvm/java-8-openjdk-amd64/jre/lib/ext/cldrdata.jar
7f76203d2000-7f76203d3000 ---p 00000000 00:00 0 
7f76203d3000-7f76204d3000 rw-p 00000000 00:00 0 
7f76204d3000-7f76204d6000 ---p 00000000 00:00 0 
7f76204d6000-7f76205d4000 rw-p 00000000 00:00 0 
7f76205d4000-7f76205d7000 ---p 00000000 00:00 0 
7f76205d7000-7f76206d5000 rw-p 00000000 00:00 0 
7f76206d5000-7f76206d8000 ---p 00000000 00:00 0 
7f76206d8000-7f76207d6000 rw-p 00000000 00:00 0 
7f76207d6000-7f76207d9000 ---p 00000000 00:00 0 
7f76207d9000-7f76208d7000 rw-p 00000000 00:00 0 
7f76208d7000-7f762139e000 r--p 00000000 08:04 1056825                    /usr/lib/locale/locale-archive
7f762139e000-7f76213a1000 ---p 00000000 00:00 0 
7f76213a1000-7f762149f000 rw-p 00000000 00:00 0 
7f762149f000-7f76214a2000 ---p 00000000 00:00 0 
7f76214a2000-7f76215a0000 rw-p 00000000 00:00 0 
7f76215a0000-7f76215a1000 ---p 00000000 00:00 0 
7f76215a1000-7f7621fcb000 rw-p 00000000 00:00 0 
7f7621fcb000-7f762219a000 r--s 03c07000 08:04 1064017                    /usr/lib/jvm/java-8-openjdk-amd64/jre/lib/rt.jar
7f762219a000-7f7624000000 rw-p 00000000 00:00 0 
7f7624000000-7f7624029000 rw-p 00000000 00:00 0 
7f7624029000-7f7628000000 ---p 00000000 00:00 0 
7f7628000000-7f7628001000 r--s 00001000 08:04 3943790                    /home/yuki/.local/share/gradle/wrapper/dists/gradle-2.14.1-all/8bnwg5hd3w55iofp58khbp6yv/gradle-2.14.1/lib/gradle-process-services-2.14.1.jar
7f7628001000-7f7628002000 r--s 00000000 08:04 3943781                    /home/yuki/.local/share/gradle/wrapper/dists/gradle-2.14.1-all/8bnwg5hd3w55iofp58khbp6yv/gradle-2.14.1/lib/gradle-jvm-services-2.14.1.jar
7f7628002000-7f762800d000 r--s 00051000 08:04 3943777                    /home/yuki/.local/share/gradle/wrapper/dists/gradle-2.14.1-all/8bnwg5hd3w55iofp58khbp6yv/gradle-2.14.1/lib/gradle-launcher-2.14.1.jar
7f762800d000-7f7628012000 r--s 0009a000 08:04 1064012                    /usr/lib/jvm/java-8-openjdk-amd64/jre/lib/jsse.jar
7f7628012000-7f7628a3e000 rw-p 00000000 00:00 0 
7f7628a3e000-7f7628a3f000 ---p 00000000 00:00 0 
7f7628a3f000-7f7628b3f000 rw-p 00000000 00:00 0 
7f7628b3f000-7f7628b40000 ---p 00000000 00:00 0 
7f7628b40000-7f7628c67000 rw-p 00000000 00:00 0 
7f7628c67000-7f7629000000 ---p 00000000 00:00 0 
7f7629000000-7f7629990000 rwxp 00000000 00:00 0 
7f7629990000-7f7638000000 ---p 00000000 00:00 0 
7f7638000000-7f76399c1000 rw-p 00000000 00:00 0 
7f76399c1000-7f763c000000 ---p 00000000 00:00 0 
7f763c000000-7f763c002000 r--s 0000b000 08:04 3315491                    /home/yuki/.local/src/github.com/acomagu/reor/android/gradle/wrapper/gradle-wrapper.jar
7f763c002000-7f763c00c000 r--s 00116000 08:04 1063995                    /usr/lib/jvm/java-8-openjdk-amd64/jre/lib/ext/localedata.jar
7f763c00c000-7f763c023000 rw-p 00000000 00:00 0 
7f763c023000-7f763c14c000 ---p 00000000 00:00 0 
7f763c14c000-7f763c163000 rw-p 00000000 00:00 0 
7f763c163000-7f763c28b000 ---p 00000000 00:00 0 
7f763c28b000-7f763c2ca000 rw-p 00000000 00:00 0 
7f763c2ca000-7f763c32b000 ---p 00000000 00:00 0 
7f763c32b000-7f763c32c000 rw-p 00000000 00:00 0 
7f763c32c000-7f763c334000 r-xp 00000000 08:04 1060998                    /usr/lib/jvm/java-8-openjdk-amd64/jre/lib/amd64/libzip.so
7f763c334000-7f763c533000 ---p 00008000 08:04 1060998                    /usr/lib/jvm/java-8-openjdk-amd64/jre/lib/amd64/libzip.so
7f763c533000-7f763c534000 r--p 00007000 08:04 1060998                    /usr/lib/jvm/java-8-openjdk-amd64/jre/lib/amd64/libzip.so
7f763c534000-7f763c535000 rw-p 00008000 08:04 1060998                    /usr/lib/jvm/java-8-openjdk-amd64/jre/lib/amd64/libzip.so
7f763c535000-7f763c540000 r-xp 00000000 08:04 267366                     /lib/x86_64-linux-gnu/libnss_files-2.24.so
7f763c540000-7f763c73f000 ---p 0000b000 08:04 267366                     /lib/x86_64-linux-gnu/libnss_files-2.24.so
7f763c73f000-7f763c740000 r--p 0000a000 08:04 267366                     /lib/x86_64-linux-gnu/libnss_files-2.24.so
7f763c740000-7f763c741000 rw-p 0000b000 08:04 267366                     /lib/x86_64-linux-gnu/libnss_files-2.24.so
7f763c741000-7f763c747000 rw-p 00000000 00:00 0 
7f763c747000-7f763c752000 r-xp 00000000 08:04 267377                     /lib/x86_64-linux-gnu/libnss_nis-2.24.so
7f763c752000-7f763c951000 ---p 0000b000 08:04 267377                     /lib/x86_64-linux-gnu/libnss_nis-2.24.so
7f763c951000-7f763c952000 r--p 0000a000 08:04 267377                     /lib/x86_64-linux-gnu/libnss_nis-2.24.so
7f763c952000-7f763c953000 rw-p 0000b000 08:04 267377                     /lib/x86_64-linux-gnu/libnss_nis-2.24.so
7f763c953000-7f763c969000 r-xp 00000000 08:04 267360                     /lib/x86_64-linux-gnu/libnsl-2.24.so
7f763c969000-7f763cb68000 ---p 00016000 08:04 267360                     /lib/x86_64-linux-gnu/libnsl-2.24.so
7f763cb68000-7f763cb69000 r--p 00015000 08:04 267360                     /lib/x86_64-linux-gnu/libnsl-2.24.so
7f763cb69000-7f763cb6a000 rw-p 00016000 08:04 267360                     /lib/x86_64-linux-gnu/libnsl-2.24.so
7f763cb6a000-7f763cb6c000 rw-p 00000000 00:00 0 
7f763cb6c000-7f763cb74000 r-xp 00000000 08:04 267362                     /lib/x86_64-linux-gnu/libnss_compat-2.24.so
7f763cb74000-7f763cd73000 ---p 00008000 08:04 267362                     /lib/x86_64-linux-gnu/libnss_compat-2.24.so
7f763cd73000-7f763cd74000 r--p 00007000 08:04 267362                     /lib/x86_64-linux-gnu/libnss_compat-2.24.so
7f763cd74000-7f763cd75000 rw-p 00008000 08:04 267362                     /lib/x86_64-linux-gnu/libnss_compat-2.24.so
7f763cd75000-7f763cda2000 r-xp 00000000 08:04 1060979                    /usr/lib/jvm/java-8-openjdk-amd64/jre/lib/amd64/libjava.so
7f763cda2000-7f763cfa1000 ---p 0002d000 08:04 1060979                    /usr/lib/jvm/java-8-openjdk-amd64/jre/lib/amd64/libjava.so
7f763cfa1000-7f763cfa2000 r--p 0002c000 08:04 1060979                    /usr/lib/jvm/java-8-openjdk-amd64/jre/lib/amd64/libjava.so
7f763cfa2000-7f763cfa4000 rw-p 0002d000 08:04 1060979                    /usr/lib/jvm/java-8-openjdk-amd64/jre/lib/amd64/libjava.so
7f763cfa4000-7f763cfb3000 r-xp 00000000 08:04 1060997                    /usr/lib/jvm/java-8-openjdk-amd64/jre/lib/amd64/libverify.so
7f763cfb3000-7f763d1b2000 ---p 0000f000 08:04 1060997                    /usr/lib/jvm/java-8-openjdk-amd64/jre/lib/amd64/libverify.so
7f763d1b2000-7f763d1b4000 r--p 0000e000 08:04 1060997                    /usr/lib/jvm/java-8-openjdk-amd64/jre/lib/amd64/libverify.so
7f763d1b4000-7f763d1b5000 rw-p 00010000 08:04 1060997                    /usr/lib/jvm/java-8-openjdk-amd64/jre/lib/amd64/libverify.so
7f763d1b5000-7f763d1bc000 r-xp 00000000 08:04 267421                     /lib/x86_64-linux-gnu/librt-2.24.so
7f763d1bc000-7f763d3bb000 ---p 00007000 08:04 267421                     /lib/x86_64-linux-gnu/librt-2.24.so
7f763d3bb000-7f763d3bc000 r--p 00006000 08:04 267421                     /lib/x86_64-linux-gnu/librt-2.24.so
7f763d3bc000-7f763d3bd000 rw-p 00007000 08:04 267421                     /lib/x86_64-linux-gnu/librt-2.24.so
7f763d3bd000-7f763d3d3000 r-xp 00000000 08:04 267311                     /lib/x86_64-linux-gnu/libgcc_s.so.1
7f763d3d3000-7f763d5d2000 ---p 00016000 08:04 267311                     /lib/x86_64-linux-gnu/libgcc_s.so.1
7f763d5d2000-7f763d5d3000 r--p 00015000 08:04 267311                     /lib/x86_64-linux-gnu/libgcc_s.so.1
7f763d5d3000-7f763d5d4000 rw-p 00016000 08:04 267311                     /lib/x86_64-linux-gnu/libgcc_s.so.1
7f763d5d4000-7f763d6dc000 r-xp 00000000 08:04 267339                     /lib/x86_64-linux-gnu/libm-2.24.so
7f763d6dc000-7f763d8db000 ---p 00108000 08:04 267339                     /lib/x86_64-linux-gnu/libm-2.24.so
7f763d8db000-7f763d8dc000 r--p 00107000 08:04 267339                     /lib/x86_64-linux-gnu/libm-2.24.so
7f763d8dc000-7f763d8dd000 rw-p 00108000 08:04 267339                     /lib/x86_64-linux-gnu/libm-2.24.so
7f763d8dd000-7f763da56000 r-xp 00000000 08:04 1059430                    /usr/lib/x86_64-linux-gnu/libstdc++.so.6.0.22
7f763da56000-7f763dc55000 ---p 00179000 08:04 1059430                    /usr/lib/x86_64-linux-gnu/libstdc++.so.6.0.22
7f763dc55000-7f763dc5f000 r--p 00178000 08:04 1059430                    /usr/lib/x86_64-linux-gnu/libstdc++.so.6.0.22
7f763dc5f000-7f763dc61000 rw-p 00182000 08:04 1059430                    /usr/lib/x86_64-linux-gnu/libstdc++.so.6.0.22
7f763dc61000-7f763dc65000 rw-p 00000000 00:00 0 
7f763dc65000-7f763e8bb000 r-xp 00000000 08:04 1061000                    /usr/lib/jvm/java-8-openjdk-amd64/jre/lib/amd64/server/libjvm.so
7f763e8bb000-7f763eabb000 ---p 00c56000 08:04 1061000                    /usr/lib/jvm/java-8-openjdk-amd64/jre/lib/amd64/server/libjvm.so
7f763eabb000-7f763eb4e000 r--p 00c56000 08:04 1061000                    /usr/lib/jvm/java-8-openjdk-amd64/jre/lib/amd64/server/libjvm.so
7f763eb4e000-7f763eb77000 rw-p 00ce9000 08:04 1061000                    /usr/lib/jvm/java-8-openjdk-amd64/jre/lib/amd64/server/libjvm.so
7f763eb77000-7f763eba7000 rw-p 00000000 00:00 0 
7f763eba7000-7f763ebbf000 r-xp 00000000 08:04 267413                     /lib/x86_64-linux-gnu/libpthread-2.24.so
7f763ebbf000-7f763edbf000 ---p 00018000 08:04 267413                     /lib/x86_64-linux-gnu/libpthread-2.24.so
7f763edbf000-7f763edc0000 r--p 00018000 08:04 267413                     /lib/x86_64-linux-gnu/libpthread-2.24.so
7f763edc0000-7f763edc1000 rw-p 00019000 08:04 267413                     /lib/x86_64-linux-gnu/libpthread-2.24.so
7f763edc1000-7f763edc5000 rw-p 00000000 00:00 0 
7f763edc5000-7f763edc8000 r-xp 00000000 08:04 267297                     /lib/x86_64-linux-gnu/libdl-2.24.so
7f763edc8000-7f763efc7000 ---p 00003000 08:04 267297                     /lib/x86_64-linux-gnu/libdl-2.24.so
7f763efc7000-7f763efc8000 r--p 00002000 08:04 267297                     /lib/x86_64-linux-gnu/libdl-2.24.so
7f763efc8000-7f763efc9000 rw-p 00003000 08:04 267297                     /lib/x86_64-linux-gnu/libdl-2.24.so
7f763efc9000-7f763efe4000 r-xp 00000000 08:04 267454                     /lib/x86_64-linux-gnu/libz.so.1.2.11
7f763efe4000-7f763f1e3000 ---p 0001b000 08:04 267454                     /lib/x86_64-linux-gnu/libz.so.1.2.11
7f763f1e3000-7f763f1e4000 r--p 0001a000 08:04 267454                     /lib/x86_64-linux-gnu/libz.so.1.2.11
7f763f1e4000-7f763f1e5000 rw-p 0001b000 08:04 267454                     /lib/x86_64-linux-gnu/libz.so.1.2.11
7f763f1e5000-7f763f3a2000 r-xp 00000000 08:04 267273                     /lib/x86_64-linux-gnu/libc-2.24.so
7f763f3a2000-7f763f5a2000 ---p 001bd000 08:04 267273                     /lib/x86_64-linux-gnu/libc-2.24.so
7f763f5a2000-7f763f5a6000 r--p 001bd000 08:04 267273                     /lib/x86_64-linux-gnu/libc-2.24.so
7f763f5a6000-7f763f5a8000 rw-p 001c1000 08:04 267273                     /lib/x86_64-linux-gnu/libc-2.24.so
7f763f5a8000-7f763f5ac000 rw-p 00000000 00:00 0 
7f763f5ac000-7f763f5b9000 r-xp 00000000 08:04 1060965                    /usr/lib/jvm/java-8-openjdk-amd64/jre/lib/amd64/jli/libjli.so
7f763f5b9000-7f763f7b9000 ---p 0000d000 08:04 1060965                    /usr/lib/jvm/java-8-openjdk-amd64/jre/lib/amd64/jli/libjli.so
7f763f7b9000-7f763f7ba000 r--p 0000d000 08:04 1060965                    /usr/lib/jvm/java-8-openjdk-amd64/jre/lib/amd64/jli/libjli.so
7f763f7ba000-7f763f7bb000 rw-p 0000e000 08:04 1060965                    /usr/lib/jvm/java-8-openjdk-amd64/jre/lib/amd64/jli/libjli.so
7f763f7bb000-7f763f7e0000 r-xp 00000000 08:04 267245                     /lib/x86_64-linux-gnu/ld-2.24.so
7f763f7e0000-7f763f7e1000 r--s 00007000 08:04 3943787                    /home/yuki/.local/share/gradle/wrapper/dists/gradle-2.14.1-all/8bnwg5hd3w55iofp58khbp6yv/gradle-2.14.1/lib/slf4j-api-1.7.10.jar
7f763f7e1000-7f763f7e6000 r--s 0003b000 08:04 1063998                    /usr/lib/jvm/java-8-openjdk-amd64/jre/lib/ext/sunjce_provider.jar
7f763f7e6000-7f763f8be000 rw-p 00000000 00:00 0 
7f763f8be000-7f763f8c1000 ---p 00000000 00:00 0 
7f763f8c1000-7f763f9c3000 rw-p 00000000 00:00 0 
7f763f9c3000-7f763f9c4000 r--s 00004000 08:04 3943811                    /home/yuki/.local/share/gradle/wrapper/dists/gradle-2.14.1-all/8bnwg5hd3w55iofp58khbp6yv/gradle-2.14.1/lib/ant-launcher-1.9.6.jar
7f763f9c4000-7f763f9c5000 r--s 00010000 08:04 1064000                    /usr/lib/jvm/java-8-openjdk-amd64/jre/lib/ext/zipfs.jar
7f763f9c5000-7f763f9c7000 r--s 00001000 08:04 1063992                    /usr/lib/jvm/java-8-openjdk-amd64/jre/lib/ext/dnsns.jar
7f763f9c7000-7f763f9c9000 r--s 00008000 08:04 1063997                    /usr/lib/jvm/java-8-openjdk-amd64/jre/lib/ext/sunec.jar
7f763f9c9000-7f763f9cc000 r--s 0000f000 08:04 1063993                    /usr/lib/jvm/java-8-openjdk-amd64/jre/lib/ext/icedtea-sound.jar
7f763f9cc000-7f763f9ce000 r--s 00007000 08:04 1456705                    /usr/share/java/java-atk-wrapper.jar
7f763f9ce000-7f763f9cf000 r--s 0000a000 08:04 1063994                    /usr/lib/jvm/java-8-openjdk-amd64/jre/lib/ext/jaccess.jar
7f763f9cf000-7f763f9d3000 r--s 00037000 08:04 1063999                    /usr/lib/jvm/java-8-openjdk-amd64/jre/lib/ext/sunpkcs11.jar
7f763f9d3000-7f763f9db000 rw-s 00000000 08:04 2774161                    /tmp/hsperfdata_yuki/11171
7f763f9db000-7f763f9dc000 rw-p 00000000 00:00 0 
7f763f9dc000-7f763f9dd000 ---p 00000000 00:00 0 
7f763f9dd000-7f763f9e0000 rw-p 00000000 00:00 0 
7f763f9e0000-7f763f9e1000 r--p 00025000 08:04 267245                     /lib/x86_64-linux-gnu/ld-2.24.so
7f763f9e1000-7f763f9e2000 rw-p 00026000 08:04 267245                     /lib/x86_64-linux-gnu/ld-2.24.so
7f763f9e2000-7f763f9e3000 rw-p 00000000 00:00 0 
7ffc7fedc000-7ffc7fefe000 rw-p 00000000 00:00 0                          [stack]
7ffc7ff2f000-7ffc7ff31000 r--p 00000000 00:00 0                          [vvar]
7ffc7ff31000-7ffc7ff33000 r-xp 00000000 00:00 0                          [vdso]
ffffffffff600000-ffffffffff601000 r-xp 00000000 00:00 0                  [vsyscall]

VM Arguments:
jvm_args: -Dorg.gradle.appname=gradlew 
java_command: org.gradle.wrapper.GradleWrapperMain installDebug
java_class_path (initial): /home/yuki/.local/src/github.com/acomagu/reor/android/gradle/wrapper/gradle-wrapper.jar
Launcher Type: SUN_STANDARD

Environment Variables:
PATH=/home/yuki/.local/share/rbenv/shims:/home/yuki/.local/share/rbenv/shims:/home/yuki/.local/share/rbenv/shims:/home/yuki/.rbenv/shims:/home/yuki/.cargo/bin:/home/yuki/.local/bin:/usr/local/sbin:/usr/local/bin:/usr/sbin:/usr/bin:/sbin:/bin:/usr/games:/usr/local/games:/snap/bin:/home/yuki/.local/opt/android-studio/bin:/home/yuki/.local/bin:/home/yuki/.local/share/rbenv/shims:/home/yuki/.local/share/android-sdk/platform-tools:/home/yuki/.local/opt/android-studio/bin:/home/yuki/.local/bin:/home/yuki/.local/share/rbenv/shims:/home/yuki/.local/share/android-sdk/platform-tools
USERNAME=yuki
SHELL=/bin/bash
DISPLAY=:0

Signal Handlers:
SIGSEGV: [libjvm.so+0xa6d630], sa_mask[0]=11111111011111111101111111111110, sa_flags=SA_RESTART|SA_SIGINFO
SIGBUS: [libjvm.so+0xa6d630], sa_mask[0]=11111111011111111101111111111110, sa_flags=SA_RESTART|SA_SIGINFO
SIGFPE: [libjvm.so+0x8b7230], sa_mask[0]=11111111011111111101111111111110, sa_flags=SA_RESTART|SA_SIGINFO
SIGPIPE: [libjvm.so+0x8b7230], sa_mask[0]=11111111011111111101111111111110, sa_flags=SA_RESTART|SA_SIGINFO
SIGXFSZ: [libjvm.so+0x8b7230], sa_mask[0]=11111111011111111101111111111110, sa_flags=SA_RESTART|SA_SIGINFO
SIGILL: [libjvm.so+0x8b7230], sa_mask[0]=11111111011111111101111111111110, sa_flags=SA_RESTART|SA_SIGINFO
SIGUSR1: SIG_DFL, sa_mask[0]=00000000000000000000000000000000, sa_flags=none
SIGUSR2: [libjvm.so+0x8b70e0], sa_mask[0]=00000000000000000000000000000000, sa_flags=SA_RESTART|SA_SIGINFO
SIGHUP: [libjvm.so+0x8b7590], sa_mask[0]=11111111011111111101111111111110, sa_flags=SA_RESTART|SA_SIGINFO
SIGINT: [libjvm.so+0x8b7590], sa_mask[0]=11111111011111111101111111111110, sa_flags=SA_RESTART|SA_SIGINFO
SIGTERM: [libjvm.so+0x8b7590], sa_mask[0]=11111111011111111101111111111110, sa_flags=SA_RESTART|SA_SIGINFO
SIGQUIT: [libjvm.so+0x8b7590], sa_mask[0]=11111111011111111101111111111110, sa_flags=SA_RESTART|SA_SIGINFO


---------------  S Y S T E M  ---------------

OS:DISTRIB_ID=Ubuntu
DISTRIB_RELEASE=17.04
DISTRIB_CODENAME=zesty
DISTRIB_DESCRIPTION="Ubuntu 17.04"

uname:Linux 4.10.0-22-generic #24-Ubuntu SMP Mon May 22 17:43:20 UTC 2017 x86_64
libc:glibc 2.24 NPTL 2.24 
rlimit: STACK 8192k, CORE 0k, NPROC 14991, NOFILE 4096, AS infinity
load average:5.23 2.67 1.70

/proc/meminfo:
MemTotal:        3923280 kB
MemFree:           91108 kB
MemAvailable:          0 kB
Buffers:             272 kB
Cached:           397640 kB
SwapCached:          808 kB
Active:          2948416 kB
Inactive:         606304 kB
Active(anon):    2940996 kB
Inactive(anon):   599264 kB
Active(file):       7420 kB
Inactive(file):     7040 kB
Unevictable:         736 kB
Mlocked:             736 kB
SwapTotal:       2097148 kB
SwapFree:              0 kB
Dirty:                 0 kB
Writeback:             0 kB
AnonPages:       3157008 kB
Mapped:            97192 kB
Shmem:            383236 kB
Slab:             123212 kB
SReclaimable:      47832 kB
SUnreclaim:        75380 kB
KernelStack:       14112 kB
PageTables:        71040 kB
NFS_Unstable:          0 kB
Bounce:                0 kB
WritebackTmp:          0 kB
CommitLimit:     4058788 kB
Committed_AS:   12144348 kB
VmallocTotal:   34359738367 kB
VmallocUsed:           0 kB
VmallocChunk:          0 kB
HardwareCorrupted:     0 kB
AnonHugePages:    313344 kB
ShmemHugePages:        0 kB
ShmemPmdMapped:        0 kB
CmaTotal:              0 kB
CmaFree:               0 kB
HugePages_Total:       0
HugePages_Free:        0
HugePages_Rsvd:        0
HugePages_Surp:        0
Hugepagesize:       2048 kB
DirectMap4k:      227520 kB
DirectMap2M:     3846144 kB


CPU:total 2 (initial active 2) (2 cores per cpu, 1 threads per core) family 6 model 55 stepping 8, cmov, cx8, fxsr, mmx, sse, sse2, sse3, ssse3, sse4.1, sse4.2, popcnt, clmul, erms, 3dnowpref, tsc, tscinvbit

/proc/cpuinfo:
processor	: 0
vendor_id	: GenuineIntel
cpu family	: 6
model		: 55
model name	: Intel(R) Celeron(R) CPU  N2840  @ 2.16GHz
stepping	: 8
microcode	: 0x829
cpu MHz		: 2582.198
cache size	: 1024 KB
physical id	: 0
siblings	: 2
core id		: 0
cpu cores	: 2
apicid		: 0
initial apicid	: 0
fpu		: yes
fpu_exception	: yes
cpuid level	: 11
wp		: yes
flags		: fpu vme de pse tsc msr pae mce cx8 apic sep mtrr pge mca cmov pat pse36 clflush dts acpi mmx fxsr sse sse2 ss ht tm pbe syscall nx rdtscp lm constant_tsc arch_perfmon pebs bts rep_good nopl xtopology tsc_reliable nonstop_tsc aperfmperf tsc_known_freq pni pclmulqdq dtes64 monitor ds_cpl vmx est tm2 ssse3 cx16 xtpr pdcm sse4_1 sse4_2 movbe popcnt tsc_deadline_timer rdrand lahf_lm 3dnowprefetch epb tpr_shadow vnmi flexpriority ept vpid tsc_adjust smep erms dtherm ida arat
bugs		:
bogomips	: 4331.60
clflush size	: 64
cache_alignment	: 64
address sizes	: 36 bits physical, 48 bits virtual
power management:

processor	: 1
vendor_id	: GenuineIntel
cpu family	: 6
model		: 55
model name	: Intel(R) Celeron(R) CPU  N2840  @ 2.16GHz
stepping	: 8
microcode	: 0x829
cpu MHz		: 2582.198
cache size	: 1024 KB
physical id	: 0
siblings	: 2
core id		: 1
cpu cores	: 2
apicid		: 2
initial apicid	: 2
fpu		: yes
fpu_exception	: yes
cpuid level	: 11
wp		: yes
flags		: fpu vme de pse tsc msr pae mce cx8 apic sep mtrr pge mca cmov pat pse36 clflush dts acpi mmx fxsr sse sse2 ss ht tm pbe syscall nx rdtscp lm constant_tsc arch_perfmon pebs bts rep_good nopl xtopology tsc_reliable nonstop_tsc aperfmperf tsc_known_freq pni pclmulqdq dtes64 monitor ds_cpl vmx est tm2 ssse3 cx16 xtpr pdcm sse4_1 sse4_2 movbe popcnt tsc_deadline_timer rdrand lahf_lm 3dnowprefetch epb tpr_shadow vnmi flexpriority ept vpid tsc_adjust smep erms dtherm ida arat
bugs		:
bogomips	: 4331.60
clflush size	: 64
cache_alignment	: 64
address sizes	: 36 bits physical, 48 bits virtual
power management:



Memory: 4k page, physical 3923280k(91620k free), swap 2097148k(0k free)

vm_info: OpenJDK 64-Bit Server VM (25.131-b11) for linux-amd64 JRE (1.8.0_131-8u131-b11-0ubuntu1.17.04.1-b11), built on May  2 2017 02:51:42 by "buildd" with gcc 6.3.0 20170406

time: Mon Jun 19 15:53:48 2017
elapsed time: 39 seconds (0d 0h 0m 39s)

