#
# There is insufficient memory for the Java Runtime Environment to continue.
# Native memory allocation (mmap) failed to map 79691776 bytes for committing reserved memory.
# Possible reasons:
#   The system is out of physical RAM or swap space
#   In 32 bit mode, the process size limit was hit
# Possible solutions:
#   Reduce memory load on the system
#   Increase physical memory or swap space
#   Check if swap backing store is full
#   Use 64 bit Java on a 64 bit OS
#   Decrease Java heap size (-Xmx/-Xms)
#   Decrease number of Java threads
#   Decrease Java thread stack sizes (-Xss)
#   Set larger code cache with -XX:ReservedCodeCacheSize=
# This output file may be truncated or incomplete.
#
#  Out of Memory Error (os_linux.cpp:2643), pid=29250, tid=0x00007f2270bc0700
#
# JRE version: OpenJDK Runtime Environment (8.0_131-b11) (build 1.8.0_131-8u131-b11-0ubuntu1.17.04.1-b11)
# Java VM: OpenJDK 64-Bit Server VM (25.131-b11 mixed mode linux-amd64 compressed oops)
# Failed to write core dump. Core dumps have been disabled. To enable core dumping, try "ulimit -c unlimited" before starting Java again
#

---------------  T H R E A D  ---------------

Current thread (0x00007f2284073000):  VMThread [stack: 0x00007f2270ac0000,0x00007f2270bc1000] [id=29261]

Stack: [0x00007f2270ac0000,0x00007f2270bc1000],  sp=0x00007f2270bbf4b0,  free space=1021k
Native frames: (J=compiled Java code, j=interpreted, Vv=VM code, C=native code)
V  [libjvm.so+0xa6cba0]  VMError::report_and_die()+0x160
V  [libjvm.so+0x4c5d0c]  report_vm_out_of_memory(char const*, int, unsigned long, VMErrorType, char const*)+0xac
V  [libjvm.so+0x8bba10]  os::pd_commit_memory(char*, unsigned long, unsigned long, bool)+0xf0
V  [libjvm.so+0x8b609e]  os::commit_memory(char*, unsigned long, unsigned long, bool)+0x2e
V  [libjvm.so+0x930bce]  PSVirtualSpace::expand_by(unsigned long)+0x4e
V  [libjvm.so+0x931f53]  PSYoungGen::resize(unsigned long, unsigned long)+0x103
V  [libjvm.so+0x92e5a3]  PSScavenge::invoke_no_policy()+0x1503
V  [libjvm.so+0x9272a9]  PSParallelCompact::invoke(bool)+0x49
V  [libjvm.so+0x447b53]  CollectedHeap::collect_as_vm_thread(GCCause::Cause)+0x163
V  [libjvm.so+0xa6e079]  VM_CollectForMetadataAllocation::doit()+0x169
V  [libjvm.so+0xa73987]  VM_Operation::evaluate()+0x47
V  [libjvm.so+0xa71117]  VMThread::evaluate_operation(VM_Operation*) [clone .constprop.30]+0xe7
V  [libjvm.so+0xa72596]  VMThread::loop()+0x246
V  [libjvm.so+0xa72a91]  VMThread::run()+0x81
V  [libjvm.so+0x8b8fa2]  java_start(Thread*)+0xf2

VM_Operation (0x00007f228aeb93d0): CollectForMetadataAllocation, mode: safepoint, requested by thread 0x00007f228400a000


---------------  P R O C E S S  ---------------

Java Threads: ( => current thread )
  0x00007f2284f4a800 JavaThread "pool-1-thread-1" [_thread_blocked, id=29290, stack(0x00007f2259b70000,0x00007f2259c71000)]
  0x00007f22840c3800 JavaThread "Service Thread" daemon [_thread_blocked, id=29270, stack(0x00007f22704ba000,0x00007f22705bb000)]
  0x00007f22840ad000 JavaThread "C1 CompilerThread1" daemon [_thread_blocked, id=29269, stack(0x00007f22705bb000,0x00007f22706bc000)]
  0x00007f22840aa000 JavaThread "C2 CompilerThread0" daemon [_thread_blocked, id=29265, stack(0x00007f22706bc000,0x00007f22707bd000)]
  0x00007f22840a8000 JavaThread "Signal Dispatcher" daemon [_thread_blocked, id=29264, stack(0x00007f22707bd000,0x00007f22708be000)]
  0x00007f228407f800 JavaThread "Finalizer" daemon [_thread_blocked, id=29263, stack(0x00007f22708be000,0x00007f22709bf000)]
  0x00007f228407a800 JavaThread "Reference Handler" daemon [_thread_blocked, id=29262, stack(0x00007f22709bf000,0x00007f2270ac0000)]
  0x00007f228400a000 JavaThread "main" [_thread_blocked, id=29258, stack(0x00007f228adc2000,0x00007f228aec3000)]

Other Threads:
=>0x00007f2284073000 VMThread [stack: 0x00007f2270ac0000,0x00007f2270bc1000] [id=29261]
  0x00007f22840c6000 WatcherThread [stack: 0x00007f22703b9000,0x00007f22704ba000] [id=29271]

VM state:at safepoint (normal execution)

VM Mutex/Monitor currently owned by a thread:  ([mutex/lock_event])
[0x00007f22840061f0] Threads_lock - owner thread: 0x00007f2284073000
[0x00007f22840066f0] Heap_lock - owner thread: 0x00007f228400a000

Heap:
 PSYoungGen      total 64000K, used 2528K [0x00000000ec100000, 0x00000000f0200000, 0x0000000100000000)
  eden space 61440K, 0% used [0x00000000ec100000,0x00000000ec100000,0x00000000efd00000)
  from space 2560K, 98% used [0x00000000efd00000,0x00000000eff78030,0x00000000eff80000)
  to   space 2560K, 0% used [0x00000000eff80000,0x00000000eff80000,0x00000000f0200000)
 ParOldGen       total 40960K, used 14902K [0x00000000c4200000, 0x00000000c6a00000, 0x00000000ec100000)
  object space 40960K, 36% used [0x00000000c4200000,0x00000000c508d910,0x00000000c6a00000)
 Metaspace       used 20894K, capacity 21144K, committed 21296K, reserved 1067008K
  class space    used 2807K, capacity 2905K, committed 2944K, reserved 1048576K

Card table byte_map: [0x00007f2274220000,0x00007f2274400000] byte_map_base: 0x00007f2273bff000

Marking Bits: (ParMarkBitMap*) 0x00007f228a08e260
 Begin Bits: [0x00007f22720ee000, 0x00007f2272fe6000)
 End Bits:   [0x00007f2272fe6000, 0x00007f2273ede000)

Polling page: 0x00007f228aee0000

CodeCache: size=245760Kb used=5897Kb max_used=5910Kb free=239862Kb
 bounds [0x00007f22747c0000, 0x00007f2274d90000, 0x00007f22837c0000]
 total_blobs=1983 nmethods=1388 adapters=510
 compilation: enabled

Compilation events (10 events):
Event: 68.597 Thread 0x00007f22840aa000 1282   !   4       java.lang.ClassLoader::loadClass (122 bytes)
Event: 69.074 Thread 0x00007f22840aa000 nmethod 1282 0x00007f2274d86f90 code [0x00007f2274d871c0, 0x00007f2274d88268]
Event: 69.076 Thread 0x00007f22840aa000 1380       4       java.lang.AbstractStringBuilder::<init> (12 bytes)
Event: 69.080 Thread 0x00007f22840aa000 nmethod 1380 0x00007f2274d79950 code [0x00007f2274d79aa0, 0x00007f2274d79bd8]
Event: 69.080 Thread 0x00007f22840aa000 1231       4       java.lang.Character::toLowerCase (6 bytes)
Event: 69.084 Thread 0x00007f22840aa000 nmethod 1231 0x00007f2274d795d0 code [0x00007f2274d79720, 0x00007f2274d797f8]
Event: 69.084 Thread 0x00007f22840aa000 1167       4       org.codehaus.groovy.reflection.CachedMethod::getModifiers (8 bytes)
Event: 69.086 Thread 0x00007f22840aa000 nmethod 1167 0x00007f2274d79390 code [0x00007f2274d794e0, 0x00007f2274d79558]
Event: 69.155 Thread 0x00007f22840aa000 1417   !   4       java.util.zip.ZipFile$ZipFileInputStream::close (110 bytes)
Event: 69.198 Thread 0x00007f22840aa000 nmethod 1417 0x00007f2274d7f690 code [0x00007f2274d7f840, 0x00007f2274d80148]

GC Heap History (9 events):
Event: 4.066 GC heap before
{Heap before GC invocations=1 (full 0):
 PSYoungGen      total 17920K, used 15360K [0x00000000ec100000, 0x00000000ed500000, 0x0000000100000000)
  eden space 15360K, 100% used [0x00000000ec100000,0x00000000ed000000,0x00000000ed000000)
  from space 2560K, 0% used [0x00000000ed280000,0x00000000ed280000,0x00000000ed500000)
  to   space 2560K, 0% used [0x00000000ed000000,0x00000000ed000000,0x00000000ed280000)
 ParOldGen       total 40960K, used 0K [0x00000000c4200000, 0x00000000c6a00000, 0x00000000ec100000)
  object space 40960K, 0% used [0x00000000c4200000,0x00000000c4200000,0x00000000c6a00000)
 Metaspace       used 6361K, capacity 6636K, committed 6784K, reserved 1056768K
  class space    used 778K, capacity 868K, committed 896K, reserved 1048576K
Event: 4.118 GC heap after
Heap after GC invocations=1 (full 0):
 PSYoungGen      total 17920K, used 2546K [0x00000000ec100000, 0x00000000ee400000, 0x0000000100000000)
  eden space 15360K, 0% used [0x00000000ec100000,0x00000000ec100000,0x00000000ed000000)
  from space 2560K, 99% used [0x00000000ed000000,0x00000000ed27ca90,0x00000000ed280000)
  to   space 2560K, 0% used [0x00000000ee180000,0x00000000ee180000,0x00000000ee400000)
 ParOldGen       total 40960K, used 68K [0x00000000c4200000, 0x00000000c6a00000, 0x00000000ec100000)
  object space 40960K, 0% used [0x00000000c4200000,0x00000000c4211078,0x00000000c6a00000)
 Metaspace       used 6361K, capacity 6636K, committed 6784K, reserved 1056768K
  class space    used 778K, capacity 868K, committed 896K, reserved 1048576K
}
Event: 6.754 GC heap before
{Heap before GC invocations=2 (full 0):
 PSYoungGen      total 17920K, used 17906K [0x00000000ec100000, 0x00000000ee400000, 0x0000000100000000)
  eden space 15360K, 100% used [0x00000000ec100000,0x00000000ed000000,0x00000000ed000000)
  from space 2560K, 99% used [0x00000000ed000000,0x00000000ed27ca90,0x00000000ed280000)
  to   space 2560K, 0% used [0x00000000ee180000,0x00000000ee180000,0x00000000ee400000)
 ParOldGen       total 40960K, used 68K [0x00000000c4200000, 0x00000000c6a00000, 0x00000000ec100000)
  object space 40960K, 0% used [0x00000000c4200000,0x00000000c4211078,0x00000000c6a00000)
 Metaspace       used 8293K, capacity 8556K, committed 8832K, reserved 1056768K
  class space    used 1064K, capacity 1124K, committed 1152K, reserved 1048576K
Event: 6.826 GC heap after
Heap after GC invocations=2 (full 0):
 PSYoungGen      total 33280K, used 2557K [0x00000000ec100000, 0x00000000ee400000, 0x0000000100000000)
  eden space 30720K, 0% used [0x00000000ec100000,0x00000000ec100000,0x00000000edf00000)
  from space 2560K, 99% used [0x00000000ee180000,0x00000000ee3ff6a0,0x00000000ee400000)
  to   space 2560K, 0% used [0x00000000edf00000,0x00000000edf00000,0x00000000ee180000)
 ParOldGen       total 40960K, used 1014K [0x00000000c4200000, 0x00000000c6a00000, 0x00000000ec100000)
  object space 40960K, 2% used [0x00000000c4200000,0x00000000c42fdb28,0x00000000c6a00000)
 Metaspace       used 8293K, capacity 8556K, committed 8832K, reserved 1056768K
  class space    used 1064K, capacity 1124K, committed 1152K, reserved 1048576K
}
Event: 9.202 GC heap before
{Heap before GC invocations=3 (full 0):
 PSYoungGen      total 33280K, used 33277K [0x00000000ec100000, 0x00000000ee400000, 0x0000000100000000)
  eden space 30720K, 100% used [0x00000000ec100000,0x00000000edf00000,0x00000000edf00000)
  from space 2560K, 99% used [0x00000000ee180000,0x00000000ee3ff6a0,0x00000000ee400000)
  to   space 2560K, 0% used [0x00000000edf00000,0x00000000edf00000,0x00000000ee180000)
 ParOldGen       total 40960K, used 1014K [0x00000000c4200000, 0x00000000c6a00000, 0x00000000ec100000)
  object space 40960K, 2% used [0x00000000c4200000,0x00000000c42fdb28,0x00000000c6a00000)
 Metaspace       used 9777K, capacity 10052K, committed 10112K, reserved 1058816K
  class space    used 1300K, capacity 1388K, committed 1408K, reserved 1048576K
Event: 9.227 GC heap after
Heap after GC invocations=3 (full 0):
 PSYoungGen      total 33280K, used 2528K [0x00000000ec100000, 0x00000000f0200000, 0x0000000100000000)
  eden space 30720K, 0% used [0x00000000ec100000,0x00000000ec100000,0x00000000edf00000)
  from space 2560K, 98% used [0x00000000edf00000,0x00000000ee178040,0x00000000ee180000)
  to   space 2560K, 0% used [0x00000000eff80000,0x00000000eff80000,0x00000000f0200000)
 ParOldGen       total 40960K, used 2541K [0x00000000c4200000, 0x00000000c6a00000, 0x00000000ec100000)
  object space 40960K, 6% used [0x00000000c4200000,0x00000000c447b6a0,0x00000000c6a00000)
 Metaspace       used 9777K, capacity 10052K, committed 10112K, reserved 1058816K
  class space    used 1300K, capacity 1388K, committed 1408K, reserved 1048576K
}
Event: 23.591 GC heap before
{Heap before GC invocations=4 (full 0):
 PSYoungGen      total 33280K, used 33248K [0x00000000ec100000, 0x00000000f0200000, 0x0000000100000000)
  eden space 30720K, 100% used [0x00000000ec100000,0x00000000edf00000,0x00000000edf00000)
  from space 2560K, 98% used [0x00000000edf00000,0x00000000ee178040,0x00000000ee180000)
  to   space 2560K, 0% used [0x00000000eff80000,0x00000000eff80000,0x00000000f0200000)
 ParOldGen       total 40960K, used 2541K [0x00000000c4200000, 0x00000000c6a00000, 0x00000000ec100000)
  object space 40960K, 6% used [0x00000000c4200000,0x00000000c447b6a0,0x00000000c6a00000)
 Metaspace       used 15205K, capacity 15492K, committed 15744K, reserved 1062912K
  class space    used 2008K, capacity 2092K, committed 2176K, reserved 1048576K
Event: 24.651 GC heap after
Heap after GC invocations=4 (full 0):
 PSYoungGen      total 64000K, used 2544K [0x00000000ec100000, 0x00000000f0200000, 0x0000000100000000)
  eden space 61440K, 0% used [0x00000000ec100000,0x00000000ec100000,0x00000000efd00000)
  from space 2560K, 99% used [0x00000000eff80000,0x00000000f01fc030,0x00000000f0200000)
  to   space 2560K, 0% used [0x00000000efd00000,0x00000000efd00000,0x00000000eff80000)
 ParOldGen       total 40960K, used 7993K [0x00000000c4200000, 0x00000000c6a00000, 0x00000000ec100000)
  object space 40960K, 19% used [0x00000000c4200000,0x00000000c49ce638,0x00000000c6a00000)
 Metaspace       used 15205K, capacity 15492K, committed 15744K, reserved 1062912K
  class space    used 2008K, capacity 2092K, committed 2176K, reserved 1048576K
}
Event: 69.363 GC heap before
{Heap before GC invocations=5 (full 0):
 PSYoungGen      total 64000K, used 62270K [0x00000000ec100000, 0x00000000f0200000, 0x0000000100000000)
  eden space 61440K, 97% used [0x00000000ec100000,0x00000000efb53b60,0x00000000efd00000)
  from space 2560K, 99% used [0x00000000eff80000,0x00000000f01fc030,0x00000000f0200000)
  to   space 2560K, 0% used [0x00000000efd00000,0x00000000efd00000,0x00000000eff80000)
 ParOldGen       total 40960K, used 7993K [0x00000000c4200000, 0x00000000c6a00000, 0x00000000ec100000)
  object space 40960K, 19% used [0x00000000c4200000,0x00000000c49ce638,0x00000000c6a00000)
 Metaspace       used 20894K, capacity 21144K, committed 21296K, reserved 1067008K
  class space    used 2807K, capacity 2905K, committed 2944K, reserved 1048576K

Deoptimization events (10 events):
Event: 53.618 Thread 0x00007f228400a000 Uncommon trap: reason=class_check action=maybe_recompile pc=0x00007f2274ad6f54 method=sun.misc.URLClassPath.getLoader(I)Lsun/misc/URLClassPath$Loader; @ 239
Event: 61.418 Thread 0x00007f228400a000 Uncommon trap: reason=unstable_if action=reinterpret pc=0x00007f22749efa8c method=java.util.HashMap.hash(Ljava/lang/Object;)I @ 1
Event: 63.141 Thread 0x00007f228400a000 Uncommon trap: reason=unstable_if action=reinterpret pc=0x00007f22749f2360 method=java.util.HashMap.getNode(ILjava/lang/Object;)Ljava/util/HashMap$Node; @ 53
Event: 63.156 Thread 0x00007f228400a000 Uncommon trap: reason=unstable_if action=reinterpret pc=0x00007f2274b288b0 method=java.util.HashMap.hash(Ljava/lang/Object;)I @ 1
Event: 63.156 Thread 0x00007f228400a000 Uncommon trap: reason=unstable_if action=reinterpret pc=0x00007f2274a196ec method=java.util.HashMap.putVal(ILjava/lang/Object;Ljava/lang/Object;ZZ)Ljava/lang/Object; @ 85
Event: 63.529 Thread 0x00007f228400a000 Uncommon trap: reason=class_check action=maybe_recompile pc=0x00007f2274aea904 method=java.lang.reflect.Method.equals(Ljava/lang/Object;)Z @ 5
Event: 63.541 Thread 0x00007f228400a000 Uncommon trap: reason=class_check action=maybe_recompile pc=0x00007f2274aea904 method=java.lang.reflect.Method.equals(Ljava/lang/Object;)Z @ 5
Event: 65.320 Thread 0x00007f228400a000 Uncommon trap: reason=class_check action=maybe_recompile pc=0x00007f2274aea904 method=java.lang.reflect.Method.equals(Ljava/lang/Object;)Z @ 5
Event: 65.339 Thread 0x00007f228400a000 Uncommon trap: reason=class_check action=maybe_recompile pc=0x00007f2274aea904 method=java.lang.reflect.Method.equals(Ljava/lang/Object;)Z @ 5
Event: 67.437 Thread 0x00007f228400a000 Uncommon trap: reason=class_check action=maybe_recompile pc=0x00007f2274ad6e18 method=sun.misc.URLClassPath.getLoader(I)Lsun/misc/URLClassPath$Loader; @ 94

Internal exceptions (10 events):
Event: 67.497 Thread 0x00007f228400a000 Exception <a 'java/lang/ClassNotFoundException': org/gradle/api/internal/project/ProjectScriptCustomizer> (0x00000000ef284198) thrown at [/build/openjdk-8-XBM715/openjdk-8-8u131-b11/src/hotspot/src/share/vm/classfile/systemDictionary.cpp, line 210]
Event: 67.517 Thread 0x00007f228400a000 Exception <a 'java/lang/ClassNotFoundException': build_a1dywf14x1w4gs59g2t9pq3dgCustomizer> (0x00000000ef2a3680) thrown at [/build/openjdk-8-XBM715/openjdk-8-8u131-b11/src/hotspot/src/share/vm/classfile/systemDictionary.cpp, line 210]
Event: 67.570 Thread 0x00007f228400a000 Exception <a 'java/lang/ClassNotFoundException': groovy/lang/Closure$1BeanInfo> (0x00000000ef2f1a48) thrown at [/build/openjdk-8-XBM715/openjdk-8-8u131-b11/src/hotspot/src/share/vm/classfile/systemDictionary.cpp, line 210]
Event: 67.575 Thread 0x00007f228400a000 Exception <a 'java/lang/ClassNotFoundException': groovy/lang/ClosureBeanInfo> (0x00000000ef3078d0) thrown at [/build/openjdk-8-XBM715/openjdk-8-8u131-b11/src/hotspot/src/share/vm/classfile/systemDictionary.cpp, line 210]
Event: 67.579 Thread 0x00007f228400a000 Exception <a 'java/lang/ClassNotFoundException': groovy/lang/ClosureCustomizer> (0x00000000ef31e008) thrown at [/build/openjdk-8-XBM715/openjdk-8-8u131-b11/src/hotspot/src/share/vm/classfile/systemDictionary.cpp, line 210]
Event: 67.625 Thread 0x00007f228400a000 Exception <a 'java/lang/ClassNotFoundException': groovy/lang/Closure$1Customizer> (0x00000000ef35d6e8) thrown at [/build/openjdk-8-XBM715/openjdk-8-8u131-b11/src/hotspot/src/share/vm/classfile/systemDictionary.cpp, line 210]
Event: 68.405 Thread 0x00007f228400a000 Exception <a 'java/lang/ClassNotFoundException': org/gradle/internal/metaobject/ConfigureDelegateBeanInfo> (0x00000000ef60b930) thrown at [/build/openjdk-8-XBM715/openjdk-8-8u131-b11/src/hotspot/src/share/vm/classfile/systemDictionary.cpp, line 210]
Event: 68.410 Thread 0x00007f228400a000 Exception <a 'java/lang/ClassNotFoundException': org/gradle/internal/metaobject/ConfigureDelegateCustomizer> (0x00000000ef62cbe0) thrown at [/build/openjdk-8-XBM715/openjdk-8-8u131-b11/src/hotspot/src/share/vm/classfile/systemDictionary.cpp, line 210]
Event: 68.527 Thread 0x00007f228400a000 Exception <a 'java/lang/ClassNotFoundException': org/gradle/api/internal/initialization/DefaultScriptHandlerBeanInfo> (0x00000000ef68b8e8) thrown at [/build/openjdk-8-XBM715/openjdk-8-8u131-b11/src/hotspot/src/share/vm/classfile/systemDictionary.cpp, line
Event: 68.536 Thread 0x00007f228400a000 Exception <a 'java/lang/ClassNotFoundException': org/gradle/api/internal/initialization/DefaultScriptHandlerCustomizer> (0x00000000ef6b35b8) thrown at [/build/openjdk-8-XBM715/openjdk-8-8u131-b11/src/hotspot/src/share/vm/classfile/systemDictionary.cpp, li

Events (10 events):
Event: 69.268 loading class org/codehaus/plexus/util/StringUtils done
Event: 69.305 loading class java/lang/StringIndexOutOfBoundsException
Event: 69.318 loading class java/lang/StringIndexOutOfBoundsException done
Event: 69.319 loading class org/apache/maven/settings/io/xpp3/SettingsXpp3Writer
Event: 69.319 loading class org/apache/maven/settings/io/xpp3/SettingsXpp3Writer done
Event: 69.321 loading class org/codehaus/plexus/util/xml/pull/XmlSerializer
Event: 69.321 loading class org/codehaus/plexus/util/xml/pull/XmlSerializer done
Event: 69.329 loading class org/codehaus/plexus/util/xml/pull/MXSerializer
Event: 69.329 loading class org/codehaus/plexus/util/xml/pull/MXSerializer done
Event: 69.345 Executing VM operation: CollectForMetadataAllocation


Dynamic libraries:
c4200000-c6a00000 rw-p 00000000 00:00 0 
c6a00000-ec100000 ---p 00000000 00:00 0 
ec100000-f0200000 rw-p 00000000 00:00 0 
f4e00000-100000000 ---p 00000000 00:00 0 
100000000-1002e0000 rw-p 00000000 00:00 0 
1002e0000-140000000 ---p 00000000 00:00 0 
561a16775000-561a16776000 r-xp 00000000 08:04 1060955                    /usr/lib/jvm/java-8-openjdk-amd64/jre/bin/java
561a16975000-561a16976000 r--p 00000000 08:04 1060955                    /usr/lib/jvm/java-8-openjdk-amd64/jre/bin/java
561a16976000-561a16977000 rw-p 00001000 08:04 1060955                    /usr/lib/jvm/java-8-openjdk-amd64/jre/bin/java
561a18846000-561a18867000 rw-p 00000000 00:00 0                          [heap]
7f223c000000-7f223c021000 rw-p 00000000 00:00 0 
7f223c021000-7f2240000000 ---p 00000000 00:00 0 
7f2244000000-7f2244021000 rw-p 00000000 00:00 0 
7f2244021000-7f2248000000 ---p 00000000 00:00 0 
7f2248000000-7f2248021000 rw-p 00000000 00:00 0 
7f2248021000-7f224c000000 ---p 00000000 00:00 0 
7f224c000000-7f224def2000 rw-p 00000000 00:00 0 
7f224def2000-7f2250000000 ---p 00000000 00:00 0 
7f2250000000-7f225060d000 rw-p 00000000 00:00 0 
7f225060d000-7f2254000000 ---p 00000000 00:00 0 
7f2254000000-7f2254021000 rw-p 00000000 00:00 0 
7f2254021000-7f2258000000 ---p 00000000 00:00 0 
7f2259970000-7f2259b5c000 rw-p 00000000 00:00 0 
7f2259b5c000-7f2259b70000 ---p 00000000 00:00 0 
7f2259b70000-7f2259b73000 ---p 00000000 00:00 0 
7f2259b73000-7f2259e71000 rw-p 00000000 00:00 0 
7f2259e71000-7f225a071000 rw-p 00000000 00:00 0 
7f225a071000-7f225a271000 rw-p 00000000 00:00 0 
7f225a271000-7f225a2ea000 r--s 010fd000 08:04 1063844                    /usr/lib/jvm/java-8-openjdk-amd64/lib/tools.jar
7f225a2ea000-7f225a4ea000 rw-p 00000000 00:00 0 
7f225a4ea000-7f225a4ec000 r--s 00007000 08:04 3943867                    /home/yuki/.local/share/gradle/wrapper/dists/gradle-2.14.1-all/8bnwg5hd3w55iofp58khbp6yv/gradle-2.14.1/lib/plugins/gradle-tooling-api-builders-2.14.1.jar
7f225a4ec000-7f225a4ef000 r--s 00008000 08:04 3943860                    /home/yuki/.local/share/gradle/wrapper/dists/gradle-2.14.1-all/8bnwg5hd3w55iofp58khbp6yv/gradle-2.14.1/lib/plugins/gradle-testing-native-2.14.1.jar
7f225a4ef000-7f225a4f1000 r--s 00009000 08:04 3943939                    /home/yuki/.local/share/gradle/wrapper/dists/gradle-2.14.1-all/8bnwg5hd3w55iofp58khbp6yv/gradle-2.14.1/lib/plugins/hamcrest-core-1.3.jar
7f225a4f1000-7f225a4f7000 r--s 00033000 08:04 3943933                    /home/yuki/.local/share/gradle/wrapper/dists/gradle-2.14.1-all/8bnwg5hd3w55iofp58khbp6yv/gradle-2.14.1/lib/plugins/snakeyaml-1.6.jar
7f225a4f7000-7f225a4f9000 r--s 00006000 08:04 3943932                    /home/yuki/.local/share/gradle/wrapper/dists/gradle-2.14.1-all/8bnwg5hd3w55iofp58khbp6yv/gradle-2.14.1/lib/plugins/jcommander-1.12.jar
7f225a4f9000-7f225a4fe000 r--s 00040000 08:04 3943931                    /home/yuki/.local/share/gradle/wrapper/dists/gradle-2.14.1-all/8bnwg5hd3w55iofp58khbp6yv/gradle-2.14.1/lib/plugins/bsh-2.0b4.jar
7f225a4fe000-7f225a507000 r--s 00089000 08:04 3943890                    /home/yuki/.local/share/gradle/wrapper/dists/gradle-2.14.1-all/8bnwg5hd3w55iofp58khbp6yv/gradle-2.14.1/lib/plugins/testng-6.3.1.jar
7f225a507000-7f225a50f000 r--s 00045000 08:04 3943889                    /home/yuki/.local/share/gradle/wrapper/dists/gradle-2.14.1-all/8bnwg5hd3w55iofp58khbp6yv/gradle-2.14.1/lib/plugins/junit-4.12.jar
7f225a50f000-7f225a515000 r--s 0002e000 08:04 3943861                    /home/yuki/.local/share/gradle/wrapper/dists/gradle-2.14.1-all/8bnwg5hd3w55iofp58khbp6yv/gradle-2.14.1/lib/plugins/gradle-testing-jvm-2.14.1.jar
7f225a515000-7f225a51a000 r--s 00015000 08:04 3943859                    /home/yuki/.local/share/gradle/wrapper/dists/gradle-2.14.1-all/8bnwg5hd3w55iofp58khbp6yv/gradle-2.14.1/lib/plugins/gradle-testing-base-2.14.1.jar
7f225a51a000-7f225a51b000 r--s 00002000 08:04 3943883                    /home/yuki/.local/share/gradle/wrapper/dists/gradle-2.14.1-all/8bnwg5hd3w55iofp58khbp6yv/gradle-2.14.1/lib/plugins/sonar-batch-bootstrapper-2.9.jar
7f225a51b000-7f225a51e000 r--s 00015000 08:04 3943837                    /home/yuki/.local/share/gradle/wrapper/dists/gradle-2.14.1-all/8bnwg5hd3w55iofp58khbp6yv/gradle-2.14.1/lib/plugins/gradle-sonar-2.14.1.jar
7f225a51e000-7f225a525000 r--s 00038000 08:04 3943884                    /home/yuki/.local/share/gradle/wrapper/dists/gradle-2.14.1-all/8bnwg5hd3w55iofp58khbp6yv/gradle-2.14.1/lib/plugins/bcpg-jdk15on-1.51.jar
7f225a525000-7f225a527000 r--s 0000d000 08:04 3943838                    /home/yuki/.local/share/gradle/wrapper/dists/gradle-2.14.1-all/8bnwg5hd3w55iofp58khbp6yv/gradle-2.14.1/lib/plugins/gradle-signing-2.14.1.jar
7f225a527000-7f225a52a000 r--s 00009000 08:04 3943836                    /home/yuki/.local/share/gradle/wrapper/dists/gradle-2.14.1-all/8bnwg5hd3w55iofp58khbp6yv/gradle-2.14.1/lib/plugins/gradle-scala-2.14.1.jar
7f225a52a000-7f225a52b000 r--s 00004000 08:04 3943865                    /home/yuki/.local/share/gradle/wrapper/dists/gradle-2.14.1-all/8bnwg5hd3w55iofp58khbp6yv/gradle-2.14.1/lib/plugins/gradle-resources-sftp-2.14.1.jar
7f225a52b000-7f225a53b000 r--s 00088000 08:04 3943900                    /home/yuki/.local/share/gradle/wrapper/dists/gradle-2.14.1-all/8bnwg5hd3w55iofp58khbp6yv/gradle-2.14.1/lib/plugins/joda-time-2.8.2.jar
7f225a53b000-7f225a54c000 r--s 000cf000 08:04 3943899                    /home/yuki/.local/share/gradle/wrapper/dists/gradle-2.14.1-all/8bnwg5hd3w55iofp58khbp6yv/gradle-2.14.1/lib/plugins/jackson-databind-2.3.2.jar
7f225a54c000-7f225a54e000 r--s 00007000 08:04 3943898                    /home/yuki/.local/share/gradle/wrapper/dists/gradle-2.14.1-all/8bnwg5hd3w55iofp58khbp6yv/gradle-2.14.1/lib/plugins/jackson-annotations-2.3.2.jar
7f225a54e000-7f225a551000 r--s 0002e000 08:04 3943897                    /home/yuki/.local/share/gradle/wrapper/dists/gradle-2.14.1-all/8bnwg5hd3w55iofp58khbp6yv/gradle-2.14.1/lib/plugins/jackson-core-2.3.2.jar
7f225a551000-7f225a55c000 r--s 0006b000 08:04 3943896                    /home/yuki/.local/share/gradle/wrapper/dists/gradle-2.14.1-all/8bnwg5hd3w55iofp58khbp6yv/gradle-2.14.1/lib/plugins/aws-java-sdk-core-1.9.19.jar
7f225a55c000-7f225a562000 r--s 00036000 08:04 3943895                    /home/yuki/.local/share/gradle/wrapper/dists/gradle-2.14.1-all/8bnwg5hd3w55iofp58khbp6yv/gradle-2.14.1/lib/plugins/aws-java-sdk-kms-1.9.19.jar
7f225a562000-7f225a56d000 r--s 00079000 08:04 3943894                    /home/yuki/.local/share/gradle/wrapper/dists/gradle-2.14.1-all/8bnwg5hd3w55iofp58khbp6yv/gradle-2.14.1/lib/plugins/aws-java-sdk-s3-1.9.19.jar
7f225a56d000-7f225a56e000 r--s 00003000 08:04 3943866                    /home/yuki/.local/share/gradle/wrapper/dists/gradle-2.14.1-all/8bnwg5hd3w55iofp58khbp6yv/gradle-2.14.1/lib/plugins/gradle-resources-s3-2.14.1.jar
7f225a56e000-7f225a570000 r--s 00005000 08:04 3943888                    /home/yuki/.local/share/gradle/wrapper/dists/gradle-2.14.1-all/8bnwg5hd3w55iofp58khbp6yv/gradle-2.14.1/lib/plugins/jatl-0.2.2.jar
7f225a570000-7f225a572000 r--s 0000f000 08:04 3943843                    /home/yuki/.local/share/gradle/wrapper/dists/gradle-2.14.1-all/8bnwg5hd3w55iofp58khbp6yv/gradle-2.14.1/lib/plugins/gradle-reporting-2.14.1.jar
7f225a572000-7f225a574000 r--s 00002000 08:04 3943844                    /home/yuki/.local/share/gradle/wrapper/dists/gradle-2.14.1-all/8bnwg5hd3w55iofp58khbp6yv/gradle-2.14.1/lib/plugins/gradle-publish-2.14.1.jar
7f225a574000-7f225a576000 r--s 00009000 08:04 3943870                    /home/yuki/.local/share/gradle/wrapper/dists/gradle-2.14.1-all/8bnwg5hd3w55iofp58khbp6yv/gradle-2.14.1/lib/plugins/commons-cli-1.2.jar
7f225a576000-7f225a57c000 r--s 00033000 08:04 3943828                    /home/yuki/.local/share/gradle/wrapper/dists/gradle-2.14.1-all/8bnwg5hd3w55iofp58khbp6yv/gradle-2.14.1/lib/plugins/gradle-plugins-2.14.1.jar
7f225a57c000-7f225a57e000 r--s 00007000 08:04 3943862                    /home/yuki/.local/share/gradle/wrapper/dists/gradle-2.14.1-all/8bnwg5hd3w55iofp58khbp6yv/gradle-2.14.1/lib/plugins/gradle-plugin-development-2.14.1.jar
7f225a57e000-7f225a584000 r--s 0002a000 08:04 3943855                    /home/yuki/.local/share/gradle/wrapper/dists/gradle-2.14.1-all/8bnwg5hd3w55iofp58khbp6yv/gradle-2.14.1/lib/plugins/gradle-platform-play-2.14.1.jar
7f225a584000-7f225a591000 r--s 0004d000 08:04 3943854                    /home/yuki/.local/share/gradle/wrapper/dists/gradle-2.14.1-all/8bnwg5hd3w55iofp58khbp6yv/gradle-2.14.1/lib/plugins/gradle-platform-native-2.14.1.jar
7f225a591000-7f225a595000 r--s 0001a000 08:04 3943849                    /home/yuki/.local/share/gradle/wrapper/dists/gradle-2.14.1-all/8bnwg5hd3w55iofp58khbp6yv/gradle-2.14.1/lib/plugins/gradle-platform-jvm-2.14.1.jar
7f225a595000-7f225a59c000 r--s 00029000 08:04 3943848                    /home/yuki/.local/share/gradle/wrapper/dists/gradle-2.14.1-all/8bnwg5hd3w55iofp58khbp6yv/gradle-2.14.1/lib/plugins/gradle-platform-base-2.14.1.jar
7f225a59c000-7f225a5bd000 r--s 001c3000 08:04 3943878                    /home/yuki/.local/share/gradle/wrapper/dists/gradle-2.14.1-all/8bnwg5hd3w55iofp58khbp6yv/gradle-2.14.1/lib/plugins/bndlib-2.4.0.jar
7f225a5bd000-7f225a5bf000 r--s 00003000 08:04 3943832                    /home/yuki/.local/share/gradle/wrapper/dists/gradle-2.14.1-all/8bnwg5hd3w55iofp58khbp6yv/gradle-2.14.1/lib/plugins/gradle-osgi-2.14.1.jar
7f225a5bf000-7f225a5c2000 r--s 0000c000 08:04 3943881                    /home/yuki/.local/share/gradle/wrapper/dists/gradle-2.14.1-all/8bnwg5hd3w55iofp58khbp6yv/gradle-2.14.1/lib/plugins/pmaven-groovy-0.8-20100325.jar
7f225a5c2000-7f225a5c3000 r--s 00004000 08:04 3943880                    /home/yuki/.local/share/gradle/wrapper/dists/gradle-2.14.1-all/8bnwg5hd3w55iofp58khbp6yv/gradle-2.14.1/lib/plugins/pmaven-common-0.8-20100325.jar
7f225a5c3000-7f225a5c9000 r--s 00022000 08:04 3943833                    /home/yuki/.local/share/gradle/wrapper/dists/gradle-2.14.1-all/8bnwg5hd3w55iofp58khbp6yv/gradle-2.14.1/lib/plugins/gradle-maven-2.14.1.jar
7f225a5c9000-7f225a5cb000 r--s 0000a000 08:04 3943853                    /home/yuki/.local/share/gradle/wrapper/dists/gradle-2.14.1-all/8bnwg5hd3w55iofp58khbp6yv/gradle-2.14.1/lib/plugins/gradle-language-scala-2.14.1.jar
7f225a5cb000-7f225a5d1000 r--s 0001a000 08:04 3943857                    /home/yuki/.local/share/gradle/wrapper/dists/gradle-2.14.1-all/8bnwg5hd3w55iofp58khbp6yv/gradle-2.14.1/lib/plugins/gradle-language-native-2.14.1.jar
7f225a5d1000-7f225a5d3000 r--s 00008000 08:04 3943850                    /home/yuki/.local/share/gradle/wrapper/dists/gradle-2.14.1-all/8bnwg5hd3w55iofp58khbp6yv/gradle-2.14.1/lib/plugins/gradle-language-jvm-2.14.1.jar
7f225a5d3000-7f225a5d9000 r--s 00024000 08:04 3943851                    /home/yuki/.local/share/gradle/wrapper/dists/gradle-2.14.1-all/8bnwg5hd3w55iofp58khbp6yv/gradle-2.14.1/lib/plugins/gradle-language-java-2.14.1.jar
7f225a5d9000-7f225a5db000 r--s 0000a000 08:04 3943852                    /home/yuki/.local/share/gradle/wrapper/dists/gradle-2.14.1-all/8bnwg5hd3w55iofp58khbp6yv/gradle-2.14.1/lib/plugins/gradle-language-groovy-2.14.1.jar
7f225a5db000-7f225a5de000 r--s 0001e000 08:04 3943906                    /home/yuki/.local/share/gradle/wrapper/dists/gradle-2.14.1-all/8bnwg5hd3w55iofp58khbp6yv/gradle-2.14.1/lib/plugins/jsp-api-2.1-6.1.14.jar
7f225a5de000-7f225a601000 r--s 00344000 08:04 3943905                    /home/yuki/.local/share/gradle/wrapper/dists/gradle-2.14.1-all/8bnwg5hd3w55iofp58khbp6yv/gradle-2.14.1/lib/plugins/core-3.1.1.jar
7f225a601000-7f225a602000 r--s 00006000 08:04 3943904                    /home/yuki/.local/share/gradle/wrapper/dists/gradle-2.14.1-all/8bnwg5hd3w55iofp58khbp6yv/gradle-2.14.1/lib/plugins/jetty-naming-6.1.25.jar
7f225a602000-7f225a603000 r--s 00002000 08:04 3943877                    /home/yuki/.local/share/gradle/wrapper/dists/gradle-2.14.1-all/8bnwg5hd3w55iofp58khbp6yv/gradle-2.14.1/lib/plugins/geronimo-annotation_1.0_spec-1.0.jar
7f225a603000-7f225a605000 r--s 00002000 08:04 3943876                    /home/yuki/.local/share/gradle/wrapper/dists/gradle-2.14.1-all/8bnwg5hd3w55iofp58khbp6yv/gradle-2.14.1/lib/plugins/jetty-annotations-6.1.25.jar
7f225a605000-7f225a616000 r--s 000ea000 08:04 3943875                    /home/yuki/.local/share/gradle/wrapper/dists/gradle-2.14.1-all/8bnwg5hd3w55iofp58khbp6yv/gradle-2.14.1/lib/plugins/jsp-2.1-6.1.14.jar
7f225a616000-7f225a618000 r--s 0000d000 08:04 3943874                    /home/yuki/.local/share/gradle/wrapper/dists/gradle-2.14.1-all/8bnwg5hd3w55iofp58khbp6yv/gradle-2.14.1/lib/plugins/jetty-plus-6.1.25.jar
7f225a618000-7f225a61a000 r--s 0001f000 08:04 3943873                    /home/yuki/.local/share/gradle/wrapper/dists/gradle-2.14.1-all/8bnwg5hd3w55iofp58khbp6yv/gradle-2.14.1/lib/plugins/servlet-api-2.5-20081211.jar
7f225a61a000-7f225a61e000 r--s 00028000 08:04 3943872                    /home/yuki/.local/share/gradle/wrapper/dists/gradle-2.14.1-all/8bnwg5hd3w55iofp58khbp6yv/gradle-2.14.1/lib/plugins/jetty-util-6.1.25.jar
7f225a61e000-7f225a625000 r--s 0007d000 08:04 3943871                    /home/yuki/.local/share/gradle/wrapper/dists/gradle-2.14.1-all/8bnwg5hd3w55iofp58khbp6yv/gradle-2.14.1/lib/plugins/jetty-6.1.25.jar
7f225a625000-7f225a627000 r--s 00009000 08:04 3943830                    /home/yuki/.local/share/gradle/wrapper/dists/gradle-2.14.1-all/8bnwg5hd3w55iofp58khbp6yv/gradle-2.14.1/lib/plugins/gradle-jetty-2.14.1.jar
7f225a627000-7f225a62e000 r--s 00035000 08:04 3943887                    /home/yuki/.local/share/gradle/wrapper/dists/gradle-2.14.1-all/8bnwg5hd3w55iofp58khbp6yv/gradle-2.14.1/lib/plugins/simple-4.1.21.jar
7f225a62e000-7f225a63a000 r--s 00100000 08:04 3943885                    /home/yuki/.local/share/gradle/wrapper/dists/gradle-2.14.1-all/8bnwg5hd3w55iofp58khbp6yv/gradle-2.14.1/lib/plugins/rhino-1.7R3.jar
7f225a63a000-7f225a63e000 r--s 00011000 08:04 3943840                    /home/yuki/.local/share/gradle/wrapper/dists/gradle-2.14.1-all/8bnwg5hd3w55iofp58khbp6yv/gradle-2.14.1/lib/plugins/gradle-javascript-2.14.1.jar
7f225a63e000-7f225a640000 r--s 0000c000 08:04 3943846                    /home/yuki/.local/share/gradle/wrapper/dists/gradle-2.14.1-all/8bnwg5hd3w55iofp58khbp6yv/gradle-2.14.1/lib/plugins/gradle-jacoco-2.14.1.jar
7f225a640000-7f225a643000 r--s 0000e000 08:04 3943845                    /home/yuki/.local/share/gradle/wrapper/dists/gradle-2.14.1-all/8bnwg5hd3w55iofp58khbp6yv/gradle-2.14.1/lib/plugins/gradle-ivy-2.14.1.jar
7f225a643000-7f225a644000 r--s 00002000 08:04 3943856                    /home/yuki/.local/share/gradle/wrapper/dists/gradle-2.14.1-all/8bnwg5hd3w55iofp58khbp6yv/gradle-2.14.1/lib/plugins/gradle-ide-play-2.14.1.jar
7f225a644000-7f225a649000 r--s 0002b000 08:04 3943858                    /home/yuki/.local/share/gradle/wrapper/dists/gradle-2.14.1-all/8bnwg5hd3w55iofp58khbp6yv/gradle-2.14.1/lib/plugins/gradle-ide-native-2.14.1.jar
7f225a649000-7f225a654000 r--s 00066000 08:04 3943834                    /home/yuki/.local/share/gradle/wrapper/dists/gradle-2.14.1-all/8bnwg5hd3w55iofp58khbp6yv/gradle-2.14.1/lib/plugins/gradle-ide-2.14.1.jar
7f225a654000-7f225a655000 r--s 00008000 08:04 3943839                    /home/yuki/.local/share/gradle/wrapper/dists/gradle-2.14.1-all/8bnwg5hd3w55iofp58khbp6yv/gradle-2.14.1/lib/plugins/gradle-ear-2.14.1.jar
7f225a655000-7f225a65b000 r--s 00032000 08:04 3943842                    /home/yuki/.local/share/gradle/wrapper/dists/gradle-2.14.1-all/8bnwg5hd3w55iofp58khbp6yv/gradle-2.14.1/lib/plugins/gradle-diagnostics-2.14.1.jar
7f225a65b000-7f225a65f000 r--s 00021000 08:04 3943829                    /home/yuki/.local/share/gradle/wrapper/dists/gradle-2.14.1-all/8bnwg5hd3w55iofp58khbp6yv/gradle-2.14.1/lib/plugins/gradle-code-quality-2.14.1.jar
7f225a65f000-7f225a663000 r--s 0001f000 08:04 3943847                    /home/yuki/.local/share/gradle/wrapper/dists/gradle-2.14.1-all/8bnwg5hd3w55iofp58khbp6yv/gradle-2.14.1/lib/plugins/gradle-build-init-2.14.1.jar
7f225a663000-7f225a66a000 r--s 0008e000 08:04 3943841                    /home/yuki/.local/share/gradle/wrapper/dists/gradle-2.14.1-all/8bnwg5hd3w55iofp58khbp6yv/gradle-2.14.1/lib/plugins/gradle-build-comparison-2.14.1.jar
7f225a66a000-7f225a66c000 r--s 00008000 08:04 3943831                    /home/yuki/.local/share/gradle/wrapper/dists/gradle-2.14.1-all/8bnwg5hd3w55iofp58khbp6yv/gradle-2.14.1/lib/plugins/gradle-antlr-2.14.1.jar
7f225a66c000-7f225a66e000 r--s 00004000 08:04 3943835                    /home/yuki/.local/share/gradle/wrapper/dists/gradle-2.14.1-all/8bnwg5hd3w55iofp58khbp6yv/gradle-2.14.1/lib/plugins/gradle-announce-2.14.1.jar
7f225a66e000-7f225a686000 r--s 00115000 08:04 3943936                    /home/yuki/.local/share/gradle/wrapper/dists/gradle-2.14.1-all/8bnwg5hd3w55iofp58khbp6yv/gradle-2.14.1/lib/plugins/xercesImpl-2.9.1.jar
7f225a686000-7f225a68e000 r--s 00028000 08:04 3943937                    /home/yuki/.local/share/gradle/wrapper/dists/gradle-2.14.1-all/8bnwg5hd3w55iofp58khbp6yv/gradle-2.14.1/lib/plugins/xml-apis-1.3.04.jar
7f225a68e000-7f225a694000 r--s 0005b000 08:04 3943935                    /home/yuki/.local/share/gradle/wrapper/dists/gradle-2.14.1-all/8bnwg5hd3w55iofp58khbp6yv/gradle-2.14.1/lib/plugins/jcifs-1.3.17.jar
7f225a694000-7f225a69b000 r--s 00049000 08:04 3943934                    /home/yuki/.local/share/gradle/wrapper/dists/gradle-2.14.1-all/8bnwg5hd3w55iofp58khbp6yv/gradle-2.14.1/lib/plugins/httpcore-4.4.4.jar
7f225a69b000-7f225a6a1000 r--s 00033000 08:04 3943882                    /home/yuki/.local/share/gradle/wrapper/dists/gradle-2.14.1-all/8bnwg5hd3w55iofp58khbp6yv/gradle-2.14.1/lib/plugins/commons-codec-1.6.jar
7f225a6a1000-7f225a6a4000 r--s 0001c000 08:04 3943892                    /home/yuki/.local/share/gradle/wrapper/dists/gradle-2.14.1-all/8bnwg5hd3w55iofp58khbp6yv/gradle-2.14.1/lib/plugins/nekohtml-1.9.14.jar
7f225a6a4000-7f225a6b1000 r--s 000a4000 08:04 3943891                    /home/yuki/.local/share/gradle/wrapper/dists/gradle-2.14.1-all/8bnwg5hd3w55iofp58khbp6yv/gradle-2.14.1/lib/plugins/httpclient-4.4.1.jar
7f225a6b1000-7f225a6b3000 r--s 0000a000 08:04 3943864                    /home/yuki/.local/share/gradle/wrapper/dists/gradle-2.14.1-all/8bnwg5hd3w55iofp58khbp6yv/gradle-2.14.1/lib/plugins/gradle-resources-http-2.14.1.jar
7f225a6b3000-7f225a6b7000 r--s 00014000 08:04 3943863                    /home/yuki/.local/share/gradle/wrapper/dists/gradle-2.14.1-all/8bnwg5hd3w55iofp58khbp6yv/gradle-2.14.1/lib/plugins/gradle-plugin-use-2.14.1.jar
7f225a6b7000-7f225a6b8000 r--s 00000000 08:04 3943779                    /home/yuki/.local/share/gradle/wrapper/dists/gradle-2.14.1-all/8bnwg5hd3w55iofp58khbp6yv/gradle-2.14.1/lib/gradle-installation-beacon-2.14.1.jar
7f225a6b8000-7f225a6b9000 r--s 00007000 08:04 3943930                    /home/yuki/.local/share/gradle/wrapper/dists/gradle-2.14.1-all/8bnwg5hd3w55iofp58khbp6yv/gradle-2.14.1/lib/plugins/wagon-http-shared4-2.4.jar
7f225a6b9000-7f225a6bd000 r--s 00033000 08:04 3943929                    /home/yuki/.local/share/gradle/wrapper/dists/gradle-2.14.1-all/8bnwg5hd3w55iofp58khbp6yv/gradle-2.14.1/lib/plugins/plexus-utils-2.0.6.jar
7f225a6bd000-7f225a6c1000 r--s 00021000 08:04 3943928                    /home/yuki/.local/share/gradle/wrapper/dists/gradle-2.14.1-all/8bnwg5hd3w55iofp58khbp6yv/gradle-2.14.1/lib/plugins/maven-model-builder-3.0.4.jar
7f225a6c1000-7f225a6c2000 r--s 00002000 08:04 3943927                    /home/yuki/.local/share/gradle/wrapper/dists/gradle-2.14.1-all/8bnwg5hd3w55iofp58khbp6yv/gradle-2.14.1/lib/plugins/wagon-file-2.4.jar
7f225a6c2000-7f225a6c4000 r--s 00002000 08:04 3943926                    /home/yuki/.local/share/gradle/wrapper/dists/gradle-2.14.1-all/8bnwg5hd3w55iofp58khbp6yv/gradle-2.14.1/lib/plugins/plexus-cipher-1.7.jar
7f225a6c4000-7f225a6c7000 r--s 00013000 08:04 3943925                    /home/yuki/.local/share/gradle/wrapper/dists/gradle-2.14.1-all/8bnwg5hd3w55iofp58khbp6yv/gradle-2.14.1/lib/plugins/aether-api-1.13.1.jar
7f225a6c7000-7f225a6c9000 r--s 0000a000 08:04 3943924                    /home/yuki/.local/share/gradle/wrapper/dists/gradle-2.14.1-all/8bnwg5hd3w55iofp58khbp6yv/gradle-2.14.1/lib/plugins/maven-settings-3.0.4.jar
7f225a6c9000-7f225a6cb000 r--s 0000d000 08:04 3943923                    /home/yuki/.local/share/gradle/wrapper/dists/gradle-2.14.1-all/8bnwg5hd3w55iofp58khbp6yv/gradle-2.14.1/lib/plugins/plexus-interpolation-1.14.jar
7f225a6cb000-7f225a6cd000 r--s 0000b000 08:04 3943922                    /home/yuki/.local/share/gradle/wrapper/dists/gradle-2.14.1-all/8bnwg5hd3w55iofp58khbp6yv/gradle-2.14.1/lib/plugins/maven-artifact-3.0.4.jar
7f225a6cd000-7f225a6d4000 r--s 0002e000 08:04 3943921                    /home/yuki/.local/share/gradle/wrapper/dists/gradle-2.14.1-all/8bnwg5hd3w55iofp58khbp6yv/gradle-2.14.1/lib/plugins/plexus-container-default-1.5.5.jar
7f225a6d4000-7f225a6d6000 r--s 0000b000 08:04 3943920                    /home/yuki/.local/share/gradle/wrapper/dists/gradle-2.14.1-all/8bnwg5hd3w55iofp58khbp6yv/gradle-2.14.1/lib/plugins/maven-plugin-api-3.0.4.jar
7f225a6d6000-7f225a6d8000 r--s 00000000 08:04 3943938                    /home/yuki/.local/share/gradle/wrapper/dists/gradle-2.14.1-all/8bnwg5hd3w55iofp58khbp6yv/gradle-2.14.1/lib/plugins/plexus-component-annotations-1.5.5.jar
7f225a6d8000-7f225a6de000 r--s 0003f000 08:04 3943919                    /home/yuki/.local/share/gradle/wrapper/dists/gradle-2.14.1-all/8bnwg5hd3w55iofp58khbp6yv/gradle-2.14.1/lib/plugins/maven-compat-3.0.4.jar
7f225a6de000-7f225a6e1000 r--s 00008000 08:04 3943918                    /home/yuki/.local/share/gradle/wrapper/dists/gradle-2.14.1-all/8bnwg5hd3w55iofp58khbp6yv/gradle-2.14.1/lib/plugins/maven-settings-builder-3.0.4.jar
7f225a6e1000-7f225a6e2000 r--s 00002000 08:04 3943917                    /home/yuki/.local/share/gradle/wrapper/dists/gradle-2.14.1-all/8bnwg5hd3w55iofp58khbp6yv/gradle-2.14.1/lib/plugins/wagon-http-2.4.jar
7f225a6e2000-7f225a6e4000 r--s 00026000 08:04 3943916                    /home/yuki/.local/share/gradle/wrapper/dists/gradle-2.14.1-all/8bnwg5hd3w55iofp58khbp6yv/gradle-2.14.1/lib/plugins/maven-model-3.0.4.jar
7f225a6e4000-7f225a6e6000 r--s 00006000 08:04 3943915                    /home/yuki/.local/share/gradle/wrapper/dists/gradle-2.14.1-all/8bnwg5hd3w55iofp58khbp6yv/gradle-2.14.1/lib/plugins/aether-connector-wagon-1.13.1.jar
7f225a6e6000-7f225a6e8000 r--s 0000a000 08:04 3943914                    /home/yuki/.local/share/gradle/wrapper/dists/gradle-2.14.1-all/8bnwg5hd3w55iofp58khbp6yv/gradle-2.14.1/lib/plugins/plexus-classworlds-2.4.jar
7f225a6e8000-7f225a6ea000 r--s 00006000 08:04 3943913                    /home/yuki/.local/share/gradle/wrapper/dists/gradle-2.14.1-all/8bnwg5hd3w55iofp58khbp6yv/gradle-2.14.1/lib/plugins/maven-repository-metadata-3.0.4.jar
7f225a6ea000-7f225a6ec000 r--s 0000c000 08:04 3943912                    /home/yuki/.local/share/gradle/wrapper/dists/gradle-2.14.1-all/8bnwg5hd3w55iofp58khbp6yv/gradle-2.14.1/lib/plugins/maven-aether-provider-3.0.4.jar
7f225a6ec000-7f225a6ee000 r--s 0000b000 08:04 3943911                    /home/yuki/.local/share/gradle/wrapper/dists/gradle-2.14.1-all/8bnwg5hd3w55iofp58khbp6yv/gradle-2.14.1/lib/plugins/wagon-provider-api-2.4.jar
7f225a6ee000-7f225a6ef000 r--s 00003000 08:04 3943910                    /home/yuki/.local/share/gradle/wrapper/dists/gradle-2.14.1-all/8bnwg5hd3w55iofp58khbp6yv/gradle-2.14.1/lib/plugins/aether-spi-1.13.1.jar
7f225a6ef000-7f225a6f3000 r--s 0001c000 08:04 3943909                    /home/yuki/.local/share/gradle/wrapper/dists/gradle-2.14.1-all/8bnwg5hd3w55iofp58khbp6yv/gradle-2.14.1/lib/plugins/aether-util-1.13.1.jar
7f225a6f3000-7f225a6f6000 r--s 0001d000 08:04 3943908                    /home/yuki/.local/share/gradle/wrapper/dists/gradle-2.14.1-all/8bnwg5hd3w55iofp58khbp6yv/gradle-2.14.1/lib/plugins/aether-impl-1.13.1.jar
7f225a6f6000-7f225a6f7000 r--s 00006000 08:04 3943907                    /home/yuki/.local/share/gradle/wrapper/dists/gradle-2.14.1-all/8bnwg5hd3w55iofp58khbp6yv/gradle-2.14.1/lib/plugins/plexus-sec-dispatcher-1.3.jar
7f225a6f7000-7f225a6fc000 r--s 00040000 08:04 3943893                    /home/yuki/.local/share/gradle/wrapper/dists/gradle-2.14.1-all/8bnwg5hd3w55iofp58khbp6yv/gradle-2.14.1/lib/plugins/jsch-0.1.53.jar
7f225a6fc000-7f225a73c000 r--s 00277000 08:04 3943903                    /home/yuki/.local/share/gradle/wrapper/dists/gradle-2.14.1-all/8bnwg5hd3w55iofp58khbp6yv/gradle-2.14.1/lib/plugins/bcprov-jdk15on-1.51.jar
7f225a73c000-7f225a748000 r--s 0007d000 08:04 3943879                    /home/yuki/.local/share/gradle/wrapper/dists/gradle-2.14.1-all/8bnwg5hd3w55iofp58khbp6yv/gradle-2.14.1/lib/plugins/maven-core-3.0.4.jar
7f225a748000-7f225a74d000 r--s 0002a000 08:04 3943886                    /home/yuki/.local/share/gradle/wrapper/dists/gradle-2.14.1-all/8bnwg5hd3w55iofp58khbp6yv/gradle-2.14.1/lib/plugins/gson-2.2.4.jar
7f225a74d000-7f225a769000 r--s 000d3000 08:04 3943868                    /home/yuki/.local/share/gradle/wrapper/dists/gradle-2.14.1-all/8bnwg5hd3w55iofp58khbp6yv/gradle-2.14.1/lib/plugins/gradle-dependency-management-2.14.1.jar
7f225a769000-7f225a772000 r-xp 00000000 08:04 1060988                    /usr/lib/jvm/java-8-openjdk-amd64/jre/lib/amd64/libmanagement.so
7f225a772000-7f225a971000 ---p 00009000 08:04 1060988                    /usr/lib/jvm/java-8-openjdk-amd64/jre/lib/amd64/libmanagement.so
7f225a971000-7f225a972000 r--p 00008000 08:04 1060988                    /usr/lib/jvm/java-8-openjdk-amd64/jre/lib/amd64/libmanagement.so
7f225a972000-7f225a973000 rw-p 00009000 08:04 1060988                    /usr/lib/jvm/java-8-openjdk-amd64/jre/lib/amd64/libmanagement.so
7f225a973000-7f225a988000 r-xp 00000000 08:04 845310                     /tmp/jna2203915681140400729.tmp
7f225a988000-7f225aa87000 ---p 00015000 08:04 845310                     /tmp/jna2203915681140400729.tmp
7f225aa87000-7f225aa89000 rw-p 00014000 08:04 845310                     /tmp/jna2203915681140400729.tmp
7f225aa89000-7f225aaae000 r-xp 00000000 08:04 267439                     /lib/x86_64-linux-gnu/libtinfo.so.5.9
7f225aaae000-7f225acad000 ---p 00025000 08:04 267439                     /lib/x86_64-linux-gnu/libtinfo.so.5.9
7f225acad000-7f225acb1000 r--p 00024000 08:04 267439                     /lib/x86_64-linux-gnu/libtinfo.so.5.9
7f225acb1000-7f225acb2000 rw-p 00028000 08:04 267439                     /lib/x86_64-linux-gnu/libtinfo.so.5.9
7f225acb2000-7f225acd3000 r-xp 00000000 08:04 267349                     /lib/x86_64-linux-gnu/libncurses.so.5.9
7f225acd3000-7f225aed2000 ---p 00021000 08:04 267349                     /lib/x86_64-linux-gnu/libncurses.so.5.9
7f225aed2000-7f225aed3000 r--p 00020000 08:04 267349                     /lib/x86_64-linux-gnu/libncurses.so.5.9
7f225aed3000-7f225aed4000 rw-p 00021000 08:04 267349                     /lib/x86_64-linux-gnu/libncurses.so.5.9
7f225aed4000-7f225aed8000 r--s 0001d000 08:04 3943902                    /home/yuki/.local/share/gradle/wrapper/dists/gradle-2.14.1-all/8bnwg5hd3w55iofp58khbp6yv/gradle-2.14.1/lib/plugins/xbean-reflect-3.4.jar
7f225aed8000-7f225aee7000 r--s 000d9000 08:04 3943901                    /home/yuki/.local/share/gradle/wrapper/dists/gradle-2.14.1-all/8bnwg5hd3w55iofp58khbp6yv/gradle-2.14.1/lib/plugins/ivy-2.2.0.jar
7f225aee7000-7f225aeee000 r--s 00000000 08:04 1314568                    /usr/lib/x86_64-linux-gnu/gconv/gconv-modules.cache
7f225aeee000-7f225aef1000 r-xp 00000000 08:04 3169459                    /home/yuki/.local/share/gradle/native/19/linux-amd64/libnative-platform-curses.so
7f225aef1000-7f225b0f1000 ---p 00003000 08:04 3169459                    /home/yuki/.local/share/gradle/native/19/linux-amd64/libnative-platform-curses.so
7f225b0f1000-7f225b0f2000 rw-p 00003000 08:04 3169459                    /home/yuki/.local/share/gradle/native/19/linux-amd64/libnative-platform-curses.so
7f225b0f2000-7f225b0f6000 r-xp 00000000 08:04 3169457                    /home/yuki/.local/share/gradle/native/19/linux-amd64/libnative-platform.so
7f225b0f6000-7f225b2f5000 ---p 00004000 08:04 3169457                    /home/yuki/.local/share/gradle/native/19/linux-amd64/libnative-platform.so
7f225b2f5000-7f225b2f6000 rw-p 00003000 08:04 3169457                    /home/yuki/.local/share/gradle/native/19/linux-amd64/libnative-platform.so
7f225b2f6000-7f225b2f8000 r--s 00005000 08:04 3943778                    /home/yuki/.local/share/gradle/wrapper/dists/gradle-2.14.1-all/8bnwg5hd3w55iofp58khbp6yv/gradle-2.14.1/lib/gradle-wrapper-2.14.1.jar
7f225b2f8000-7f225b306000 r--s 0004f000 08:04 3943785                    /home/yuki/.local/share/gradle/wrapper/dists/gradle-2.14.1-all/8bnwg5hd3w55iofp58khbp6yv/gradle-2.14.1/lib/gradle-tooling-api-2.14.1.jar
7f225b306000-7f225b308000 r--s 00002000 08:04 3943805                    /home/yuki/.local/share/gradle/wrapper/dists/gradle-2.14.1-all/8bnwg5hd3w55iofp58khbp6yv/gradle-2.14.1/lib/gradle-open-api-2.14.1.jar
7f225b308000-7f225b30e000 r--s 00032000 08:04 3943807                    /home/yuki/.local/share/gradle/wrapper/dists/gradle-2.14.1-all/8bnwg5hd3w55iofp58khbp6yv/gradle-2.14.1/lib/jaxen-1.1.jar
7f225b30e000-7f225b313000 r--s 00048000 08:04 3943806                    /home/yuki/.local/share/gradle/wrapper/dists/gradle-2.14.1-all/8bnwg5hd3w55iofp58khbp6yv/gradle-2.14.1/lib/dom4j-1.6.1.jar
7f225b313000-7f225b31e000 r--s 00059000 08:04 3943784                    /home/yuki/.local/share/gradle/wrapper/dists/gradle-2.14.1-all/8bnwg5hd3w55iofp58khbp6yv/gradle-2.14.1/lib/gradle-ui-2.14.1.jar
7f225b31e000-7f225b321000 r--s 0000b000 08:04 3943803                    /home/yuki/.local/share/gradle/wrapper/dists/gradle-2.14.1-all/8bnwg5hd3w55iofp58khbp6yv/gradle-2.14.1/lib/gradle-resources-2.14.1.jar
7f225b321000-7f225b323000 r--s 00003000 08:04 3943815                    /home/yuki/.local/share/gradle/wrapper/dists/gradle-2.14.1-all/8bnwg5hd3w55iofp58khbp6yv/gradle-2.14.1/lib/jcl-over-slf4j-1.7.10.jar
7f225b323000-7f225b324000 r--s 00005000 08:04 3943814                    /home/yuki/.local/share/gradle/wrapper/dists/gradle-2.14.1-all/8bnwg5hd3w55iofp58khbp6yv/gradle-2.14.1/lib/log4j-over-slf4j-1.7.10.jar
7f225b324000-7f225b326000 r--s 00000000 08:04 3943813                    /home/yuki/.local/share/gradle/wrapper/dists/gradle-2.14.1-all/8bnwg5hd3w55iofp58khbp6yv/gradle-2.14.1/lib/jul-to-slf4j-1.7.10.jar
7f225b326000-7f225b337000 r-xp 00000000 08:04 1060991                    /usr/lib/jvm/java-8-openjdk-amd64/jre/lib/amd64/libnio.so
7f225b337000-7f225b537000 ---p 00011000 08:04 1060991                    /usr/lib/jvm/java-8-openjdk-amd64/jre/lib/amd64/libnio.so
7f225b537000-7f225b538000 r--p 00011000 08:04 1060991                    /usr/lib/jvm/java-8-openjdk-amd64/jre/lib/amd64/libnio.so
7f225b538000-7f225b539000 rw-p 00012000 08:04 1060991                    /usr/lib/jvm/java-8-openjdk-amd64/jre/lib/amd64/libnio.so
7f225b539000-7f225c000000 r--p 00000000 08:04 1056825                    /usr/lib/locale/locale-archive
7f225c000000-7f225c021000 rw-p 00000000 00:00 0 
7f225c021000-7f2260000000 ---p 00000000 00:00 0 
7f2260000000-7f2260021000 rw-p 00000000 00:00 0 
7f2260021000-7f2264000000 ---p 00000000 00:00 0 
7f2264000000-7f2264021000 rw-p 00000000 00:00 0 
7f2264021000-7f2268000000 ---p 00000000 00:00 0 
7f2268000000-7f2268297000 rw-p 00000000 00:00 0 
7f2268297000-7f226c000000 ---p 00000000 00:00 0 
7f226c000000-7f226c021000 rw-p 00000000 00:00 0 
7f226c021000-7f2270000000 ---p 00000000 00:00 0 
7f2270000000-7f2270005000 r--s 0001c000 08:04 3943802                    /home/yuki/.local/share/gradle/wrapper/dists/gradle-2.14.1-all/8bnwg5hd3w55iofp58khbp6yv/gradle-2.14.1/lib/gradle-logging-2.14.1.jar
7f2270005000-7f2270007000 r--s 00007000 08:04 3943826                    /home/yuki/.local/share/gradle/wrapper/dists/gradle-2.14.1-all/8bnwg5hd3w55iofp58khbp6yv/gradle-2.14.1/lib/objenesis-1.2.jar
7f2270007000-7f2270009000 r--s 00000000 08:04 3943825                    /home/yuki/.local/share/gradle/wrapper/dists/gradle-2.14.1-all/8bnwg5hd3w55iofp58khbp6yv/gradle-2.14.1/lib/minlog-1.2.jar
7f2270009000-7f227000b000 r--s 0000f000 08:04 3943824                    /home/yuki/.local/share/gradle/wrapper/dists/gradle-2.14.1-all/8bnwg5hd3w55iofp58khbp6yv/gradle-2.14.1/lib/reflectasm-1.07-shaded.jar
7f227000b000-7f227000f000 r--s 00026000 08:04 3943812                    /home/yuki/.local/share/gradle/wrapper/dists/gradle-2.14.1-all/8bnwg5hd3w55iofp58khbp6yv/gradle-2.14.1/lib/kryo-2.20.jar
7f227000f000-7f2270015000 r--s 00025000 08:04 3943801                    /home/yuki/.local/share/gradle/wrapper/dists/gradle-2.14.1-all/8bnwg5hd3w55iofp58khbp6yv/gradle-2.14.1/lib/gradle-messaging-2.14.1.jar
7f2270015000-7f2270016000 r--s 00003000 08:04 3943823                    /home/yuki/.local/share/gradle/wrapper/dists/gradle-2.14.1-all/8bnwg5hd3w55iofp58khbp6yv/gradle-2.14.1/lib/native-platform-freebsd-amd64-0.10.jar
7f2270016000-7f2270017000 r--s 00003000 08:04 3943822                    /home/yuki/.local/share/gradle/wrapper/dists/gradle-2.14.1-all/8bnwg5hd3w55iofp58khbp6yv/gradle-2.14.1/lib/native-platform-freebsd-i386-0.10.jar
7f2270017000-7f2270018000 r--s 00005000 08:04 3943821                    /home/yuki/.local/share/gradle/wrapper/dists/gradle-2.14.1-all/8bnwg5hd3w55iofp58khbp6yv/gradle-2.14.1/lib/native-platform-windows-i386-0.10.jar
7f2270018000-7f2270019000 r--s 00005000 08:04 3943820                    /home/yuki/.local/share/gradle/wrapper/dists/gradle-2.14.1-all/8bnwg5hd3w55iofp58khbp6yv/gradle-2.14.1/lib/native-platform-windows-amd64-0.10.jar
7f2270019000-7f227001a000 r--s 00003000 08:04 3943819                    /home/yuki/.local/share/gradle/wrapper/dists/gradle-2.14.1-all/8bnwg5hd3w55iofp58khbp6yv/gradle-2.14.1/lib/native-platform-linux-i386-0.10.jar
7f227001a000-7f227001b000 r--s 00003000 08:04 3943818                    /home/yuki/.local/share/gradle/wrapper/dists/gradle-2.14.1-all/8bnwg5hd3w55iofp58khbp6yv/gradle-2.14.1/lib/native-platform-linux-amd64-0.10.jar
7f227001b000-7f227001c000 r--s 00002000 08:04 3943817                    /home/yuki/.local/share/gradle/wrapper/dists/gradle-2.14.1-all/8bnwg5hd3w55iofp58khbp6yv/gradle-2.14.1/lib/native-platform-osx-amd64-0.10.jar
7f227001c000-7f227001d000 r--s 00002000 08:04 3943816                    /home/yuki/.local/share/gradle/wrapper/dists/gradle-2.14.1-all/8bnwg5hd3w55iofp58khbp6yv/gradle-2.14.1/lib/native-platform-osx-i386-0.10.jar
7f227001d000-7f227001f000 r--s 00008000 08:04 3943810                    /home/yuki/.local/share/gradle/wrapper/dists/gradle-2.14.1-all/8bnwg5hd3w55iofp58khbp6yv/gradle-2.14.1/lib/jansi-1.2.1.jar
7f227001f000-7f2270022000 r--s 0000d000 08:04 3943809                    /home/yuki/.local/share/gradle/wrapper/dists/gradle-2.14.1-all/8bnwg5hd3w55iofp58khbp6yv/gradle-2.14.1/lib/native-platform-0.10.jar
7f2270022000-7f2270026000 r--s 000e4000 08:04 3943808                    /home/yuki/.local/share/gradle/wrapper/dists/gradle-2.14.1-all/8bnwg5hd3w55iofp58khbp6yv/gradle-2.14.1/lib/jna-3.2.7.jar
7f2270026000-7f2270028000 r--s 00009000 08:04 3943786                    /home/yuki/.local/share/gradle/wrapper/dists/gradle-2.14.1-all/8bnwg5hd3w55iofp58khbp6yv/gradle-2.14.1/lib/gradle-native-2.14.1.jar
7f2270028000-7f227002a000 r--s 00005000 08:04 3943783                    /home/yuki/.local/share/gradle/wrapper/dists/gradle-2.14.1-all/8bnwg5hd3w55iofp58khbp6yv/gradle-2.14.1/lib/gradle-cli-2.14.1.jar
7f227002a000-7f227002c000 r--s 00007000 08:04 3943793                    /home/yuki/.local/share/gradle/wrapper/dists/gradle-2.14.1-all/8bnwg5hd3w55iofp58khbp6yv/gradle-2.14.1/lib/gradle-model-groovy-2.14.1.jar
7f227002c000-7f227002d000 r--s 00006000 08:04 3943800                    /home/yuki/.local/share/gradle/wrapper/dists/gradle-2.14.1-all/8bnwg5hd3w55iofp58khbp6yv/gradle-2.14.1/lib/gradle-base-services-groovy-2.14.1.jar
7f227002d000-7f227003c000 r--s 00080000 08:04 3943792                    /home/yuki/.local/share/gradle/wrapper/dists/gradle-2.14.1-all/8bnwg5hd3w55iofp58khbp6yv/gradle-2.14.1/lib/gradle-model-core-2.14.1.jar
7f227003c000-7f227003d000 r--s 00002000 08:04 3943804                    /home/yuki/.local/share/gradle/wrapper/dists/gradle-2.14.1-all/8bnwg5hd3w55iofp58khbp6yv/gradle-2.14.1/lib/gradle-docs-2.14.1.jar
7f227003d000-7f227003e000 r--s 00000000 08:04 3943799                    /home/yuki/.local/share/gradle/wrapper/dists/gradle-2.14.1-all/8bnwg5hd3w55iofp58khbp6yv/gradle-2.14.1/lib/javax.inject-1.jar
7f227003e000-7f227003f000 r--s 00000000 08:04 3943798                    /home/yuki/.local/share/gradle/wrapper/dists/gradle-2.14.1-all/8bnwg5hd3w55iofp58khbp6yv/gradle-2.14.1/lib/jcip-annotations-1.0.jar
7f227003f000-7f2270043000 r--s 00027000 08:04 3943797                    /home/yuki/.local/share/gradle/wrapper/dists/gradle-2.14.1-all/8bnwg5hd3w55iofp58khbp6yv/gradle-2.14.1/lib/commons-io-2.2.jar
7f2270043000-7f2270050000 r--s 00083000 08:04 3943796                    /home/yuki/.local/share/gradle/wrapper/dists/gradle-2.14.1-all/8bnwg5hd3w55iofp58khbp6yv/gradle-2.14.1/lib/commons-collections-3.2.2.jar
7f2270050000-7f2270055000 r--s 00038000 08:04 3943794                    /home/yuki/.local/share/gradle/wrapper/dists/gradle-2.14.1-all/8bnwg5hd3w55iofp58khbp6yv/gradle-2.14.1/lib/asm-all-5.1.jar
7f2270055000-7f22700c4000 r--s 0063e000 08:04 3943791                    /home/yuki/.local/share/gradle/wrapper/dists/gradle-2.14.1-all/8bnwg5hd3w55iofp58khbp6yv/gradle-2.14.1/lib/groovy-all-2.4.4.jar
7f22700c4000-7f22700c5000 r--s 00001000 08:04 3943790                    /home/yuki/.local/share/gradle/wrapper/dists/gradle-2.14.1-all/8bnwg5hd3w55iofp58khbp6yv/gradle-2.14.1/lib/gradle-process-services-2.14.1.jar
7f22700c5000-7f22700c6000 r--s 00000000 08:04 3943781                    /home/yuki/.local/share/gradle/wrapper/dists/gradle-2.14.1-all/8bnwg5hd3w55iofp58khbp6yv/gradle-2.14.1/lib/gradle-jvm-services-2.14.1.jar
7f22700c6000-7f22700cb000 r--s 00041000 08:04 3943789                    /home/yuki/.local/share/gradle/wrapper/dists/gradle-2.14.1-all/8bnwg5hd3w55iofp58khbp6yv/gradle-2.14.1/lib/commons-lang-2.6.jar
7f22700cb000-7f22700f3000 r--s 001cf000 08:04 3943788                    /home/yuki/.local/share/gradle/wrapper/dists/gradle-2.14.1-all/8bnwg5hd3w55iofp58khbp6yv/gradle-2.14.1/lib/guava-jdk5-17.0.jar
7f22700f3000-7f2270112000 r--s 001d1000 08:04 3943795                    /home/yuki/.local/share/gradle/wrapper/dists/gradle-2.14.1-all/8bnwg5hd3w55iofp58khbp6yv/gradle-2.14.1/lib/ant-1.9.6.jar
7f2270112000-7f227011a000 r--s 0003a000 08:04 3943780                    /home/yuki/.local/share/gradle/wrapper/dists/gradle-2.14.1-all/8bnwg5hd3w55iofp58khbp6yv/gradle-2.14.1/lib/gradle-base-services-2.14.1.jar
7f227011a000-7f2270151000 r--s 001bd000 08:04 3943782                    /home/yuki/.local/share/gradle/wrapper/dists/gradle-2.14.1-all/8bnwg5hd3w55iofp58khbp6yv/gradle-2.14.1/lib/gradle-core-2.14.1.jar
7f2270151000-7f227015c000 r--s 00051000 08:04 3943777                    /home/yuki/.local/share/gradle/wrapper/dists/gradle-2.14.1-all/8bnwg5hd3w55iofp58khbp6yv/gradle-2.14.1/lib/gradle-launcher-2.14.1.jar
7f227015c000-7f2270173000 r-xp 00000000 08:04 1060990                    /usr/lib/jvm/java-8-openjdk-amd64/jre/lib/amd64/libnet.so
7f2270173000-7f2270372000 ---p 00017000 08:04 1060990                    /usr/lib/jvm/java-8-openjdk-amd64/jre/lib/amd64/libnet.so
7f2270372000-7f2270373000 r--p 00016000 08:04 1060990                    /usr/lib/jvm/java-8-openjdk-amd64/jre/lib/amd64/libnet.so
7f2270373000-7f2270374000 rw-p 00017000 08:04 1060990                    /usr/lib/jvm/java-8-openjdk-amd64/jre/lib/amd64/libnet.so
7f2270374000-7f2270379000 r--s 0009a000 08:04 1064012                    /usr/lib/jvm/java-8-openjdk-amd64/jre/lib/jsse.jar
7f2270379000-7f2270383000 r--s 00116000 08:04 1063995                    /usr/lib/jvm/java-8-openjdk-amd64/jre/lib/ext/localedata.jar
7f2270383000-7f227039e000 r--s 001d6000 08:04 1063996                    /usr/lib/jvm/java-8-openjdk-amd64/jre/lib/ext/nashorn.jar
7f227039e000-7f22703b9000 r--s 00394000 08:04 1061012                    /usr/lib/jvm/java-8-openjdk-amd64/jre/lib/ext/cldrdata.jar
7f22703b9000-7f22703ba000 ---p 00000000 00:00 0 
7f22703ba000-7f22704ba000 rw-p 00000000 00:00 0 
7f22704ba000-7f22704bd000 ---p 00000000 00:00 0 
7f22704bd000-7f22705bb000 rw-p 00000000 00:00 0 
7f22705bb000-7f22705be000 ---p 00000000 00:00 0 
7f22705be000-7f22706bc000 rw-p 00000000 00:00 0 
7f22706bc000-7f22706bf000 ---p 00000000 00:00 0 
7f22706bf000-7f22707bd000 rw-p 00000000 00:00 0 
7f22707bd000-7f22707c0000 ---p 00000000 00:00 0 
7f22707c0000-7f22708be000 rw-p 00000000 00:00 0 
7f22708be000-7f22708c1000 ---p 00000000 00:00 0 
7f22708c1000-7f22709bf000 rw-p 00000000 00:00 0 
7f22709bf000-7f22709c2000 ---p 00000000 00:00 0 
7f22709c2000-7f2270ac0000 rw-p 00000000 00:00 0 
7f2270ac0000-7f2270ac1000 ---p 00000000 00:00 0 
7f2270ac1000-7f22714ca000 rw-p 00000000 00:00 0 
7f22714ca000-7f2271699000 r--s 03c07000 08:04 1064017                    /usr/lib/jvm/java-8-openjdk-amd64/jre/lib/rt.jar
7f2271699000-7f2273ede000 rw-p 00000000 00:00 0 
7f2273ede000-7f2273edf000 ---p 00000000 00:00 0 
7f2273edf000-7f2273fdf000 rw-p 00000000 00:00 0 
7f2273fdf000-7f2273fe0000 ---p 00000000 00:00 0 
7f2273fe0000-7f22740f4000 rw-p 00000000 00:00 0 
7f22740f4000-7f2274220000 ---p 00000000 00:00 0 
7f2274220000-7f2274234000 rw-p 00000000 00:00 0 
7f2274234000-7f227435f000 ---p 00000000 00:00 0 
7f227435f000-7f2274380000 rw-p 00000000 00:00 0 
7f2274380000-7f22743ff000 ---p 00000000 00:00 0 
7f22743ff000-7f2274418000 rw-p 00000000 00:00 0 
7f2274418000-7f22747c0000 ---p 00000000 00:00 0 
7f22747c0000-7f2274d90000 rwxp 00000000 00:00 0 
7f2274d90000-7f22837c0000 ---p 00000000 00:00 0 
7f22837c0000-7f22837c8000 r-xp 00000000 08:04 1060998                    /usr/lib/jvm/java-8-openjdk-amd64/jre/lib/amd64/libzip.so
7f22837c8000-7f22839c7000 ---p 00008000 08:04 1060998                    /usr/lib/jvm/java-8-openjdk-amd64/jre/lib/amd64/libzip.so
7f22839c7000-7f22839c8000 r--p 00007000 08:04 1060998                    /usr/lib/jvm/java-8-openjdk-amd64/jre/lib/amd64/libzip.so
7f22839c8000-7f22839c9000 rw-p 00008000 08:04 1060998                    /usr/lib/jvm/java-8-openjdk-amd64/jre/lib/amd64/libzip.so
7f22839c9000-7f22839d4000 r-xp 00000000 08:04 267366                     /lib/x86_64-linux-gnu/libnss_files-2.24.so
7f22839d4000-7f2283bd3000 ---p 0000b000 08:04 267366                     /lib/x86_64-linux-gnu/libnss_files-2.24.so
7f2283bd3000-7f2283bd4000 r--p 0000a000 08:04 267366                     /lib/x86_64-linux-gnu/libnss_files-2.24.so
7f2283bd4000-7f2283bd5000 rw-p 0000b000 08:04 267366                     /lib/x86_64-linux-gnu/libnss_files-2.24.so
7f2283bd5000-7f2283bdb000 rw-p 00000000 00:00 0 
7f2283bdb000-7f2283be6000 r-xp 00000000 08:04 267377                     /lib/x86_64-linux-gnu/libnss_nis-2.24.so
7f2283be6000-7f2283de5000 ---p 0000b000 08:04 267377                     /lib/x86_64-linux-gnu/libnss_nis-2.24.so
7f2283de5000-7f2283de6000 r--p 0000a000 08:04 267377                     /lib/x86_64-linux-gnu/libnss_nis-2.24.so
7f2283de6000-7f2283de7000 rw-p 0000b000 08:04 267377                     /lib/x86_64-linux-gnu/libnss_nis-2.24.so
7f2283de7000-7f2283dfd000 r-xp 00000000 08:04 267360                     /lib/x86_64-linux-gnu/libnsl-2.24.so
7f2283dfd000-7f2283ffc000 ---p 00016000 08:04 267360                     /lib/x86_64-linux-gnu/libnsl-2.24.so
7f2283ffc000-7f2283ffd000 r--p 00015000 08:04 267360                     /lib/x86_64-linux-gnu/libnsl-2.24.so
7f2283ffd000-7f2283ffe000 rw-p 00016000 08:04 267360                     /lib/x86_64-linux-gnu/libnsl-2.24.so
7f2283ffe000-7f2284000000 rw-p 00000000 00:00 0 
7f2284000000-7f2285413000 rw-p 00000000 00:00 0 
7f2285413000-7f2288000000 ---p 00000000 00:00 0 
7f2288000000-7f2288002000 r--s 0000b000 08:04 3315491                    /home/yuki/.local/src/github.com/acomagu/reor/android/gradle/wrapper/gradle-wrapper.jar
7f2288002000-7f2288070000 rw-p 00000000 00:00 0 
7f2288070000-7f2288078000 r-xp 00000000 08:04 267362                     /lib/x86_64-linux-gnu/libnss_compat-2.24.so
7f2288078000-7f2288277000 ---p 00008000 08:04 267362                     /lib/x86_64-linux-gnu/libnss_compat-2.24.so
7f2288277000-7f2288278000 r--p 00007000 08:04 267362                     /lib/x86_64-linux-gnu/libnss_compat-2.24.so
7f2288278000-7f2288279000 rw-p 00008000 08:04 267362                     /lib/x86_64-linux-gnu/libnss_compat-2.24.so
7f2288279000-7f22882a6000 r-xp 00000000 08:04 1060979                    /usr/lib/jvm/java-8-openjdk-amd64/jre/lib/amd64/libjava.so
7f22882a6000-7f22884a5000 ---p 0002d000 08:04 1060979                    /usr/lib/jvm/java-8-openjdk-amd64/jre/lib/amd64/libjava.so
7f22884a5000-7f22884a6000 r--p 0002c000 08:04 1060979                    /usr/lib/jvm/java-8-openjdk-amd64/jre/lib/amd64/libjava.so
7f22884a6000-7f22884a8000 rw-p 0002d000 08:04 1060979                    /usr/lib/jvm/java-8-openjdk-amd64/jre/lib/amd64/libjava.so
7f22884a8000-7f22884b7000 r-xp 00000000 08:04 1060997                    /usr/lib/jvm/java-8-openjdk-amd64/jre/lib/amd64/libverify.so
7f22884b7000-7f22886b6000 ---p 0000f000 08:04 1060997                    /usr/lib/jvm/java-8-openjdk-amd64/jre/lib/amd64/libverify.so
7f22886b6000-7f22886b8000 r--p 0000e000 08:04 1060997                    /usr/lib/jvm/java-8-openjdk-amd64/jre/lib/amd64/libverify.so
7f22886b8000-7f22886b9000 rw-p 00010000 08:04 1060997                    /usr/lib/jvm/java-8-openjdk-amd64/jre/lib/amd64/libverify.so
7f22886b9000-7f22886c0000 r-xp 00000000 08:04 267421                     /lib/x86_64-linux-gnu/librt-2.24.so
7f22886c0000-7f22888bf000 ---p 00007000 08:04 267421                     /lib/x86_64-linux-gnu/librt-2.24.so
7f22888bf000-7f22888c0000 r--p 00006000 08:04 267421                     /lib/x86_64-linux-gnu/librt-2.24.so
7f22888c0000-7f22888c1000 rw-p 00007000 08:04 267421                     /lib/x86_64-linux-gnu/librt-2.24.so
7f22888c1000-7f22888d7000 r-xp 00000000 08:04 267311                     /lib/x86_64-linux-gnu/libgcc_s.so.1
7f22888d7000-7f2288ad6000 ---p 00016000 08:04 267311                     /lib/x86_64-linux-gnu/libgcc_s.so.1
7f2288ad6000-7f2288ad7000 r--p 00015000 08:04 267311                     /lib/x86_64-linux-gnu/libgcc_s.so.1
7f2288ad7000-7f2288ad8000 rw-p 00016000 08:04 267311                     /lib/x86_64-linux-gnu/libgcc_s.so.1
7f2288ad8000-7f2288be0000 r-xp 00000000 08:04 267339                     /lib/x86_64-linux-gnu/libm-2.24.so
7f2288be0000-7f2288ddf000 ---p 00108000 08:04 267339                     /lib/x86_64-linux-gnu/libm-2.24.so
7f2288ddf000-7f2288de0000 r--p 00107000 08:04 267339                     /lib/x86_64-linux-gnu/libm-2.24.so
7f2288de0000-7f2288de1000 rw-p 00108000 08:04 267339                     /lib/x86_64-linux-gnu/libm-2.24.so
7f2288de1000-7f2288f5a000 r-xp 00000000 08:04 1059430                    /usr/lib/x86_64-linux-gnu/libstdc++.so.6.0.22
7f2288f5a000-7f2289159000 ---p 00179000 08:04 1059430                    /usr/lib/x86_64-linux-gnu/libstdc++.so.6.0.22
7f2289159000-7f2289163000 r--p 00178000 08:04 1059430                    /usr/lib/x86_64-linux-gnu/libstdc++.so.6.0.22
7f2289163000-7f2289165000 rw-p 00182000 08:04 1059430                    /usr/lib/x86_64-linux-gnu/libstdc++.so.6.0.22
7f2289165000-7f2289169000 rw-p 00000000 00:00 0 
7f2289169000-7f2289dbf000 r-xp 00000000 08:04 1061000                    /usr/lib/jvm/java-8-openjdk-amd64/jre/lib/amd64/server/libjvm.so
7f2289dbf000-7f2289fbf000 ---p 00c56000 08:04 1061000                    /usr/lib/jvm/java-8-openjdk-amd64/jre/lib/amd64/server/libjvm.so
7f2289fbf000-7f228a052000 r--p 00c56000 08:04 1061000                    /usr/lib/jvm/java-8-openjdk-amd64/jre/lib/amd64/server/libjvm.so
7f228a052000-7f228a07b000 rw-p 00ce9000 08:04 1061000                    /usr/lib/jvm/java-8-openjdk-amd64/jre/lib/amd64/server/libjvm.so
7f228a07b000-7f228a0ab000 rw-p 00000000 00:00 0 
7f228a0ab000-7f228a0c3000 r-xp 00000000 08:04 267413                     /lib/x86_64-linux-gnu/libpthread-2.24.so
7f228a0c3000-7f228a2c3000 ---p 00018000 08:04 267413                     /lib/x86_64-linux-gnu/libpthread-2.24.so
7f228a2c3000-7f228a2c4000 r--p 00018000 08:04 267413                     /lib/x86_64-linux-gnu/libpthread-2.24.so
7f228a2c4000-7f228a2c5000 rw-p 00019000 08:04 267413                     /lib/x86_64-linux-gnu/libpthread-2.24.so
7f228a2c5000-7f228a2c9000 rw-p 00000000 00:00 0 
7f228a2c9000-7f228a2cc000 r-xp 00000000 08:04 267297                     /lib/x86_64-linux-gnu/libdl-2.24.so
7f228a2cc000-7f228a4cb000 ---p 00003000 08:04 267297                     /lib/x86_64-linux-gnu/libdl-2.24.so
7f228a4cb000-7f228a4cc000 r--p 00002000 08:04 267297                     /lib/x86_64-linux-gnu/libdl-2.24.so
7f228a4cc000-7f228a4cd000 rw-p 00003000 08:04 267297                     /lib/x86_64-linux-gnu/libdl-2.24.so
7f228a4cd000-7f228a4e8000 r-xp 00000000 08:04 267454                     /lib/x86_64-linux-gnu/libz.so.1.2.11
7f228a4e8000-7f228a6e7000 ---p 0001b000 08:04 267454                     /lib/x86_64-linux-gnu/libz.so.1.2.11
7f228a6e7000-7f228a6e8000 r--p 0001a000 08:04 267454                     /lib/x86_64-linux-gnu/libz.so.1.2.11
7f228a6e8000-7f228a6e9000 rw-p 0001b000 08:04 267454                     /lib/x86_64-linux-gnu/libz.so.1.2.11
7f228a6e9000-7f228a8a6000 r-xp 00000000 08:04 267273                     /lib/x86_64-linux-gnu/libc-2.24.so
7f228a8a6000-7f228aaa6000 ---p 001bd000 08:04 267273                     /lib/x86_64-linux-gnu/libc-2.24.so
7f228aaa6000-7f228aaaa000 r--p 001bd000 08:04 267273                     /lib/x86_64-linux-gnu/libc-2.24.so
7f228aaaa000-7f228aaac000 rw-p 001c1000 08:04 267273                     /lib/x86_64-linux-gnu/libc-2.24.so
7f228aaac000-7f228aab0000 rw-p 00000000 00:00 0 
7f228aab0000-7f228aabd000 r-xp 00000000 08:04 1060965                    /usr/lib/jvm/java-8-openjdk-amd64/jre/lib/amd64/jli/libjli.so
7f228aabd000-7f228acbd000 ---p 0000d000 08:04 1060965                    /usr/lib/jvm/java-8-openjdk-amd64/jre/lib/amd64/jli/libjli.so
7f228acbd000-7f228acbe000 r--p 0000d000 08:04 1060965                    /usr/lib/jvm/java-8-openjdk-amd64/jre/lib/amd64/jli/libjli.so
7f228acbe000-7f228acbf000 rw-p 0000e000 08:04 1060965                    /usr/lib/jvm/java-8-openjdk-amd64/jre/lib/amd64/jli/libjli.so
7f228acbf000-7f228ace4000 r-xp 00000000 08:04 267245                     /lib/x86_64-linux-gnu/ld-2.24.so
7f228ace4000-7f228ace5000 r--s 00007000 08:04 3943787                    /home/yuki/.local/share/gradle/wrapper/dists/gradle-2.14.1-all/8bnwg5hd3w55iofp58khbp6yv/gradle-2.14.1/lib/slf4j-api-1.7.10.jar
7f228ace5000-7f228acea000 r--s 0003b000 08:04 1063998                    /usr/lib/jvm/java-8-openjdk-amd64/jre/lib/ext/sunjce_provider.jar
7f228acea000-7f228adc2000 rw-p 00000000 00:00 0 
7f228adc2000-7f228adc5000 ---p 00000000 00:00 0 
7f228adc5000-7f228aec7000 rw-p 00000000 00:00 0 
7f228aec7000-7f228aec8000 r--s 00004000 08:04 3943811                    /home/yuki/.local/share/gradle/wrapper/dists/gradle-2.14.1-all/8bnwg5hd3w55iofp58khbp6yv/gradle-2.14.1/lib/ant-launcher-1.9.6.jar
7f228aec8000-7f228aec9000 r--s 00010000 08:04 1064000                    /usr/lib/jvm/java-8-openjdk-amd64/jre/lib/ext/zipfs.jar
7f228aec9000-7f228aecb000 r--s 00001000 08:04 1063992                    /usr/lib/jvm/java-8-openjdk-amd64/jre/lib/ext/dnsns.jar
7f228aecb000-7f228aecd000 r--s 00008000 08:04 1063997                    /usr/lib/jvm/java-8-openjdk-amd64/jre/lib/ext/sunec.jar
7f228aecd000-7f228aed0000 r--s 0000f000 08:04 1063993                    /usr/lib/jvm/java-8-openjdk-amd64/jre/lib/ext/icedtea-sound.jar
7f228aed0000-7f228aed2000 r--s 00007000 08:04 1456705                    /usr/share/java/java-atk-wrapper.jar
7f228aed2000-7f228aed3000 r--s 0000a000 08:04 1063994                    /usr/lib/jvm/java-8-openjdk-amd64/jre/lib/ext/jaccess.jar
7f228aed3000-7f228aed7000 r--s 00037000 08:04 1063999                    /usr/lib/jvm/java-8-openjdk-amd64/jre/lib/ext/sunpkcs11.jar
7f228aed7000-7f228aedf000 rw-s 00000000 08:04 843549                     /tmp/hsperfdata_yuki/29250
7f228aedf000-7f228aee0000 rw-p 00000000 00:00 0 
7f228aee0000-7f228aee1000 ---p 00000000 00:00 0 
7f228aee1000-7f228aee4000 rw-p 00000000 00:00 0 
7f228aee4000-7f228aee5000 r--p 00025000 08:04 267245                     /lib/x86_64-linux-gnu/ld-2.24.so
7f228aee5000-7f228aee6000 rw-p 00026000 08:04 267245                     /lib/x86_64-linux-gnu/ld-2.24.so
7f228aee6000-7f228aee7000 rw-p 00000000 00:00 0 
7ffce1781000-7ffce17a3000 rw-p 00000000 00:00 0                          [stack]
7ffce17a5000-7ffce17a7000 r--p 00000000 00:00 0                          [vvar]
7ffce17a7000-7ffce17a9000 r-xp 00000000 00:00 0                          [vdso]
ffffffffff600000-ffffffffff601000 r-xp 00000000 00:00 0                  [vsyscall]

VM Arguments:
jvm_args: -Dorg.gradle.appname=gradlew 
java_command: org.gradle.wrapper.GradleWrapperMain installDebug
java_class_path (initial): /home/yuki/.local/src/github.com/acomagu/reor/android/gradle/wrapper/gradle-wrapper.jar
Launcher Type: SUN_STANDARD

Environment Variables:
PATH=/home/yuki/.local/share/rbenv/shims:/home/yuki/.local/share/rbenv/shims:/home/yuki/.local/share/rbenv/shims:/home/yuki/.rbenv/shims:/home/yuki/.local/bin:/usr/local/sbin:/usr/local/bin:/usr/sbin:/usr/bin:/sbin:/bin:/usr/games:/usr/local/games:/snap/bin:/home/yuki/.local/opt/android-studio/bin:/home/yuki/.local/bin:/home/yuki/.local/share/rbenv/shims:/home/yuki/.local/share/android-sdk/platform-tools:/home/yuki/.local/opt/android-studio/bin:/home/yuki/.local/bin:/home/yuki/.local/share/rbenv/shims:/home/yuki/.local/share/android-sdk/platform-tools
USERNAME=yuki
SHELL=/bin/bash
DISPLAY=:0

Signal Handlers:
SIGSEGV: [libjvm.so+0xa6d630], sa_mask[0]=11111111011111111101111111111110, sa_flags=SA_RESTART|SA_SIGINFO
SIGBUS: [libjvm.so+0xa6d630], sa_mask[0]=11111111011111111101111111111110, sa_flags=SA_RESTART|SA_SIGINFO
SIGFPE: [libjvm.so+0x8b7230], sa_mask[0]=11111111011111111101111111111110, sa_flags=SA_RESTART|SA_SIGINFO
SIGPIPE: [libjvm.so+0x8b7230], sa_mask[0]=11111111011111111101111111111110, sa_flags=SA_RESTART|SA_SIGINFO
SIGXFSZ: [libjvm.so+0x8b7230], sa_mask[0]=11111111011111111101111111111110, sa_flags=SA_RESTART|SA_SIGINFO
SIGILL: [libjvm.so+0x8b7230], sa_mask[0]=11111111011111111101111111111110, sa_flags=SA_RESTART|SA_SIGINFO
SIGUSR1: SIG_DFL, sa_mask[0]=00000000000000000000000000000000, sa_flags=none
SIGUSR2: [libjvm.so+0x8b70e0], sa_mask[0]=00000000000000000000000000000000, sa_flags=SA_RESTART|SA_SIGINFO
SIGHUP: [libjvm.so+0x8b7590], sa_mask[0]=11111111011111111101111111111110, sa_flags=SA_RESTART|SA_SIGINFO
SIGINT: [libjvm.so+0x8b7590], sa_mask[0]=11111111011111111101111111111110, sa_flags=SA_RESTART|SA_SIGINFO
SIGTERM: [libjvm.so+0x8b7590], sa_mask[0]=11111111011111111101111111111110, sa_flags=SA_RESTART|SA_SIGINFO
SIGQUIT: [libjvm.so+0x8b7590], sa_mask[0]=11111111011111111101111111111110, sa_flags=SA_RESTART|SA_SIGINFO


---------------  S Y S T E M  ---------------

OS:DISTRIB_ID=Ubuntu
DISTRIB_RELEASE=17.04
DISTRIB_CODENAME=zesty
DISTRIB_DESCRIPTION="Ubuntu 17.04"

uname:Linux 4.10.0-21-generic #23-Ubuntu SMP Fri Apr 28 16:14:22 UTC 2017 x86_64
libc:glibc 2.24 NPTL 2.24 
rlimit: STACK 8192k, CORE 0k, NPROC 14991, NOFILE 4096, AS infinity
load average:8.94 3.20 1.60

/proc/meminfo:
MemTotal:        3923268 kB
MemFree:           96756 kB
MemAvailable:      18308 kB
Buffers:             308 kB
Cached:           294700 kB
SwapCached:         1236 kB
Active:          2884920 kB
Inactive:         600208 kB
Active(anon):    2867840 kB
Inactive(anon):   583580 kB
Active(file):      17080 kB
Inactive(file):    16628 kB
Unevictable:        1952 kB
Mlocked:            1952 kB
SwapTotal:       2097148 kB
SwapFree:              0 kB
Dirty:                 0 kB
Writeback:            28 kB
AnonPages:       3191328 kB
Mapped:            56448 kB
Shmem:            261224 kB
Slab:             149588 kB
SReclaimable:      58140 kB
SUnreclaim:        91448 kB
KernelStack:       18480 kB
PageTables:        99616 kB
NFS_Unstable:          0 kB
Bounce:                0 kB
WritebackTmp:          0 kB
CommitLimit:     4058780 kB
Committed_AS:   15928964 kB
VmallocTotal:   34359738367 kB
VmallocUsed:           0 kB
VmallocChunk:          0 kB
HardwareCorrupted:     0 kB
AnonHugePages:    286720 kB
ShmemHugePages:        0 kB
ShmemPmdMapped:        0 kB
CmaTotal:              0 kB
CmaFree:               0 kB
HugePages_Total:       0
HugePages_Free:        0
HugePages_Rsvd:        0
HugePages_Surp:        0
Hugepagesize:       2048 kB
DirectMap4k:      305344 kB
DirectMap2M:     3768320 kB


CPU:total 2 (initial active 2) (2 cores per cpu, 1 threads per core) family 6 model 55 stepping 8, cmov, cx8, fxsr, mmx, sse, sse2, sse3, ssse3, sse4.1, sse4.2, popcnt, clmul, erms, 3dnowpref, tsc, tscinvbit

/proc/cpuinfo:
processor	: 0
vendor_id	: GenuineIntel
cpu family	: 6
model		: 55
model name	: Intel(R) Celeron(R) CPU  N2840  @ 2.16GHz
stepping	: 8
microcode	: 0x829
cpu MHz		: 2582.198
cache size	: 1024 KB
physical id	: 0
siblings	: 2
core id		: 0
cpu cores	: 2
apicid		: 0
initial apicid	: 0
fpu		: yes
fpu_exception	: yes
cpuid level	: 11
wp		: yes
flags		: fpu vme de pse tsc msr pae mce cx8 apic sep mtrr pge mca cmov pat pse36 clflush dts acpi mmx fxsr sse sse2 ss ht tm pbe syscall nx rdtscp lm constant_tsc arch_perfmon pebs bts rep_good nopl xtopology tsc_reliable nonstop_tsc aperfmperf tsc_known_freq pni pclmulqdq dtes64 monitor ds_cpl vmx est tm2 ssse3 cx16 xtpr pdcm sse4_1 sse4_2 movbe popcnt tsc_deadline_timer rdrand lahf_lm 3dnowprefetch epb tpr_shadow vnmi flexpriority ept vpid tsc_adjust smep erms dtherm ida arat
bugs		:
bogomips	: 4331.60
clflush size	: 64
cache_alignment	: 64
address sizes	: 36 bits physical, 48 bits virtual
power management:

processor	: 1
vendor_id	: GenuineIntel
cpu family	: 6
model		: 55
model name	: Intel(R) Celeron(R) CPU  N2840  @ 2.16GHz
stepping	: 8
microcode	: 0x829
cpu MHz		: 2582.198
cache size	: 1024 KB
physical id	: 0
siblings	: 2
core id		: 1
cpu cores	: 2
apicid		: 2
initial apicid	: 2
fpu		: yes
fpu_exception	: yes
cpuid level	: 11
wp		: yes
flags		: fpu vme de pse tsc msr pae mce cx8 apic sep mtrr pge mca cmov pat pse36 clflush dts acpi mmx fxsr sse sse2 ss ht tm pbe syscall nx rdtscp lm constant_tsc arch_perfmon pebs bts rep_good nopl xtopology tsc_reliable nonstop_tsc aperfmperf tsc_known_freq pni pclmulqdq dtes64 monitor ds_cpl vmx est tm2 ssse3 cx16 xtpr pdcm sse4_1 sse4_2 movbe popcnt tsc_deadline_timer rdrand lahf_lm 3dnowprefetch epb tpr_shadow vnmi flexpriority ept vpid tsc_adjust smep erms dtherm ida arat
bugs		:
bogomips	: 4331.60
clflush size	: 64
cache_alignment	: 64
address sizes	: 36 bits physical, 48 bits virtual
power management:



Memory: 4k page, physical 3923268k(96756k free), swap 2097148k(0k free)

vm_info: OpenJDK 64-Bit Server VM (25.131-b11) for linux-amd64 JRE (1.8.0_131-8u131-b11-0ubuntu1.17.04.1-b11), built on May  2 2017 02:51:42 by "buildd" with gcc 6.3.0 20170406

time: Tue Jun 13 14:37:36 2017
elapsed time: 70 seconds (0d 0h 1m 10s)

